\BOOKMARK [1][-]{Abstract.1}{Abstract}{}% 1
\BOOKMARK [1][-]{Zusammenfassung.1}{Zusammenfassung}{}% 2
\BOOKMARK [1][-]{tableofcontents.1}{Contents}{}% 3
\BOOKMARK [0][]{chapter.1}{1 Introduction}{}% 4
\BOOKMARK [0][]{chapter.2}{2 Examples}{}% 5
\BOOKMARK [1][-]{section.2.1}{2.1 A New Section}{chapter.2}% 6
\BOOKMARK [2][-]{subsection.2.1.1}{2.1.1 Test for a Subsection}{section.2.1}% 7
\BOOKMARK [0][]{chapter.3}{3 Math Test Chapter}{}% 8
\BOOKMARK [1][-]{section.3.1}{3.1 Some Formulas}{chapter.3}% 9
\BOOKMARK [0][]{appendix.A}{A Appendix}{}% 10
\BOOKMARK [1][-]{section.A.1}{A.1 Math}{appendix.A}% 11
\BOOKMARK [1][-]{section.A.2}{A.2 Chemistry}{appendix.A}% 12
\BOOKMARK [1][-]{section.A.3}{A.3 List of Figures}{appendix.A}% 13
\BOOKMARK [1][-]{section.A.4}{A.4 List of Tables}{appendix.A}% 14
\BOOKMARK [1][-]{lot.1}{List of Tables}{appendix.A}% 15
\BOOKMARK [1][-]{section.A.5}{A.5 Listings}{appendix.A}% 16
\BOOKMARK [1][-]{lol.1}{Listings}{appendix.A}% 17
\BOOKMARK [1][-]{acronyms.1}{Acronyms}{appendix.A}% 18
\BOOKMARK [0][]{dummy.6}{Bibliography}{}% 19
\BOOKMARK [0][]{declaration.0}{Declaration}{}% 20
