This is pdfTeX, Version 3.14159265-2.6-1.40.15 (TeX Live 2015/dev/Debian) (preloaded format=pdflatex 2016.11.16)  26 JAN 2017 13:46
entering extended mode
 restricted \write18 enabled.
 %&-line parsing enabled.
**scifile.tex
(./scifile.tex
LaTeX2e <2014/05/01>
Babel <3.9l> and hyphenation patterns for 32 languages loaded.
(/usr/share/texlive/texmf-dist/tex/latex/base/article.cls
Document Class: article 2014/09/29 v1.4h Standard LaTeX document class
(/usr/share/texlive/texmf-dist/tex/latex/base/size12.clo
File: size12.clo 2014/09/29 v1.4h Standard LaTeX file (size option)
)
\c@part=\count79
\c@section=\count80
\c@subsection=\count81
\c@subsubsection=\count82
\c@paragraph=\count83
\c@subparagraph=\count84
\c@figure=\count85
\c@table=\count86
\abovecaptionskip=\skip41
\belowcaptionskip=\skip42
\bibindent=\dimen102
)
(/usr/share/texlive/texmf-dist/tex/latex/amsmath/amsmath.sty
Package: amsmath 2013/01/14 v2.14 AMS math features
\@mathmargin=\skip43

For additional information on amsmath, use the `?' option.
(/usr/share/texlive/texmf-dist/tex/latex/amsmath/amstext.sty
Package: amstext 2000/06/29 v2.01

(/usr/share/texlive/texmf-dist/tex/latex/amsmath/amsgen.sty
File: amsgen.sty 1999/11/30 v2.0
\@emptytoks=\toks14
\ex@=\dimen103
))
(/usr/share/texlive/texmf-dist/tex/latex/amsmath/amsbsy.sty
Package: amsbsy 1999/11/29 v1.2d
\pmbraise@=\dimen104
)
(/usr/share/texlive/texmf-dist/tex/latex/amsmath/amsopn.sty
Package: amsopn 1999/12/14 v2.01 operator names
)
\inf@bad=\count87
LaTeX Info: Redefining \frac on input line 210.
\uproot@=\count88
\leftroot@=\count89
LaTeX Info: Redefining \overline on input line 306.
\classnum@=\count90
\DOTSCASE@=\count91
LaTeX Info: Redefining \ldots on input line 378.
LaTeX Info: Redefining \dots on input line 381.
LaTeX Info: Redefining \cdots on input line 466.
\Mathstrutbox@=\box26
\strutbox@=\box27
\big@size=\dimen105
LaTeX Font Info:    Redeclaring font encoding OML on input line 566.
LaTeX Font Info:    Redeclaring font encoding OMS on input line 567.
\macc@depth=\count92
\c@MaxMatrixCols=\count93
\dotsspace@=\muskip10
\c@parentequation=\count94
\dspbrk@lvl=\count95
\tag@help=\toks15
\row@=\count96
\column@=\count97
\maxfields@=\count98
\andhelp@=\toks16
\eqnshift@=\dimen106
\alignsep@=\dimen107
\tagshift@=\dimen108
\tagwidth@=\dimen109
\totwidth@=\dimen110
\lineht@=\dimen111
\@envbody=\toks17
\multlinegap=\skip44
\multlinetaggap=\skip45
\mathdisplay@stack=\toks18
LaTeX Info: Redefining \[ on input line 2665.
LaTeX Info: Redefining \] on input line 2666.
)
(/usr/share/texlive/texmf-dist/tex/latex/siunitx/siunitx.sty
(/usr/share/texlive/texmf-dist/tex/latex/l3kernel/expl3.sty
Package: expl3 2014/09/15 v5423 L3 programming layer (loader) 

(/usr/share/texlive/texmf-dist/tex/latex/l3kernel/expl3-code.tex
Package: expl3 2014/09/15 v5423 L3 programming layer (code) 
L3 Module: l3bootstrap 2014/08/23 v5354 L3 Bootstrap code

(/usr/share/texlive/texmf-dist/tex/latex/etex-pkg/etex.sty
Package: etex 1998/03/26 v2.0 eTeX basic definition package (PEB)
\et@xins=\count99
)
L3 Module: l3names 2014/08/22 v5343 L3 Namespace for primitives
L3 Module: l3basics 2014/08/24 v5364 L3 Basic definitions
L3 Module: l3expan 2014/08/22 v5349 L3 Argument expansion
L3 Module: l3tl 2014/08/24 v5359 L3 Token lists
L3 Module: l3str 2014/08/24 v5368 L3 Strings
L3 Module: l3seq 2014/08/23 v5354 L3 Sequences and stacks
L3 Module: l3int 2014/09/14 v5421 L3 Integers
\c_max_int=\count100
\l_tmpa_int=\count101
\l_tmpb_int=\count102
\g_tmpa_int=\count103
\g_tmpb_int=\count104
L3 Module: l3quark 2014/08/23 v5354 L3 Quarks
L3 Module: l3prg 2014/08/23 v5354 L3 Control structures
\g__prg_map_int=\count105
L3 Module: l3clist 2014/08/23 v5354 L3 Comma separated lists
L3 Module: l3token 2014/09/15 v5422 L3 Experimental token manipulation
L3 Module: l3prop 2014/08/23 v5354 L3 Property lists
L3 Module: l3msg 2014/08/24 v5358 L3 Messages
L3 Module: l3file 2014/08/24 v5369 L3 File and I/O operations
\l_iow_line_count_int=\count106
\l__iow_target_count_int=\count107
\l__iow_current_line_int=\count108
\l__iow_current_word_int=\count109
\l__iow_current_indentation_int=\count110
L3 Module: l3skip 2014/08/23 v5354 L3 Dimensions and skips
\c_zero_dim=\dimen112
\c_max_dim=\dimen113
\l_tmpa_dim=\dimen114
\l_tmpb_dim=\dimen115
\g_tmpa_dim=\dimen116
\g_tmpb_dim=\dimen117
\c_zero_skip=\skip46
\c_max_skip=\skip47
\l_tmpa_skip=\skip48
\l_tmpb_skip=\skip49
\g_tmpa_skip=\skip50
\g_tmpb_skip=\skip51
\c_zero_muskip=\muskip11
\c_max_muskip=\muskip12
\l_tmpa_muskip=\muskip13
\l_tmpb_muskip=\muskip14
\g_tmpa_muskip=\muskip15
\g_tmpb_muskip=\muskip16
L3 Module: l3keys 2014/08/23 v5354 L3 Key-value interfaces
\g__keyval_level_int=\count111
\l_keys_choice_int=\count112
L3 Module: l3fp 2014/08/22 v5336 L3 Floating points
\c__fp_leading_shift_int=\count113
\c__fp_middle_shift_int=\count114
\c__fp_trailing_shift_int=\count115
\c__fp_big_leading_shift_int=\count116
\c__fp_big_middle_shift_int=\count117
\c__fp_big_trailing_shift_int=\count118
\c__fp_Bigg_leading_shift_int=\count119
\c__fp_Bigg_middle_shift_int=\count120
\c__fp_Bigg_trailing_shift_int=\count121
L3 Module: l3box 2014/08/23 v5354 L3 Experimental boxes
\c_empty_box=\box28
\l_tmpa_box=\box29
\l_tmpb_box=\box30
\g_tmpa_box=\box31
\g_tmpb_box=\box32
L3 Module: l3coffins 2014/08/23 v5354 L3 Coffin code layer
\l__coffin_internal_box=\box33
\l__coffin_internal_dim=\dimen118
\l__coffin_offset_x_dim=\dimen119
\l__coffin_offset_y_dim=\dimen120
\l__coffin_x_dim=\dimen121
\l__coffin_y_dim=\dimen122
\l__coffin_x_prime_dim=\dimen123
\l__coffin_y_prime_dim=\dimen124
\c_empty_coffin=\box34
\l__coffin_aligned_coffin=\box35
\l__coffin_aligned_internal_coffin=\box36
\l_tmpa_coffin=\box37
\l_tmpb_coffin=\box38
\l__coffin_display_coffin=\box39
\l__coffin_display_coord_coffin=\box40
\l__coffin_display_pole_coffin=\box41
\l__coffin_display_offset_dim=\dimen125
\l__coffin_display_x_dim=\dimen126
\l__coffin_display_y_dim=\dimen127
L3 Module: l3color 2014/08/23 v5354 L3 Experimental color support
L3 Module: l3candidates 2014/08/24 v5366 L3 Experimental additions to l3kernel
\l__box_top_dim=\dimen128
\l__box_bottom_dim=\dimen129
\l__box_left_dim=\dimen130
\l__box_right_dim=\dimen131
\l__box_top_new_dim=\dimen132
\l__box_bottom_new_dim=\dimen133
\l__box_left_new_dim=\dimen134
\l__box_right_new_dim=\dimen135
\l__box_internal_box=\box42
\l__coffin_bounding_shift_dim=\dimen136
\l__coffin_left_corner_dim=\dimen137
\l__coffin_right_corner_dim=\dimen138
\l__coffin_bottom_corner_dim=\dimen139
\l__coffin_top_corner_dim=\dimen140
\l__coffin_scaled_total_height_dim=\dimen141
\l__coffin_scaled_width_dim=\dimen142
)
(/usr/share/texlive/texmf-dist/tex/latex/l3kernel/l3unicode-data.def
File: l3unicode-data.def 2014/08/12 v5276 L3 Unicode data
)
(/usr/share/texlive/texmf-dist/tex/latex/l3kernel/l3pdfmode.def
File: l3pdfmode.def 2014/08/24 v5366 L3 Experimental driver: PDF mode
\l__driver_color_stack_int=\count122
))
(/usr/share/texlive/texmf-dist/tex/latex/l3packages/xparse/xparse.sty
Package: xparse 2014/09/15 v5423 L3 Experimental document command parser
\l__xparse_current_arg_int=\count123
\l__xparse_m_args_int=\count124
\l__xparse_mandatory_args_int=\count125
\l__xparse_processor_int=\count126
\l__xparse_v_nesting_int=\count127
)
Package: siunitx 2014/10/01 v2.6c A comprehensive (SI) units package

(/usr/share/texlive/texmf-dist/tex/latex/tools/array.sty
Package: array 2014/10/28 v2.4c Tabular extension package (FMi)
\col@sep=\dimen143
\extrarowheight=\dimen144
\NC@list=\toks19
\extratabsurround=\skip52
\backup@length=\skip53
)
(/usr/share/texlive/texmf-dist/tex/latex/l3packages/l3keys2e/l3keys2e.sty
Package: l3keys2e 2014/09/15 v5423 LaTeX2e option processing using LaTeX3 keys
)
Variant \tl_if_blank:VTF already defined; not changing it on line 50
\l__siunitx_tmp_box=\box43
\l__siunitx_tmp_dim=\dimen145
\l__siunitx_tmp_int=\count128
Variant \prop_get:NVNT already defined; not changing it on line 372
Variant \prop_get:NVNF already defined; not changing it on line 373
Variant \prop_get:NVNTF already defined; not changing it on line 374
\l__siunitx_number_mantissa_length_int=\count129
\l__siunitx_number_uncert_length_int=\count130
\l__siunitx_round_int=\count131
\l__siunitx_process_decimal_int=\count132
\l__siunitx_process_uncertainty_int=\count133
\l__siunitx_process_fixed_int=\count134
\l__siunitx_process_integer_min_int=\count135
\l__siunitx_process_precision_int=\count136
\l__siunitx_group_min_int=\count137
\l__siunitx_angle_marker_box=\box44
\l__siunitx_angle_unit_box=\box45
\l__siunitx_angle_marker_dim=\dimen146
\l__siunitx_angle_unit_dim=\dimen147
\l__siunitx_unit_int=\count138
\l__siunitx_unit_denominator_int=\count139
\l__siunitx_unit_numerator_int=\count140
\l__siunitx_unit_prefix_int=\count141
\l__siunitx_unit_prefix_base_int=\count142
\l__siunitx_unit_prefix_gram_int=\count143
\l__siunitx_number_product_int=\count144
\c__siunitx_one_fill_skip=\skip54
\l__siunitx_table_unit_align_skip=\skip55
\l__siunitx_table_exponent_dim=\dimen148
\l__siunitx_table_integer_dim=\dimen149
\l__siunitx_table_mantissa_dim=\dimen150
\l__siunitx_table_marker_dim=\dimen151
\l__siunitx_table_result_dim=\dimen152
\l__siunitx_table_uncert_dim=\dimen153
\l__siunitx_table_fill_pre_dim=\dimen154
\l__siunitx_table_fill_post_dim=\dimen155
\l__siunitx_table_fill_mid_dim=\dimen156
\l__siunitx_table_pre_box=\box46
\l__siunitx_table_post_box=\box47
\l__siunitx_table_mantissa_box=\box48
\l__siunitx_table_result_box=\box49
\l__siunitx_table_number_align_skip=\skip56
\l__siunitx_table_text_align_skip=\skip57
.................................................
. LaTeX info: "xparse/define-command"
. 
. Defining command \DeclareBinaryPrefix with sig. 'mmm' on line 7168.
.................................................
.................................................
. LaTeX info: "xparse/define-command"
. 
. Defining command \DeclareSIPostPower with sig. 'mm' on line 7171.
.................................................
.................................................
. LaTeX info: "xparse/define-command"
. 
. Defining command \DeclareSIPrefix with sig. 'mmm' on line 7174.
.................................................
.................................................
. LaTeX info: "xparse/define-command"
. 
. Defining command \DeclareSIPrePower with sig. 'mm' on line 7177.
.................................................
.................................................
. LaTeX info: "xparse/define-command"
. 
. Defining command \DeclareSIQualifier with sig. 'mm' on line 7180.
.................................................
.................................................
. LaTeX info: "xparse/define-command"
. 
. Defining command \DeclareSIUnit with sig. 'O{}mm' on line 7183.
.................................................
.................................................
. LaTeX info: "xparse/define-command"
. 
. Defining command \DeclareSIUnitWithOptions with sig. 'mmm' on line 7186.
.................................................
.................................................
. LaTeX info: "xparse/define-command"
. 
. Defining command \ang with sig. 'o>{\SplitArgument {2}{;}}m' on line 7201.
.................................................
.................................................
. LaTeX info: "xparse/define-command"
. 
. Defining command \num with sig. 'om' on line 7209.
.................................................
.................................................
. LaTeX info: "xparse/define-command"
. 
. Defining command \numlist with sig. 'o>{\SplitList {;}}m' on line 7217.
.................................................
.................................................
. LaTeX info: "xparse/define-command"
. 
. Defining command \numrange with sig. 'omm' on line 7225.
.................................................
.................................................
. LaTeX info: "xparse/define-command"
. 
. Defining command \SIlist with sig. 'o>{\SplitList {;}}mm' on line 7236.
.................................................
.................................................
. LaTeX info: "xparse/define-command"
. 
. Defining command \SIrange with sig. 'ommm' on line 7247.
.................................................
.................................................
. LaTeX info: "xparse/define-command"
. 
. Defining command \SI with sig. 'omom' on line 7258.
.................................................
.................................................
. LaTeX info: "xparse/define-command"
. 
. Defining command \sisetup with sig. 'm' on line 7261.
.................................................
.................................................
. LaTeX info: "xparse/define-command"
. 
. Defining command \tablenum with sig. 'om' on line 7273.
.................................................
.................................................
. LaTeX info: "xparse/define-command"
. 
. Defining command \si with sig. 'om' on line 7284.
.................................................
.................................................
. LaTeX info: "xparse/define-command"
. 
. Defining command \__siunitx_bookmark_num:w with sig. 'om' on line 7331.
.................................................
.................................................
. LaTeX info: "xparse/define-command"
. 
. Defining command \__siunitx_bookmark_numrange:w with sig. 'omm' on line
. 7333.
.................................................
.................................................
. LaTeX info: "xparse/define-command"
. 
. Defining command \__siunitx_bookmark_SI:w with sig. 'omom' on line 7335.
.................................................
.................................................
. LaTeX info: "xparse/define-command"
. 
. Defining command \__siunitx_bookmark_SIlist:w with sig. 'omm' on line 7337.
.................................................
.................................................
. LaTeX info: "xparse/define-command"
. 
. Defining command \__siunitx_bookmark_SIrange:w with sig. 'ommm' on line
. 7339.
.................................................
.................................................
. LaTeX info: "xparse/define-command"
. 
. Defining command \__siunitx_bookmark_si:w with sig. 'om' on line 7340.
.................................................
\g__file_internal_ior=\read1

(/usr/share/texlive/texmf-dist/tex/latex/beamer/translator/translator.sty
Package: translator 2010/06/12 ver 1.10

(/usr/share/texlive/texmf-dist/tex/latex/graphics/keyval.sty
Package: keyval 2014/05/08 v1.15 key=value parser (DPC)
\KV@toks@=\toks20
)
(/usr/share/texlive/texmf-dist/tex/latex/beamer/translator/translator-language-
mappings.tex))) (/usr/share/texlive/texmf-dist/tex/latex/hyperref/hyperref.sty
Package: hyperref 2012/11/06 v6.83m Hypertext links for LaTeX

(/usr/share/texlive/texmf-dist/tex/generic/oberdiek/hobsub-hyperref.sty
Package: hobsub-hyperref 2012/05/28 v1.13 Bundle oberdiek, subset hyperref (HO)


(/usr/share/texlive/texmf-dist/tex/generic/oberdiek/hobsub-generic.sty
Package: hobsub-generic 2012/05/28 v1.13 Bundle oberdiek, subset generic (HO)
Package: hobsub 2012/05/28 v1.13 Construct package bundles (HO)
Package: infwarerr 2010/04/08 v1.3 Providing info/warning/error messages (HO)
Package: ltxcmds 2011/11/09 v1.22 LaTeX kernel commands for general use (HO)
Package: ifluatex 2010/03/01 v1.3 Provides the ifluatex switch (HO)
Package ifluatex Info: LuaTeX not detected.
Package: ifvtex 2010/03/01 v1.5 Detect VTeX and its facilities (HO)
Package ifvtex Info: VTeX not detected.
Package: intcalc 2007/09/27 v1.1 Expandable calculations with integers (HO)
Package: ifpdf 2011/01/30 v2.3 Provides the ifpdf switch (HO)
Package ifpdf Info: pdfTeX in PDF mode is detected.
Package: etexcmds 2011/02/16 v1.5 Avoid name clashes with e-TeX commands (HO)
Package etexcmds Info: Could not find \expanded.
(etexcmds)             That can mean that you are not using pdfTeX 1.50 or
(etexcmds)             that some package has redefined \expanded.
(etexcmds)             In the latter case, load this package earlier.
Package: kvsetkeys 2012/04/25 v1.16 Key value parser (HO)
Package: kvdefinekeys 2011/04/07 v1.3 Define keys (HO)
Package: pdftexcmds 2011/11/29 v0.20 Utility functions of pdfTeX for LuaTeX (HO
)
Package pdftexcmds Info: LuaTeX not detected.
Package pdftexcmds Info: \pdf@primitive is available.
Package pdftexcmds Info: \pdf@ifprimitive is available.
Package pdftexcmds Info: \pdfdraftmode found.
Package: pdfescape 2011/11/25 v1.13 Implements pdfTeX's escape features (HO)
Package: bigintcalc 2012/04/08 v1.3 Expandable calculations on big integers (HO
)
Package: bitset 2011/01/30 v1.1 Handle bit-vector datatype (HO)
Package: uniquecounter 2011/01/30 v1.2 Provide unlimited unique counter (HO)
)
Package hobsub Info: Skipping package `hobsub' (already loaded).
Package: letltxmacro 2010/09/02 v1.4 Let assignment for LaTeX macros (HO)
Package: hopatch 2012/05/28 v1.2 Wrapper for package hooks (HO)
Package: xcolor-patch 2011/01/30 xcolor patch
Package: atveryend 2011/06/30 v1.8 Hooks at the very end of document (HO)
Package atveryend Info: \enddocument detected (standard20110627).
Package: atbegshi 2011/10/05 v1.16 At begin shipout hook (HO)
Package: refcount 2011/10/16 v3.4 Data extraction from label references (HO)
Package: hycolor 2011/01/30 v1.7 Color options for hyperref/bookmark (HO)
)
(/usr/share/texlive/texmf-dist/tex/generic/ifxetex/ifxetex.sty
Package: ifxetex 2010/09/12 v0.6 Provides ifxetex conditional
)
(/usr/share/texlive/texmf-dist/tex/latex/oberdiek/auxhook.sty
Package: auxhook 2011/03/04 v1.3 Hooks for auxiliary files (HO)
)
(/usr/share/texlive/texmf-dist/tex/latex/oberdiek/kvoptions.sty
Package: kvoptions 2011/06/30 v3.11 Key value format for package options (HO)
)
\@linkdim=\dimen157
\Hy@linkcounter=\count145
\Hy@pagecounter=\count146

(/usr/share/texlive/texmf-dist/tex/latex/hyperref/pd1enc.def
File: pd1enc.def 2012/11/06 v6.83m Hyperref: PDFDocEncoding definition (HO)
)
\Hy@SavedSpaceFactor=\count147

(/usr/share/texlive/texmf-dist/tex/latex/latexconfig/hyperref.cfg
File: hyperref.cfg 2002/06/06 v1.2 hyperref configuration of TeXLive
)
Package hyperref Info: Option `colorlinks' set `true' on input line 4319.
Package hyperref Info: Hyper figures OFF on input line 4443.
Package hyperref Info: Link nesting OFF on input line 4448.
Package hyperref Info: Hyper index ON on input line 4451.
Package hyperref Info: Plain pages OFF on input line 4458.
Package hyperref Info: Backreferencing OFF on input line 4463.
Package hyperref Info: Implicit mode ON; LaTeX internals redefined.
Package hyperref Info: Bookmarks ON on input line 4688.
\c@Hy@tempcnt=\count148

(/usr/share/texlive/texmf-dist/tex/latex/url/url.sty
\Urlmuskip=\muskip17
Package: url 2013/09/16  ver 3.4  Verb mode for urls, etc.
)
LaTeX Info: Redefining \url on input line 5041.
\XeTeXLinkMargin=\dimen158
\Fld@menulength=\count149
\Field@Width=\dimen159
\Fld@charsize=\dimen160
Package hyperref Info: Hyper figures OFF on input line 6295.
Package hyperref Info: Link nesting OFF on input line 6300.
Package hyperref Info: Hyper index ON on input line 6303.
Package hyperref Info: backreferencing OFF on input line 6310.
Package hyperref Info: Link coloring ON on input line 6313.
Package hyperref Info: Link coloring with OCG OFF on input line 6320.
Package hyperref Info: PDF/A mode OFF on input line 6325.
LaTeX Info: Redefining \ref on input line 6365.
LaTeX Info: Redefining \pageref on input line 6369.
\Hy@abspage=\count150
\c@Item=\count151
\c@Hfootnote=\count152
)

Package hyperref Message: Driver (autodetected): hpdftex.

(/usr/share/texlive/texmf-dist/tex/latex/hyperref/hpdftex.def
File: hpdftex.def 2012/11/06 v6.83m Hyperref driver for pdfTeX
\Fld@listcount=\count153
\c@bookmark@seq@number=\count154

(/usr/share/texlive/texmf-dist/tex/latex/oberdiek/rerunfilecheck.sty
Package: rerunfilecheck 2011/04/15 v1.7 Rerun checks for auxiliary files (HO)
Package uniquecounter Info: New unique counter `rerunfilecheck' on input line 2
82.
)
\Hy@SectionHShift=\skip58
)
(/usr/share/texlive/texmf-dist/tex/latex/float/float.sty
Package: float 2001/11/08 v1.3d Float enhancements (AL)
\c@float@type=\count155
\float@exts=\toks21
\float@box=\box50
\@float@everytoks=\toks22
\@floatcapt=\box51
)
(/usr/share/texlive/texmf-dist/tex/latex/natbib/natbib.sty
Package: natbib 2010/09/13 8.31b (PWD, AO)
\bibhang=\skip59
\bibsep=\skip60
LaTeX Info: Redefining \cite on input line 694.
\c@NAT@ctr=\count156
)
(/usr/share/texlive/texmf-dist/tex/latex/graphics/graphicx.sty
Package: graphicx 2014/04/25 v1.0g Enhanced LaTeX Graphics (DPC,SPQR)

(/usr/share/texlive/texmf-dist/tex/latex/graphics/graphics.sty
Package: graphics 2009/02/05 v1.0o Standard LaTeX Graphics (DPC,SPQR)

(/usr/share/texlive/texmf-dist/tex/latex/graphics/trig.sty
Package: trig 1999/03/16 v1.09 sin cos tan (DPC)
)
(/usr/share/texlive/texmf-dist/tex/latex/latexconfig/graphics.cfg
File: graphics.cfg 2010/04/23 v1.9 graphics configuration of TeX Live
)
Package graphics Info: Driver file: pdftex.def on input line 91.

(/usr/share/texlive/texmf-dist/tex/latex/pdftex-def/pdftex.def
File: pdftex.def 2011/05/27 v0.06d Graphics/color for pdfTeX
\Gread@gobject=\count157
))
\Gin@req@height=\dimen161
\Gin@req@width=\dimen162
)
(./scifile.aux)
\openout1 = `scifile.aux'.

LaTeX Font Info:    Checking defaults for OML/cmm/m/it on input line 105.
LaTeX Font Info:    ... okay on input line 105.
LaTeX Font Info:    Checking defaults for T1/cmr/m/n on input line 105.
LaTeX Font Info:    ... okay on input line 105.
LaTeX Font Info:    Checking defaults for OT1/cmr/m/n on input line 105.
LaTeX Font Info:    ... okay on input line 105.
LaTeX Font Info:    Checking defaults for OMS/cmsy/m/n on input line 105.
LaTeX Font Info:    ... okay on input line 105.
LaTeX Font Info:    Checking defaults for OMX/cmex/m/n on input line 105.
LaTeX Font Info:    ... okay on input line 105.
LaTeX Font Info:    Checking defaults for U/cmr/m/n on input line 105.
LaTeX Font Info:    ... okay on input line 105.
LaTeX Font Info:    Checking defaults for PD1/pdf/m/n on input line 105.
LaTeX Font Info:    ... okay on input line 105.

(/usr/share/texlive/texmf-dist/tex/latex/beamer/translator/dicts/translator-bas
ic-dictionary/translator-basic-dictionary-English.dict
Dictionary: translator-basic-dictionary, Language: English 
)
(/usr/share/texlive/texmf-dist/tex/latex/siunitx/siunitx-abbreviations.cfg
File: siunitx-abbreviations.cfg 2014/10/01 v2.6c siunitx: Abbreviated units
)
\AtBeginShipoutBox=\box52

(/usr/share/texlive/texmf-dist/tex/latex/graphics/color.sty
Package: color 2014/04/23 v1.1a Standard LaTeX Color (DPC)
LaTeX Info: Redefining \color on input line 76.

(/usr/share/texlive/texmf-dist/tex/latex/latexconfig/color.cfg
File: color.cfg 2007/01/18 v1.5 color configuration of teTeX/TeXLive
)
Package color Info: Driver file: pdftex.def on input line 137.
)
Package hyperref Info: Link coloring ON on input line 105.

(/usr/share/texlive/texmf-dist/tex/latex/hyperref/nameref.sty
Package: nameref 2012/10/27 v2.43 Cross-referencing by name of section

(/usr/share/texlive/texmf-dist/tex/generic/oberdiek/gettitlestring.sty
Package: gettitlestring 2010/12/03 v1.4 Cleanup title references (HO)
)
\c@section@level=\count158
)
LaTeX Info: Redefining \ref on input line 105.
LaTeX Info: Redefining \pageref on input line 105.
LaTeX Info: Redefining \nameref on input line 105.

(./scifile.out) (./scifile.out)
\@outlinefile=\write3
\openout3 = `scifile.out'.


(/usr/share/texlive/texmf-dist/tex/context/base/supp-pdf.mkii
[Loading MPS to PDF converter (version 2006.09.02).]
\scratchcounter=\count159
\scratchdimen=\dimen163
\scratchbox=\box53
\nofMPsegments=\count160
\nofMParguments=\count161
\everyMPshowfont=\toks23
\MPscratchCnt=\count162
\MPscratchDim=\dimen164
\MPnumerator=\count163
\makeMPintoPDFobject=\count164
\everyMPtoPDFconversion=\toks24
) (/usr/share/texlive/texmf-dist/tex/latex/oberdiek/epstopdf-base.sty
Package: epstopdf-base 2010/02/09 v2.5 Base part for package epstopdf

(/usr/share/texlive/texmf-dist/tex/latex/oberdiek/grfext.sty
Package: grfext 2010/08/19 v1.1 Manage graphics extensions (HO)
)
Package grfext Info: Graphics extension search list:
(grfext)             [.png,.pdf,.jpg,.mps,.jpeg,.jbig2,.jb2,.PNG,.PDF,.JPG,.JPE
G,.JBIG2,.JB2,.eps]
(grfext)             \AppendGraphicsExtensions on input line 452.

(/usr/share/texlive/texmf-dist/tex/latex/latexconfig/epstopdf-sys.cfg
File: epstopdf-sys.cfg 2010/07/13 v1.3 Configuration of (r)epstopdf for TeX Liv
e
))
\c__siunitx_mathsf_int=\count165
\c__siunitx_mathtt_int=\count166

Overfull \hbox (3.59306pt too wide) in paragraph at lines 115--115
 [][] 
 []

LaTeX Font Info:    Try loading font information for OMS+cmr on input line 120.

(/usr/share/texlive/texmf-dist/tex/latex/base/omscmr.fd
File: omscmr.fd 2014/09/29 v2.5h Standard LaTeX font definitions
)
LaTeX Font Info:    Font shape `OMS/cmr/m/n' in size <12> not available
(Font)              Font shape `OMS/cmsy/m/n' tried instead on input line 120.
 [1

{/var/lib/texmf/fonts/map/pdftex/updmap/pdftex.map}] [2] [3] [4] [5]
Overfull \hbox (12.16971pt too wide) in paragraph at lines 186--186
[]\OT1/cmr/bx/n/17.28 Results I: His-tor-i-cal evo-lu-tion of the South-ern Oce
an
 []


</home/mpim/m300524/MSc_Thesis/gfx/co2flux_SO_timeseries_ym_mar-feb_35S_1980_20
15_trend_8.pdf, id=134, 614.295pt x 794.97pt>
File: /home/mpim/m300524/MSc_Thesis/gfx/co2flux_SO_timeseries_ym_mar-feb_35S_19
80_2015_trend_8.pdf Graphic file (type pdf)

<use /home/mpim/m300524/MSc_Thesis/gfx/co2flux_SO_timeseries_ym_mar-feb_35S_198
0_2015_trend_8.pdf>
Package pdftex.def Info: /home/mpim/m300524/MSc_Thesis/gfx/co2flux_SO_timeserie
s_ym_mar-feb_35S_1980_2015_trend_8.pdf used on input line 191.
(pdftex.def)             Requested size: 212.67079pt x 437.23485pt.


LaTeX Warning: Reference `fig:heatmap' on page 6 undefined on input line 196.

[6] [7pdfTeX warning (ext4): destination with the same identifier (name{figure.
1}) has been already used, duplicate ignored

\AtBegShi@Output ...ipout \box \AtBeginShipoutBox 
                                                  \fi \fi 
l.206 
       </home/mpim/m300524/MSc_Thesis/gfx/co2flux_SO_timeseries_ym_mar-feb_35S_
1980_2015_trend_8.pdf>]
</home/mpim/m300524/MSc_Thesis/gfx/Overview_SO_co2flux_intpp_ens_t1990s.pdf, id
=160, 614.295pt x 794.97pt>
File: /home/mpim/m300524/MSc_Thesis/gfx/Overview_SO_co2flux_intpp_ens_t1990s.pd
f Graphic file (type pdf)

<use /home/mpim/m300524/MSc_Thesis/gfx/Overview_SO_co2flux_intpp_ens_t1990s.pdf
>
Package pdftex.def Info: /home/mpim/m300524/MSc_Thesis/gfx/Overview_SO_co2flux_
intpp_ens_t1990s.pdf used on input line 211.
(pdftex.def)             Requested size: 450.38017pt x 154.61276pt.
File: /home/mpim/m300524/MSc_Thesis/gfx/Overview_SO_co2flux_intpp_ens_t1990s.pd
f Graphic file (type pdf)

<use /home/mpim/m300524/MSc_Thesis/gfx/Overview_SO_co2flux_intpp_ens_t1990s.pdf
>
Package pdftex.def Info: /home/mpim/m300524/MSc_Thesis/gfx/Overview_SO_co2flux_
intpp_ens_t1990s.pdf used on input line 212.
(pdftex.def)             Requested size: 450.38017pt x 176.52136pt.


LaTeX Warning: `h' float specifier changed to `ht'.

[8] [9pdfTeX warning (ext4): destination with the same identifier (name{figure.
2}) has been already used, duplicate ignored

\AtBegShi@Output ...ipout \box \AtBeginShipoutBox 
                                                  \fi \fi 
l.227 
       </home/mpim/m300524/MSc_Thesis/gfx/Overview_SO_co2flux_intpp_ens_t1990s.
pdf>]
</home/mpim/m300524/MSc_Thesis/gfx/co2flux.png, id=190, 1232.605pt x 314.17375p
t>
File: /home/mpim/m300524/MSc_Thesis/gfx/co2flux.png Graphic file (type png)
 <use /home/mpim/m300524/MSc_Thesis/gfx/co2flux.png>
Package pdftex.def Info: /home/mpim/m300524/MSc_Thesis/gfx/co2flux.png used on 
input line 230.
(pdftex.def)             Requested size: 208.46292pt x 133.67343pt.

</home/mpim/m300524/MSc_Thesis/gfx/intpp.png, id=192, 1249.66875pt x 249.93375p
t>
File: /home/mpim/m300524/MSc_Thesis/gfx/intpp.png Graphic file (type png)
 <use /home/mpim/m300524/MSc_Thesis/gfx/intpp.png>
Package pdftex.def Info: /home/mpim/m300524/MSc_Thesis/gfx/intpp.png used on in
put line 231.
(pdftex.def)             Requested size: 217.848pt x 134.33421pt.

</home/mpim/m300524/MSc_Thesis/gfx/nutrient_limitation.png, id=194, 924.45375pt
 x 177.32227pt>
File: /home/mpim/m300524/MSc_Thesis/gfx/nutrient_limitation.png Graphic file (t
ype png)

<use /home/mpim/m300524/MSc_Thesis/gfx/nutrient_limitation.png>
Package pdftex.def Info: /home/mpim/m300524/MSc_Thesis/gfx/nutrient_limitation.
png used on input line 232.
(pdftex.def)             Requested size: 223.86931pt x 132.99136pt.

</home/mpim/m300524/MSc_Thesis/gfx/zmld.png, id=196, 1178.90437pt x 225.00557pt
>
File: /home/mpim/m300524/MSc_Thesis/gfx/zmld.png Graphic file (type png)
 <use /home/mpim/m300524/MSc_Thesis/gfx/zmld.png>
Package pdftex.def Info: /home/mpim/m300524/MSc_Thesis/gfx/zmld.png used on inp
ut line 233.
(pdftex.def)             Requested size: 194.57655pt x 123.75343pt.

Underfull \hbox (badness 10000) in paragraph at lines 230--234
[][] []
 []

[10pdfTeX warning (ext4): destination with the same identifier (name{figure.3})
 has been already used, duplicate ignored

\AtBegShi@Output ...ipout \box \AtBeginShipoutBox 
                                                  \fi \fi 
l.240 
       </home/mpim/m300524/MSc_Thesis/gfx/co2flux.png> </home/mpim/m300524/MSc_
Thesis/gfx/intpp.png> </home/mpim/m300524/MSc_Thesis/gfx/nutrient_limitation.pn
g> </home/mpim/m300524/MSc_Thesis/gfx/zmld.png (PNG copy)>]
</home/mpim/m300524/MSc_Thesis/gfx/seasonality_intpp_zmld_area50.pdf, id=216, 6
14.295pt x 794.97pt>
File: /home/mpim/m300524/MSc_Thesis/gfx/seasonality_intpp_zmld_area50.pdf Graph
ic file (type pdf)

<use /home/mpim/m300524/MSc_Thesis/gfx/seasonality_intpp_zmld_area50.pdf>
Package pdftex.def Info: /home/mpim/m300524/MSc_Thesis/gfx/seasonality_intpp_zm
ld_area50.pdf used on input line 250.
(pdftex.def)             Requested size: 368.57983pt x 289.19606pt.


LaTeX Warning: `h' float specifier changed to `ht'.

[11]
</home/mpim/m300524/MSc_Thesis/gfx/m182_1988_1995_positive_trend_8_schwerpunkt_
mixing_overview.pdf, id=227, 614.295pt x 794.97pt>
File: /home/mpim/m300524/MSc_Thesis/gfx/m182_1988_1995_positive_trend_8_schwerp
unkt_mixing_overview.pdf Graphic file (type pdf)

<use /home/mpim/m300524/MSc_Thesis/gfx/m182_1988_1995_positive_trend_8_schwerpu
nkt_mixing_overview.pdf>
Package pdftex.def Info: /home/mpim/m300524/MSc_Thesis/gfx/m182_1988_1995_posit
ive_trend_8_schwerpunkt_mixing_overview.pdf used on input line 268.
(pdftex.def)             Requested size: 493.13135pt x 187.19167pt.

Overfull \hbox (37.88727pt too wide) in paragraph at lines 268--269
[][]
 []

[12pdfTeX warning (ext4): destination with the same identifier (name{figure.4})
 has been already used, duplicate ignored

\AtBegShi@Output ...ipout \box \AtBeginShipoutBox 
                                                  \fi \fi 
l.271 \end{figure}
                   </home/mpim/m300524/MSc_Thesis/gfx/seasonality_intpp_zmld_ar
ea50.pdf>]
Missing character: There is no â in font cmr12!
Missing character: There is no † in font cmr12!
Missing character: There is no ’ in font cmr12!
Missing character: There is no Â in font cmr12!
Missing character: There is no ° in font cmr12!
Missing character: There is no â in font cmr12!
Missing character: There is no † in font cmr12!
Missing character: There is no ’ in font cmr12!
Missing character: There is no Â in font cmr12!
Missing character: There is no ° in font cmr12!
 [13pdfTeX warning (ext4): destination with the same identifier (name{figure.5}
) has been already used, duplicate ignored

\AtBegShi@Output ...ipout \box \AtBeginShipoutBox 
                                                  \fi \fi 
l.286 \item B
             UT we dont have iron limitation in SO, so this study can be use...
 </home/mpim/m300524/MSc_Thesis/gfx/m182_1988_1995_positive_trend_8_schwerpunkt
_mixing_overview.pdf>] [14] [15] (./scifile.bbl [16]
Underfull \hbox (badness 1721) in paragraph at lines 122--129
[]\OT1/cmr/m/n/12 N. S. Loven-duski and N. Gru-ber.  Im-pact of the south-ern a
n-nu-lar mode on
 []

[17]
Missing character: There is no â in font cmr12!
Missing character: There is no € in font cmr12!
Missing character: There is no “ in font cmr12!
 [18]
Missing character: There is no â in font cmr12!
Missing character: There is no € in font cmr12!
Missing character: There is no “ in font cmr12!
Missing character: There is no ï in font cmr12!
Missing character: There is no ¬ in font cmr12!
Missing character: There is no ‚ in font cmr12!
) [19]
</home/mpim/m300524/MSc_Thesis/gfx/SOCS_temporal_gaussian.png, id=328, 532.9912
6pt x 437.34526pt>
File: /home/mpim/m300524/MSc_Thesis/gfx/SOCS_temporal_gaussian.png Graphic file
 (type png)

<use /home/mpim/m300524/MSc_Thesis/gfx/SOCS_temporal_gaussian.png>
Package pdftex.def Info: /home/mpim/m300524/MSc_Thesis/gfx/SOCS_temporal_gaussi
an.png used on input line 328.
(pdftex.def)             Requested size: 213.19272pt x 174.935pt.

</home/mpim/m300524/MSc_Thesis/gfx/SOCS_spatial_gaussian.png, id=329, 533.74406
pt x 433.62pt>
File: /home/mpim/m300524/MSc_Thesis/gfx/SOCS_spatial_gaussian.png Graphic file 
(type png)

<use /home/mpim/m300524/MSc_Thesis/gfx/SOCS_spatial_gaussian.png>
Package pdftex.def Info: /home/mpim/m300524/MSc_Thesis/gfx/SOCS_spatial_gaussia
n.png used on input line 329.
(pdftex.def)             Requested size: 213.49384pt x 173.44492pt.

</home/mpim/m300524/MSc_Thesis/gfx/dpco2_separation.png, id=330, 765.6103pt x 2
45.12196pt>
File: /home/mpim/m300524/MSc_Thesis/gfx/dpco2_separation.png Graphic file (type
 png)
 <use /home/mpim/m300524/MSc_Thesis/gfx/dpco2_separation.png>
Package pdftex.def Info: /home/mpim/m300524/MSc_Thesis/gfx/dpco2_separation.png
 used on input line 342.
(pdftex.def)             Requested size: 459.36972pt x 147.0743pt.

Overfull \hbox (4.12564pt too wide) in paragraph at lines 342--343
[][]
 []


</home/mpim/m300524/MSc_Thesis/gfx/nutrients.png, id=333, 729.47531pt x 119.953
3pt>
File: /home/mpim/m300524/MSc_Thesis/gfx/nutrients.png Graphic file (type png)
 <use /home/mpim/m300524/MSc_Thesis/gfx/nutrients.png>
Package pdftex.def Info: /home/mpim/m300524/MSc_Thesis/gfx/nutrients.png used o
n input line 349.
(pdftex.def)             Requested size: 437.68855pt x 71.97252pt.


LaTeX Warning: `h' float specifier changed to `ht'.

File: /home/mpim/m300524/MSc_Thesis/gfx/nutrient_limitation.png Graphic file (t
ype png)
<use /home/mpim/m300524/MSc_Thesis/gfx/nutrient_limitation.png>
Package pdftex.def Info: /home/mpim/m300524/MSc_Thesis/gfx/nutrient_limitation.
png used on input line 356.
(pdftex.def)             Requested size: 462.22574pt x 88.6609pt.

Overfull \hbox (6.98166pt too wide) in paragraph at lines 356--357
[][]
 []

File: /home/mpim/m300524/MSc_Thesis/gfx/zmld.png Graphic file (type png)
<use /home/mpim/m300524/MSc_Thesis/gfx/zmld.png>
Package pdftex.def Info: /home/mpim/m300524/MSc_Thesis/gfx/zmld.png used on inp
ut line 363.
(pdftex.def)             Requested size: 471.5534pt x 90.00063pt.

Overfull \hbox (16.30933pt too wide) in paragraph at lines 363--364
[][]
 []


</home/mpim/m300524/MSc_Thesis/gfx/slp_wind.png, id=336, 1167.61218pt x 230.220
93pt>
File: /home/mpim/m300524/MSc_Thesis/gfx/slp_wind.png Graphic file (type png)
 <use /home/mpim/m300524/MSc_Thesis/gfx/slp_wind.png>
Package pdftex.def Info: /home/mpim/m300524/MSc_Thesis/gfx/slp_wind.png used on
 input line 369.
(pdftex.def)             Requested size: 467.0366pt x 92.08673pt.

Overfull \hbox (11.79253pt too wide) in paragraph at lines 369--370
[][]
 []


</home/mpim/m300524/MSc_Thesis/gfx/sam_timeseries_son.png, id=337, 2159.06625pt
 x 621.32124pt>
File: /home/mpim/m300524/MSc_Thesis/gfx/sam_timeseries_son.png Graphic file (ty
pe png)
 <use /home/mpim/m300524/MSc_Thesis/gfx/sam_timeseries_son.png>
Package pdftex.def Info: /home/mpim/m300524/MSc_Thesis/gfx/sam_timeseries_son.p
ng used on input line 375.
(pdftex.def)             Requested size: 431.8056pt x 90.11934pt.

[20pdfTeX warning (ext4): destination with the same identifier (name{figure.6})
 has been already used, duplicate ignored

\AtBegShi@Output ...ipout \box \AtBeginShipoutBox 
                                                  \fi \fi 
l.380 \newpage
              pdfTeX warning (ext4): destination with the same identifier (name
{figure.7}) has been already used, duplicate ignored

\AtBegShi@Output ...ipout \box \AtBeginShipoutBox 
                                                  \fi \fi 
l.380 \newpage
               </home/mpim/m300524/MSc_Thesis/gfx/SOCS_temporal_gaussian.png (P
NG copy)> </home/mpim/m300524/MSc_Thesis/gfx/SOCS_spatial_gaussian.png (PNG cop
y)> </home/mpim/m300524/MSc_Thesis/gfx/dpco2_separation.png>]
Package atveryend Info: Empty hook `BeforeClearDocument' on input line 390.
 [21pdfTeX warning (ext4): destination with the same identifier (name{figure.8}
) has been already used, duplicate ignored

\AtBegShi@Output ...ipout \box \AtBeginShipoutBox 
                                                  \fi \fi 
l.390 \end{document}
                    pdfTeX warning (ext4): destination with the same identifier
 (name{figure.9}) has been already used, duplicate ignored

\AtBegShi@Output ...ipout \box \AtBeginShipoutBox 
                                                  \fi \fi 
l.390 \end{document}
                    pdfTeX warning (ext4): destination with the same identifier
 (name{figure.10}) has been already used, duplicate ignored

\AtBegShi@Output ...ipout \box \AtBeginShipoutBox 
                                                  \fi \fi 
l.390 \end{document}
                     </home/mpim/m300524/MSc_Thesis/gfx/nutrients.png (PNG copy
)>] [22pdfTeX warning (ext4): destination with the same identifier (name{figure
.11}) has been already used, duplicate ignored

\AtBegShi@Output ...ipout \box \AtBeginShipoutBox 
                                                  \fi \fi 
l.390 \end{document}
                    pdfTeX warning (ext4): destination with the same identifier
 (name{figure.12}) has been already used, duplicate ignored

\AtBegShi@Output ...ipout \box \AtBeginShipoutBox 
                                                  \fi \fi 
l.390 \end{document}
                     </home/mpim/m300524/MSc_Thesis/gfx/sam_timeseries_son.png>
 </home/mpim/m300524/MSc_Thesis/gfx/slp_wind.png (PNG copy)>]
Package atveryend Info: Empty hook `AfterLastShipout' on input line 390.
 (./scifile.aux)
Package atveryend Info: Executing hook `AtVeryEndDocument' on input line 390.
Package atveryend Info: Executing hook `AtEndAfterFileList' on input line 390.
Package rerunfilecheck Info: File `scifile.out' has not changed.
(rerunfilecheck)             Checksum: C03893D364B122C930BB3A8ED40FF9CB;514.


LaTeX Warning: There were undefined references.

Package atveryend Info: Empty hook `AtVeryVeryEnd' on input line 390.
 ) 
Here is how much of TeX's memory you used:
 14580 strings out of 494404
 288817 string characters out of 6163652
 324551 words of memory out of 5000000
 17644 multiletter control sequences out of 15000+600000
 15030 words of font info for 56 fonts, out of 8000000 for 9000
 350 hyphenation exceptions out of 8191
 34i,9n,39p,10458b,858s stack positions out of 5000i,500n,10000p,200000b,80000s
</usr/share/texlive/texmf-dist/fonts/type1/public/amsfonts/cm/cmbx10.pfb></us
r/share/texlive/texmf-dist/fonts/type1/public/amsfonts/cm/cmbx12.pfb></usr/shar
e/texlive/texmf-dist/fonts/type1/public/amsfonts/cm/cmmi12.pfb></usr/share/texl
ive/texmf-dist/fonts/type1/public/amsfonts/cm/cmmi8.pfb></usr/share/texlive/tex
mf-dist/fonts/type1/public/amsfonts/cm/cmr10.pfb></usr/share/texlive/texmf-dist
/fonts/type1/public/amsfonts/cm/cmr12.pfb></usr/share/texlive/texmf-dist/fonts/
type1/public/amsfonts/cm/cmr17.pfb></usr/share/texlive/texmf-dist/fonts/type1/p
ublic/amsfonts/cm/cmr8.pfb></usr/share/texlive/texmf-dist/fonts/type1/public/am
sfonts/cm/cmsy10.pfb></usr/share/texlive/texmf-dist/fonts/type1/public/amsfonts
/cm/cmsy8.pfb></usr/share/texlive/texmf-dist/fonts/type1/public/amsfonts/cm/cmt
i12.pfb></usr/share/texlive/texmf-dist/fonts/type1/public/amsfonts/cm/cmtt12.pf
b>
Output written on scifile.pdf (22 pages, 3719813 bytes).
PDF statistics:
 424 PDF objects out of 1000 (max. 8388607)
 358 compressed objects within 4 object streams
 87 named destinations out of 1000 (max. 500000)
 207 words of extra memory for PDF output out of 10000 (max. 10000000)

