This is pdfTeX, Version 3.14159265-2.6-1.40.16 (TeX Live 2015/Debian) (preloaded format=pdflatex 2016.10.2)  9 OCT 2016 13:32
entering extended mode
 restricted \write18 enabled.
 %&-line parsing enabled.
**Titlepage.tex
(./Titlepage.tex
LaTeX2e <2016/02/01>
Babel <3.9q> and hyphenation patterns for 81 language(s) loaded.

! LaTeX Error: Environment titlepage undefined.

See the LaTeX manual or LaTeX Companion for explanation.
Type  H <return>  for immediate help.
 ...                                              
                                                  
l.4 \begin{titlepage}
                     
Your command was ignored.
Type  I <command> <return>  to replace it with another command,
or  <return>  to continue without it.


! LaTeX Error: Environment addmargin undefined.

See the LaTeX manual or LaTeX Companion for explanation.
Type  H <return>  for immediate help.
 ...                                              
                                                  
l.6     \begin{addmargin}
                         [-1cm]{-3cm}
Your command was ignored.
Type  I <command> <return>  to replace it with another command,
or  <return>  to continue without it.


! LaTeX Error: Missing \begin{document}.

See the LaTeX manual or LaTeX Companion for explanation.
Type  H <return>  for immediate help.
 ...                                              
                                                  
l.6     \begin{addmargin}[
                          -1cm]{-3cm}
You're in trouble here.  Try typing  <return>  to proceed.
If that doesn't work, type  X <return>  to quit.

Missing character: There is no [ in font nullfont!
Missing character: There is no - in font nullfont!
Missing character: There is no 1 in font nullfont!
Missing character: There is no c in font nullfont!
Missing character: There is no m in font nullfont!
Missing character: There is no ] in font nullfont!
Missing character: There is no - in font nullfont!
Missing character: There is no 3 in font nullfont!
Missing character: There is no c in font nullfont!
Missing character: There is no m in font nullfont!

Overfull \hbox (20.0pt too wide) in paragraph at lines 6--8
[] 
 []

! Undefined control sequence.
l.9         \Large
                  
The control sequence at the end of the top line
of your error message was never \def'ed. If you have
misspelled it (e.g., `\hobx'), type `I' and the correct
spelling (e.g., `I\hbox'). Otherwise just continue,
and I'll forget about whatever was undefined.

! Undefined control sequence.
l.11 		\myFaculty
                  \\
The control sequence at the end of the top line
of your error message was never \def'ed. If you have
misspelled it (e.g., `\hobx'), type `I' and the correct
spelling (e.g., `I\hbox'). Otherwise just continue,
and I'll forget about whatever was undefined.


! LaTeX Error: There's no line here to end.

See the LaTeX manual or LaTeX Companion for explanation.
Type  H <return>  for immediate help.
 ...                                              
                                                  
l.11 		\myFaculty \\
                    
Your command was ignored.
Type  I <command> <return>  to replace it with another command,
or  <return>  to continue without it.

! Undefined control sequence.
l.14 		\large
             
The control sequence at the end of the top line
of your error message was never \def'ed. If you have
misspelled it (e.g., `\hobx'), type `I' and the correct
spelling (e.g., `I\hbox'). Otherwise just continue,
and I'll forget about whatever was undefined.

! Undefined control sequence.
l.15 		\myUni
             
The control sequence at the end of the top line
of your error message was never \def'ed. If you have
misspelled it (e.g., `\hobx'), type `I' and the correct
spelling (e.g., `I\hbox'). Otherwise just continue,
and I'll forget about whatever was undefined.

Missing character: There is no M in font nullfont!
Missing character: There is no a in font nullfont!
Missing character: There is no s in font nullfont!
Missing character: There is no t in font nullfont!
Missing character: There is no e in font nullfont!
Missing character: There is no r in font nullfont!
Missing character: There is no t in font nullfont!
Missing character: There is no h in font nullfont!
Missing character: There is no e in font nullfont!
Missing character: There is no s in font nullfont!
Missing character: There is no i in font nullfont!
Missing character: There is no s in font nullfont!
Missing character: There is no i in font nullfont!
Missing character: There is no n in font nullfont!
Missing character: There is no P in font nullfont!
Missing character: There is no h in font nullfont!
Missing character: There is no y in font nullfont!
Missing character: There is no s in font nullfont!
Missing character: There is no i in font nullfont!
Missing character: There is no c in font nullfont!
Missing character: There is no s in font nullfont!
Missing character: There is no s in font nullfont!
Missing character: There is no u in font nullfont!
Missing character: There is no b in font nullfont!
Missing character: There is no m in font nullfont!
Missing character: There is no i in font nullfont!
Missing character: There is no t in font nullfont!
Missing character: There is no t in font nullfont!
Missing character: There is no e in font nullfont!
Missing character: There is no d in font nullfont!
Missing character: There is no b in font nullfont!
Missing character: There is no y in font nullfont!
! Undefined control sequence.
<recently read> \myName 
                        
l.27 		\myName
               \\
The control sequence at the end of the top line
of your error message was never \def'ed. If you have
misspelled it (e.g., `\hobx'), type `I' and the correct
spelling (e.g., `I\hbox'). Otherwise just continue,
and I'll forget about whatever was undefined.


! LaTeX Error: There's no line here to end.

See the LaTeX manual or LaTeX Companion for explanation.
Type  H <return>  for immediate help.
 ...                                              
                                                  
l.27 		\myName \\
                 
Your command was ignored.
Type  I <command> <return>  to replace it with another command,
or  <return>  to continue without it.

Missing character: There is no b in font nullfont!
Missing character: There is no o in font nullfont!
Missing character: There is no r in font nullfont!
Missing character: There is no n in font nullfont!
Missing character: There is no i in font nullfont!
Missing character: There is no n in font nullfont!
! Undefined control sequence.
l.28 		born in \myBirthplace
                              \\
The control sequence at the end of the top line
of your error message was never \def'ed. If you have
misspelled it (e.g., `\hobx'), type `I' and the correct
spelling (e.g., `I\hbox'). Otherwise just continue,
and I'll forget about whatever was undefined.

! Undefined control sequence.
<recently read> \myThesisYear 
                              
l.29 		\myThesisYear
                    
The control sequence at the end of the top line
of your error message was never \def'ed. If you have
misspelled it (e.g., `\hobx'), type `I' and the correct
spelling (e.g., `I\hbox'). Otherwise just continue,
and I'll forget about whatever was undefined.


! LaTeX Error: \begin{document} ended by \end{addmargin}.

See the LaTeX manual or LaTeX Companion for explanation.
Type  H <return>  for immediate help.
 ...                                              
                                                  
l.34   \end{addmargin}
                      
Your command was ignored.
Type  I <command> <return>  to replace it with another command,
or  <return>  to continue without it.


! LaTeX Error: The font size command \normalsize is not defined:
               there is probably something wrong with the class file.

See the LaTeX manual or LaTeX Companion for explanation.
Type  H <return>  for immediate help.
 ...                                              
                                                  
l.37 \cleardoublepage
                     
Your command was ignored.
Type  I <command> <return>  to replace it with another command,
or  <return>  to continue without it.

[1]
Overfull \hbox (20.0pt too wide) in paragraph at lines 38--38
[] 
 []

! Undefined control sequence.
l.40   \Large
              \bfseries%\sffamily
The control sequence at the end of the top line
of your error message was never \def'ed. If you have
misspelled it (e.g., `\hobx'), type `I' and the correct
spelling (e.g., `I\hbox'). Otherwise just continue,
and I'll forget about whatever was undefined.

! Undefined control sequence.
l.41     \myTitle
                 
The control sequence at the end of the top line
of your error message was never \def'ed. If you have
misspelled it (e.g., `\hobx'), type `I' and the correct
spelling (e.g., `I\hbox'). Otherwise just continue,
and I'll forget about whatever was undefined.

! Undefined control sequence.
l.45   \large
             \normalfont
The control sequence at the end of the top line
of your error message was never \def'ed. If you have
misspelled it (e.g., `\hobx'), type `I' and the correct
spelling (e.g., `I\hbox'). Otherwise just continue,
and I'll forget about whatever was undefined.

! Undefined control sequence.
l.46 ...ter thesis has been carried out by \myName
                                                   \\
The control sequence at the end of the top line
of your error message was never \def'ed. If you have
misspelled it (e.g., `\hobx'), type `I' and the correct
spelling (e.g., `I\hbox'). Otherwise just continue,
and I'll forget about whatever was undefined.


Overfull \hbox (19.50003pt too wide) in paragraph at lines 46--46
 \OT1/cmr/m/n/10 This 
 []


Overfull \hbox (21.44447pt too wide) in paragraph at lines 46--46
 \OT1/cmr/m/n/10 Mas- 
 []


Overfull \hbox (12.25002pt too wide) in paragraph at lines 46--46
 \OT1/cmr/m/n/10 ter 
 []


Overfull \hbox (17.22224pt too wide) in paragraph at lines 46--46
 \OT1/cmr/m/n/10 the- 
 []


Overfull \hbox (10.66667pt too wide) in paragraph at lines 46--46
 \OT1/cmr/m/n/10 sis 
 []


Overfull \hbox (14.50003pt too wide) in paragraph at lines 46--46
 \OT1/cmr/m/n/10 has 
 []


Overfull \hbox (20.27782pt too wide) in paragraph at lines 46--46
 \OT1/cmr/m/n/10 been 
 []


Overfull \hbox (16.69446pt too wide) in paragraph at lines 46--46
 \OT1/cmr/m/n/10 car- 
 []


Overfull \hbox (16.69447pt too wide) in paragraph at lines 46--46
 \OT1/cmr/m/n/10 ried 
 []


Overfull \hbox (14.44449pt too wide) in paragraph at lines 46--46
 \OT1/cmr/m/n/10 out 
 []


Overfull \hbox (10.55559pt too wide) in paragraph at lines 46--46
 \OT1/cmr/m/n/10 by 
 []

! Undefined control sequence.
l.47   at the institute of \myDepartment
                                         \\
The control sequence at the end of the top line
of your error message was never \def'ed. If you have
misspelled it (e.g., `\hobx'), type `I' and the correct
spelling (e.g., `I\hbox'). Otherwise just continue,
and I'll forget about whatever was undefined.


Overfull \hbox (8.88892pt too wide) in paragraph at lines 47--47
 []\OT1/cmr/m/n/10 at 
 []


Overfull \hbox (13.88892pt too wide) in paragraph at lines 47--47
 \OT1/cmr/m/n/10 the 
 []


Overfull \hbox (11.66669pt too wide) in paragraph at lines 47--47
 \OT1/cmr/m/n/10 in- 
 []


Overfull \hbox (13.94446pt too wide) in paragraph at lines 47--47
 \OT1/cmr/m/n/10 sti- 
 []


Overfull \hbox (17.77782pt too wide) in paragraph at lines 47--47
 \OT1/cmr/m/n/10 tute 
 []


Overfull \hbox (8.05559pt too wide) in paragraph at lines 47--47
 \OT1/cmr/m/n/10 of 
 []


Overfull \hbox (25.02783pt too wide) in paragraph at lines 48--48
 []\OT1/cmr/m/n/10 under 
 []


Overfull \hbox (13.88892pt too wide) in paragraph at lines 48--48
 \OT1/cmr/m/n/10 the 
 []


Overfull \hbox (12.83334pt too wide) in paragraph at lines 48--48
 \OT1/cmr/m/n/10 su- 
 []


Overfull \hbox (17.5278pt too wide) in paragraph at lines 48--48
 \OT1/cmr/m/n/10 per- 
 []


Overfull \hbox (11.38892pt too wide) in paragraph at lines 48--48
 \OT1/cmr/m/n/10 vi- 
 []


Overfull \hbox (17.27782pt too wide) in paragraph at lines 48--48
 \OT1/cmr/m/n/10 sion 
 []


Overfull \hbox (8.05559pt too wide) in paragraph at lines 48--48
 \OT1/cmr/m/n/10 of 
 []

! Undefined control sequence.
<recently read> \myProf 
                        
l.49   \myProf
               \\%(Frau/Herrn Prof./Priv.-Doz. Name Surname)
The control sequence at the end of the top line
of your error message was never \def'ed. If you have
misspelled it (e.g., `\hobx'), type `I' and the correct
spelling (e.g., `I\hbox'). Otherwise just continue,
and I'll forget about whatever was undefined.


! LaTeX Error: There's no line here to end.

See the LaTeX manual or LaTeX Companion for explanation.
Type  H <return>  for immediate help.
 ...                                              
                                                  
l.49   \myProf \\
                 %(Frau/Herrn Prof./Priv.-Doz. Name Surname)
Your command was ignored.
Type  I <command> <return>  to replace it with another command,
or  <return>  to continue without it.


Overfull \hbox (16.11116pt too wide) in paragraph at lines 52--52
 []\OT1/cmr/m/n/10 and 
 []

! Undefined control sequence.
<recently read> \mySecondProf 
                              
l.53   \mySecondProf
                      \\ from \\ \mySecondProfInstitution
The control sequence at the end of the top line
of your error message was never \def'ed. If you have
misspelled it (e.g., `\hobx'), type `I' and the correct
spelling (e.g., `I\hbox'). Otherwise just continue,
and I'll forget about whatever was undefined.


! LaTeX Error: There's no line here to end.

See the LaTeX manual or LaTeX Companion for explanation.
Type  H <return>  for immediate help.
 ...                                              
                                                  
l.53   \mySecondProf  \\
                         from \\ \mySecondProfInstitution
Your command was ignored.
Type  I <command> <return>  to replace it with another command,
or  <return>  to continue without it.


Overfull \hbox (20.30562pt too wide) in paragraph at lines 53--53
 []\OT1/cmr/m/n/10 from 
 []

! Undefined control sequence.
<recently read> \mySecondProfInstitution 
                                         
l.53 ...dProf  \\ from \\ \mySecondProfInstitution
                                                  
The control sequence at the end of the top line
of your error message was never \def'ed. If you have
misspelled it (e.g., `\hobx'), type `I' and the correct
spelling (e.g., `I\hbox'). Otherwise just continue,
and I'll forget about whatever was undefined.


! LaTeX Error: The font size command \normalsize is not defined:
               there is probably something wrong with the class file.

See the LaTeX manual or LaTeX Companion for explanation.
Type  H <return>  for immediate help.
 ...                                              
                                                  
l.58 ...command{\baselinestretch}{1.00}\normalsize
                                                  
Your command was ignored.
Type  I <command> <return>  to replace it with another command,
or  <return>  to continue without it.


! LaTeX Error: \begin{document} ended by \end{titlepage}.

See the LaTeX manual or LaTeX Companion for explanation.
Type  H <return>  for immediate help.
 ...                                              
                                                  
l.63 \end{titlepage}
                    
Your command was ignored.
Type  I <command> <return>  to replace it with another command,
or  <return>  to continue without it.

)
! Emergency stop.
<*> Titlepage.tex
                 
*** (job aborted, no legal \end found)

 
Here is how much of TeX's memory you used:
 18 strings out of 493029
 281 string characters out of 6136234
 54090 words of memory out of 5000000
 3652 multiletter control sequences out of 15000+600000
 3948 words of font info for 15 fonts, out of 8000000 for 9000
 1141 hyphenation exceptions out of 8191
 21i,4n,14p,129b,122s stack positions out of 5000i,500n,10000p,200000b,80000s
!  ==> Fatal error occurred, no output PDF file produced!
