This is pdfTeX, Version 3.14159265-2.6-1.40.15 (TeX Live 2015/dev/Debian) (preloaded format=pdflatex 2017.5.2)  24 MAY 2017 09:35
entering extended mode
 restricted \write18 enabled.
 %&-line parsing enabled.
**storyline.tex
(./storyline.tex
LaTeX2e <2014/05/01>
Babel <3.9l> and hyphenation patterns for 32 languages loaded.
(/usr/share/texlive/texmf-dist/tex/latex/beamer/beamer.cls
(/usr/share/texlive/texmf-dist/tex/latex/beamer/beamerbasercs.sty
Package: beamerbasercs 2013/12/25 (rcs-revision 31cc758a62ae)
)
Document Class: beamer 2013/12/02 3.33 A class for typesetting presentations (r
cs-revision 332bfd3ce558)
(/usr/share/texlive/texmf-dist/tex/latex/beamer/beamerbasemodes.sty
Package: beamerbasemodes 2013/09/03 (rcs-revision 768f2d98ca64)
\beamer@tempbox=\box26
\beamer@tempcount=\count79
\c@beamerpauses=\count80

(/usr/share/texlive/texmf-dist/tex/latex/beamer/beamerbasedecode.sty
Package: beamerbasedecode 2010/05/01 (rcs-revision efa082c6111d)
\beamer@slideinframe=\count81
\beamer@minimum=\count82
)
\beamer@commentbox=\box27
\beamer@modecount=\count83
)
(/usr/share/texlive/texmf-dist/tex/generic/oberdiek/ifpdf.sty
Package: ifpdf 2011/01/30 v2.3 Provides the ifpdf switch (HO)
Package ifpdf Info: pdfTeX in PDF mode is detected.
)
\headheight=\dimen102
\headdp=\dimen103
\footheight=\dimen104
\sidebarheight=\dimen105
\beamer@tempdim=\dimen106
\beamer@finalheight=\dimen107
\beamer@animht=\dimen108
\beamer@animdp=\dimen109
\beamer@animwd=\dimen110
\beamer@leftmargin=\dimen111
\beamer@rightmargin=\dimen112
\beamer@leftsidebar=\dimen113
\beamer@rightsidebar=\dimen114
\beamer@boxsize=\dimen115
\beamer@vboxoffset=\dimen116
\beamer@descdefault=\dimen117
\beamer@descriptionwidth=\dimen118
\beamer@lastskip=\skip41
\beamer@areabox=\box28
\beamer@animcurrent=\box29
\beamer@animshowbox=\box30
\beamer@sectionbox=\box31
\beamer@logobox=\box32
\beamer@linebox=\box33
\beamer@sectioncount=\count84
\beamer@subsubsectionmax=\count85
\beamer@subsectionmax=\count86
\beamer@sectionmax=\count87
\beamer@totalheads=\count88
\beamer@headcounter=\count89
\beamer@partstartpage=\count90
\beamer@sectionstartpage=\count91
\beamer@subsectionstartpage=\count92
\beamer@animationtempa=\count93
\beamer@animationtempb=\count94
\beamer@xpos=\count95
\beamer@ypos=\count96
\beamer@showpartnumber=\count97
\beamer@currentsubsection=\count98
\beamer@coveringdepth=\count99
\beamer@sectionadjust=\count100
\beamer@tocsectionnumber=\count101

(/usr/share/texlive/texmf-dist/tex/latex/beamer/beamerbaseoptions.sty
Package: beamerbaseoptions 2013/03/10 (rcs-revision 47431932db0d)

(/usr/share/texlive/texmf-dist/tex/latex/graphics/keyval.sty
Package: keyval 2014/05/08 v1.15 key=value parser (DPC)
\KV@toks@=\toks14
))
\beamer@paperwidth=\skip42
\beamer@paperheight=\skip43

(/usr/share/texlive/texmf-dist/tex/latex/geometry/geometry.sty
Package: geometry 2010/09/12 v5.6 Page Geometry

(/usr/share/texlive/texmf-dist/tex/generic/oberdiek/ifvtex.sty
Package: ifvtex 2010/03/01 v1.5 Detect VTeX and its facilities (HO)
Package ifvtex Info: VTeX not detected.
)
(/usr/share/texlive/texmf-dist/tex/generic/ifxetex/ifxetex.sty
Package: ifxetex 2010/09/12 v0.6 Provides ifxetex conditional
)
\Gm@cnth=\count102
\Gm@cntv=\count103
\c@Gm@tempcnt=\count104
\Gm@bindingoffset=\dimen119
\Gm@wd@mp=\dimen120
\Gm@odd@mp=\dimen121
\Gm@even@mp=\dimen122
\Gm@layoutwidth=\dimen123
\Gm@layoutheight=\dimen124
\Gm@layouthoffset=\dimen125
\Gm@layoutvoffset=\dimen126
\Gm@dimlist=\toks15
)
(/usr/share/texlive/texmf-dist/tex/latex/base/size11.clo
File: size11.clo 2014/09/29 v1.4h Standard LaTeX file (size option)
)
(/usr/share/texlive/texmf-dist/tex/latex/pgf/basiclayer/pgfcore.sty
(/usr/share/texlive/texmf-dist/tex/latex/graphics/graphicx.sty
Package: graphicx 2014/04/25 v1.0g Enhanced LaTeX Graphics (DPC,SPQR)

(/usr/share/texlive/texmf-dist/tex/latex/graphics/graphics.sty
Package: graphics 2009/02/05 v1.0o Standard LaTeX Graphics (DPC,SPQR)

(/usr/share/texlive/texmf-dist/tex/latex/graphics/trig.sty
Package: trig 1999/03/16 v1.09 sin cos tan (DPC)
)
(/usr/share/texlive/texmf-dist/tex/latex/latexconfig/graphics.cfg
File: graphics.cfg 2010/04/23 v1.9 graphics configuration of TeX Live
)
Package graphics Info: Driver file: pdftex.def on input line 91.

(/usr/share/texlive/texmf-dist/tex/latex/pdftex-def/pdftex.def
File: pdftex.def 2011/05/27 v0.06d Graphics/color for pdfTeX

(/usr/share/texlive/texmf-dist/tex/generic/oberdiek/infwarerr.sty
Package: infwarerr 2010/04/08 v1.3 Providing info/warning/error messages (HO)
)
(/usr/share/texlive/texmf-dist/tex/generic/oberdiek/ltxcmds.sty
Package: ltxcmds 2011/11/09 v1.22 LaTeX kernel commands for general use (HO)
)
\Gread@gobject=\count105
))
\Gin@req@height=\dimen127
\Gin@req@width=\dimen128
)
(/usr/share/texlive/texmf-dist/tex/latex/pgf/systemlayer/pgfsys.sty
(/usr/share/texlive/texmf-dist/tex/latex/pgf/utilities/pgfrcs.sty
(/usr/share/texlive/texmf-dist/tex/generic/pgf/utilities/pgfutil-common.tex
\pgfutil@everybye=\toks16
\pgfutil@tempdima=\dimen129
\pgfutil@tempdimb=\dimen130

(/usr/share/texlive/texmf-dist/tex/generic/pgf/utilities/pgfutil-common-lists.t
ex)) (/usr/share/texlive/texmf-dist/tex/generic/pgf/utilities/pgfutil-latex.def
\pgfutil@abb=\box34
(/usr/share/texlive/texmf-dist/tex/latex/ms/everyshi.sty
Package: everyshi 2001/05/15 v3.00 EveryShipout Package (MS)
))
(/usr/share/texlive/texmf-dist/tex/generic/pgf/utilities/pgfrcs.code.tex
Package: pgfrcs 2013/12/20 v3.0.0 (rcs-revision 1.28)
))
(/usr/share/texlive/texmf-dist/tex/generic/pgf/systemlayer/pgfsys.code.tex
Package: pgfsys 2013/11/30 v3.0.0 (rcs-revision 1.47)

(/usr/share/texlive/texmf-dist/tex/generic/pgf/utilities/pgfkeys.code.tex
\pgfkeys@pathtoks=\toks17
\pgfkeys@temptoks=\toks18

(/usr/share/texlive/texmf-dist/tex/generic/pgf/utilities/pgfkeysfiltered.code.t
ex
\pgfkeys@tmptoks=\toks19
))
\pgf@x=\dimen131
\pgf@y=\dimen132
\pgf@xa=\dimen133
\pgf@ya=\dimen134
\pgf@xb=\dimen135
\pgf@yb=\dimen136
\pgf@xc=\dimen137
\pgf@yc=\dimen138
\w@pgf@writea=\write3
\r@pgf@reada=\read1
\c@pgf@counta=\count106
\c@pgf@countb=\count107
\c@pgf@countc=\count108
\c@pgf@countd=\count109
\t@pgf@toka=\toks20
\t@pgf@tokb=\toks21
\t@pgf@tokc=\toks22
 (/usr/share/texlive/texmf-dist/tex/generic/pgf/systemlayer/pgf.cfg
File: pgf.cfg 2008/05/14  (rcs-revision 1.7)
)
Driver file for pgf: pgfsys-pdftex.def

(/usr/share/texlive/texmf-dist/tex/generic/pgf/systemlayer/pgfsys-pdftex.def
File: pgfsys-pdftex.def 2013/07/18  (rcs-revision 1.33)

(/usr/share/texlive/texmf-dist/tex/generic/pgf/systemlayer/pgfsys-common-pdf.de
f
File: pgfsys-common-pdf.def 2013/10/10  (rcs-revision 1.13)
)))
(/usr/share/texlive/texmf-dist/tex/generic/pgf/systemlayer/pgfsyssoftpath.code.
tex
File: pgfsyssoftpath.code.tex 2013/09/09  (rcs-revision 1.9)
\pgfsyssoftpath@smallbuffer@items=\count110
\pgfsyssoftpath@bigbuffer@items=\count111
)
(/usr/share/texlive/texmf-dist/tex/generic/pgf/systemlayer/pgfsysprotocol.code.
tex
File: pgfsysprotocol.code.tex 2006/10/16  (rcs-revision 1.4)
)) (/usr/share/texlive/texmf-dist/tex/latex/xcolor/xcolor.sty
Package: xcolor 2007/01/21 v2.11 LaTeX color extensions (UK)

(/usr/share/texlive/texmf-dist/tex/latex/latexconfig/color.cfg
File: color.cfg 2007/01/18 v1.5 color configuration of teTeX/TeXLive
)
Package xcolor Info: Driver file: pdftex.def on input line 225.
Package xcolor Info: Model `cmy' substituted by `cmy0' on input line 1337.
Package xcolor Info: Model `hsb' substituted by `rgb' on input line 1341.
Package xcolor Info: Model `RGB' extended on input line 1353.
Package xcolor Info: Model `HTML' substituted by `rgb' on input line 1355.
Package xcolor Info: Model `Hsb' substituted by `hsb' on input line 1356.
Package xcolor Info: Model `tHsb' substituted by `hsb' on input line 1357.
Package xcolor Info: Model `HSB' substituted by `hsb' on input line 1358.
Package xcolor Info: Model `Gray' substituted by `gray' on input line 1359.
Package xcolor Info: Model `wave' substituted by `hsb' on input line 1360.
)
(/usr/share/texlive/texmf-dist/tex/generic/pgf/basiclayer/pgfcore.code.tex
Package: pgfcore 2010/04/11 v3.0.0 (rcs-revision 1.7)

(/usr/share/texlive/texmf-dist/tex/generic/pgf/math/pgfmath.code.tex
(/usr/share/texlive/texmf-dist/tex/generic/pgf/math/pgfmathcalc.code.tex
(/usr/share/texlive/texmf-dist/tex/generic/pgf/math/pgfmathutil.code.tex)
(/usr/share/texlive/texmf-dist/tex/generic/pgf/math/pgfmathparser.code.tex
\pgfmath@dimen=\dimen139
\pgfmath@count=\count112
\pgfmath@box=\box35
\pgfmath@toks=\toks23
\pgfmath@stack@operand=\toks24
\pgfmath@stack@operation=\toks25
)
(/usr/share/texlive/texmf-dist/tex/generic/pgf/math/pgfmathfunctions.code.tex
(/usr/share/texlive/texmf-dist/tex/generic/pgf/math/pgfmathfunctions.basic.code
.tex)
(/usr/share/texlive/texmf-dist/tex/generic/pgf/math/pgfmathfunctions.trigonomet
ric.code.tex)
(/usr/share/texlive/texmf-dist/tex/generic/pgf/math/pgfmathfunctions.random.cod
e.tex)
(/usr/share/texlive/texmf-dist/tex/generic/pgf/math/pgfmathfunctions.comparison
.code.tex)
(/usr/share/texlive/texmf-dist/tex/generic/pgf/math/pgfmathfunctions.base.code.
tex)
(/usr/share/texlive/texmf-dist/tex/generic/pgf/math/pgfmathfunctions.round.code
.tex)
(/usr/share/texlive/texmf-dist/tex/generic/pgf/math/pgfmathfunctions.misc.code.
tex)
(/usr/share/texlive/texmf-dist/tex/generic/pgf/math/pgfmathfunctions.integerari
thmetics.code.tex)))
(/usr/share/texlive/texmf-dist/tex/generic/pgf/math/pgfmathfloat.code.tex
\c@pgfmathroundto@lastzeros=\count113
))
(/usr/share/texlive/texmf-dist/tex/generic/pgf/basiclayer/pgfcorepoints.code.te
x
File: pgfcorepoints.code.tex 2013/10/07  (rcs-revision 1.27)
\pgf@picminx=\dimen140
\pgf@picmaxx=\dimen141
\pgf@picminy=\dimen142
\pgf@picmaxy=\dimen143
\pgf@pathminx=\dimen144
\pgf@pathmaxx=\dimen145
\pgf@pathminy=\dimen146
\pgf@pathmaxy=\dimen147
\pgf@xx=\dimen148
\pgf@xy=\dimen149
\pgf@yx=\dimen150
\pgf@yy=\dimen151
\pgf@zx=\dimen152
\pgf@zy=\dimen153
)
(/usr/share/texlive/texmf-dist/tex/generic/pgf/basiclayer/pgfcorepathconstruct.
code.tex
File: pgfcorepathconstruct.code.tex 2013/10/07  (rcs-revision 1.29)
\pgf@path@lastx=\dimen154
\pgf@path@lasty=\dimen155
)
(/usr/share/texlive/texmf-dist/tex/generic/pgf/basiclayer/pgfcorepathusage.code
.tex
File: pgfcorepathusage.code.tex 2013/12/13  (rcs-revision 1.23)
\pgf@shorten@end@additional=\dimen156
\pgf@shorten@start@additional=\dimen157
)
(/usr/share/texlive/texmf-dist/tex/generic/pgf/basiclayer/pgfcorescopes.code.te
x
File: pgfcorescopes.code.tex 2013/10/09  (rcs-revision 1.44)
\pgfpic=\box36
\pgf@hbox=\box37
\pgf@layerbox@main=\box38
\pgf@picture@serial@count=\count114
)
(/usr/share/texlive/texmf-dist/tex/generic/pgf/basiclayer/pgfcoregraphicstate.c
ode.tex
File: pgfcoregraphicstate.code.tex 2013/09/19  (rcs-revision 1.11)
\pgflinewidth=\dimen158
)
(/usr/share/texlive/texmf-dist/tex/generic/pgf/basiclayer/pgfcoretransformation
s.code.tex
File: pgfcoretransformations.code.tex 2013/10/10  (rcs-revision 1.17)
\pgf@pt@x=\dimen159
\pgf@pt@y=\dimen160
\pgf@pt@temp=\dimen161
)
(/usr/share/texlive/texmf-dist/tex/generic/pgf/basiclayer/pgfcorequick.code.tex
File: pgfcorequick.code.tex 2008/10/09  (rcs-revision 1.3)
)
(/usr/share/texlive/texmf-dist/tex/generic/pgf/basiclayer/pgfcoreobjects.code.t
ex
File: pgfcoreobjects.code.tex 2006/10/11  (rcs-revision 1.2)
)
(/usr/share/texlive/texmf-dist/tex/generic/pgf/basiclayer/pgfcorepathprocessing
.code.tex
File: pgfcorepathprocessing.code.tex 2013/09/09  (rcs-revision 1.9)
)
(/usr/share/texlive/texmf-dist/tex/generic/pgf/basiclayer/pgfcorearrows.code.te
x
File: pgfcorearrows.code.tex 2013/11/07  (rcs-revision 1.40)
\pgfarrowsep=\dimen162
)
(/usr/share/texlive/texmf-dist/tex/generic/pgf/basiclayer/pgfcoreshade.code.tex
File: pgfcoreshade.code.tex 2013/07/15  (rcs-revision 1.15)
\pgf@max=\dimen163
\pgf@sys@shading@range@num=\count115
)
(/usr/share/texlive/texmf-dist/tex/generic/pgf/basiclayer/pgfcoreimage.code.tex
File: pgfcoreimage.code.tex 2013/07/15  (rcs-revision 1.18)

(/usr/share/texlive/texmf-dist/tex/generic/pgf/basiclayer/pgfcoreexternal.code.
tex
File: pgfcoreexternal.code.tex 2013/07/15  (rcs-revision 1.20)
\pgfexternal@startupbox=\box39
))
(/usr/share/texlive/texmf-dist/tex/generic/pgf/basiclayer/pgfcorelayers.code.te
x
File: pgfcorelayers.code.tex 2013/07/18  (rcs-revision 1.7)
)
(/usr/share/texlive/texmf-dist/tex/generic/pgf/basiclayer/pgfcoretransparency.c
ode.tex
File: pgfcoretransparency.code.tex 2013/09/30  (rcs-revision 1.5)
)
(/usr/share/texlive/texmf-dist/tex/generic/pgf/basiclayer/pgfcorepatterns.code.
tex
File: pgfcorepatterns.code.tex 2013/11/07  (rcs-revision 1.5)
))) (/usr/share/texlive/texmf-dist/tex/latex/pgf/utilities/xxcolor.sty
Package: xxcolor 2003/10/24 ver 0.1
\XC@nummixins=\count116
\XC@countmixins=\count117
)
(/usr/share/texlive/texmf-dist/tex/generic/oberdiek/atbegshi.sty
Package: atbegshi 2011/10/05 v1.16 At begin shipout hook (HO)
)
(/usr/share/texlive/texmf-dist/tex/latex/hyperref/hyperref.sty
Package: hyperref 2012/11/06 v6.83m Hypertext links for LaTeX

(/usr/share/texlive/texmf-dist/tex/generic/oberdiek/hobsub-hyperref.sty
Package: hobsub-hyperref 2012/05/28 v1.13 Bundle oberdiek, subset hyperref (HO)


(/usr/share/texlive/texmf-dist/tex/generic/oberdiek/hobsub-generic.sty
Package: hobsub-generic 2012/05/28 v1.13 Bundle oberdiek, subset generic (HO)
Package: hobsub 2012/05/28 v1.13 Construct package bundles (HO)
Package hobsub Info: Skipping package `infwarerr' (already loaded).
Package hobsub Info: Skipping package `ltxcmds' (already loaded).
Package: ifluatex 2010/03/01 v1.3 Provides the ifluatex switch (HO)
Package ifluatex Info: LuaTeX not detected.
Package hobsub Info: Skipping package `ifvtex' (already loaded).
Package: intcalc 2007/09/27 v1.1 Expandable calculations with integers (HO)
Package hobsub Info: Skipping package `ifpdf' (already loaded).
Package: etexcmds 2011/02/16 v1.5 Avoid name clashes with e-TeX commands (HO)
Package etexcmds Info: Could not find \expanded.
(etexcmds)             That can mean that you are not using pdfTeX 1.50 or
(etexcmds)             that some package has redefined \expanded.
(etexcmds)             In the latter case, load this package earlier.
Package: kvsetkeys 2012/04/25 v1.16 Key value parser (HO)
Package: kvdefinekeys 2011/04/07 v1.3 Define keys (HO)
Package: pdftexcmds 2011/11/29 v0.20 Utility functions of pdfTeX for LuaTeX (HO
)
Package pdftexcmds Info: LuaTeX not detected.
Package pdftexcmds Info: \pdf@primitive is available.
Package pdftexcmds Info: \pdf@ifprimitive is available.
Package pdftexcmds Info: \pdfdraftmode found.
Package: pdfescape 2011/11/25 v1.13 Implements pdfTeX's escape features (HO)
Package: bigintcalc 2012/04/08 v1.3 Expandable calculations on big integers (HO
)
Package: bitset 2011/01/30 v1.1 Handle bit-vector datatype (HO)
Package: uniquecounter 2011/01/30 v1.2 Provide unlimited unique counter (HO)
)
Package hobsub Info: Skipping package `hobsub' (already loaded).
Package: letltxmacro 2010/09/02 v1.4 Let assignment for LaTeX macros (HO)
Package: hopatch 2012/05/28 v1.2 Wrapper for package hooks (HO)
Package: xcolor-patch 2011/01/30 xcolor patch
Package: atveryend 2011/06/30 v1.8 Hooks at the very end of document (HO)
Package atveryend Info: \enddocument detected (standard20110627).
Package hobsub Info: Skipping package `atbegshi' (already loaded).
Package: refcount 2011/10/16 v3.4 Data extraction from label references (HO)
Package: hycolor 2011/01/30 v1.7 Color options for hyperref/bookmark (HO)
)
(/usr/share/texlive/texmf-dist/tex/latex/oberdiek/auxhook.sty
Package: auxhook 2011/03/04 v1.3 Hooks for auxiliary files (HO)
)
(/usr/share/texlive/texmf-dist/tex/latex/oberdiek/kvoptions.sty
Package: kvoptions 2011/06/30 v3.11 Key value format for package options (HO)
)
\@linkdim=\dimen164
\Hy@linkcounter=\count118
\Hy@pagecounter=\count119

(/usr/share/texlive/texmf-dist/tex/latex/hyperref/pd1enc.def
File: pd1enc.def 2012/11/06 v6.83m Hyperref: PDFDocEncoding definition (HO)
)
\Hy@SavedSpaceFactor=\count120

(/usr/share/texlive/texmf-dist/tex/latex/latexconfig/hyperref.cfg
File: hyperref.cfg 2002/06/06 v1.2 hyperref configuration of TeXLive
)
Package hyperref Info: Option `bookmarks' set `true' on input line 4319.
Package hyperref Info: Option `bookmarksopen' set `true' on input line 4319.
Package hyperref Info: Option `implicit' set `false' on input line 4319.
Package hyperref Info: Hyper figures OFF on input line 4443.
Package hyperref Info: Link nesting OFF on input line 4448.
Package hyperref Info: Hyper index ON on input line 4451.
Package hyperref Info: Plain pages OFF on input line 4458.
Package hyperref Info: Backreferencing OFF on input line 4463.
Package hyperref Info: Implicit mode OFF; no redefinition of LaTeX internals.
Package hyperref Info: Bookmarks ON on input line 4688.
\c@Hy@tempcnt=\count121

(/usr/share/texlive/texmf-dist/tex/latex/url/url.sty
\Urlmuskip=\muskip10
Package: url 2013/09/16  ver 3.4  Verb mode for urls, etc.
)
LaTeX Info: Redefining \url on input line 5041.
\XeTeXLinkMargin=\dimen165
\Fld@menulength=\count122
\Field@Width=\dimen166
\Fld@charsize=\dimen167
Package hyperref Info: Hyper figures OFF on input line 6295.
Package hyperref Info: Link nesting OFF on input line 6300.
Package hyperref Info: Hyper index ON on input line 6303.
Package hyperref Info: backreferencing OFF on input line 6310.
Package hyperref Info: Link coloring OFF on input line 6315.
Package hyperref Info: Link coloring with OCG OFF on input line 6320.
Package hyperref Info: PDF/A mode OFF on input line 6325.
LaTeX Info: Redefining \ref on input line 6365.
LaTeX Info: Redefining \pageref on input line 6369.
\Hy@abspage=\count123


Package hyperref Message: Stopped early.

)

Package hyperref Message: Driver (autodetected): hpdftex.

(/usr/share/texlive/texmf-dist/tex/latex/hyperref/hpdftex.def
File: hpdftex.def 2012/11/06 v6.83m Hyperref driver for pdfTeX
\Fld@listcount=\count124
\c@bookmark@seq@number=\count125

(/usr/share/texlive/texmf-dist/tex/latex/oberdiek/rerunfilecheck.sty
Package: rerunfilecheck 2011/04/15 v1.7 Rerun checks for auxiliary files (HO)
Package uniquecounter Info: New unique counter `rerunfilecheck' on input line 2
82.
))
(/usr/share/texlive/texmf-dist/tex/latex/beamer/beamerbaserequires.sty
Package: beamerbaserequires 2010/05/01  (rcs-revision efa082c6111d)

(/usr/share/texlive/texmf-dist/tex/latex/beamer/beamerbasecompatibility.sty
Package: beamerbasecompatibility 2012/05/01  (rcs-revision 67c48b3b652d)
)
(/usr/share/texlive/texmf-dist/tex/latex/beamer/beamerbasefont.sty
Package: beamerbasefont 2013/10/18  (rcs-revision 72f39e01808a)

(/usr/share/texlive/texmf-dist/tex/latex/amsfonts/amssymb.sty
Package: amssymb 2013/01/14 v3.01 AMS font symbols

(/usr/share/texlive/texmf-dist/tex/latex/amsfonts/amsfonts.sty
Package: amsfonts 2013/01/14 v3.01 Basic AMSFonts support
\@emptytoks=\toks26
\symAMSa=\mathgroup4
\symAMSb=\mathgroup5
LaTeX Font Info:    Overwriting math alphabet `\mathfrak' in version `bold'
(Font)                  U/euf/m/n --> U/euf/b/n on input line 106.
))
(/usr/share/texlive/texmf-dist/tex/latex/sansmathaccent/sansmathaccent.sty
Package: sansmathaccent 2013/03/28

(/usr/share/texlive/texmf-dist/tex/latex/filehook/filehook.sty
Package: filehook 2011/10/12 v0.5d Hooks for input files
)))
(/usr/share/texlive/texmf-dist/tex/latex/beamer/beamerbasetranslator.sty
Package: beamerbasetranslator 2010/06/11  (rcs-revision 85fd1cc7fc42)

(/usr/share/texlive/texmf-dist/tex/latex/beamer/translator/translator.sty
Package: translator 2010/06/12 ver 1.10

(/usr/share/texlive/texmf-dist/tex/latex/beamer/translator/translator-language-
mappings.tex)))
(/usr/share/texlive/texmf-dist/tex/latex/beamer/beamerbasemisc.sty
Package: beamerbasemisc 2013/09/03  (rcs-revision a55719c41d85)
)
(/usr/share/texlive/texmf-dist/tex/latex/beamer/beamerbasetwoscreens.sty
Package: beamerbasetwoscreens 2010/05/01  (rcs-revision efa082c6111d)
)
(/usr/share/texlive/texmf-dist/tex/latex/beamer/beamerbaseoverlay.sty
Package: beamerbaseoverlay 2013/12/25  (rcs-revision f6bd5e3805da)
\beamer@argscount=\count126
\beamer@lastskipcover=\skip44
\beamer@trivlistdepth=\count127
)
(/usr/share/texlive/texmf-dist/tex/latex/beamer/beamerbasetitle.sty
Package: beamerbasetitle 2010/09/21  (rcs-revision f0446ed0b6ae)
)
(/usr/share/texlive/texmf-dist/tex/latex/beamer/beamerbasesection.sty
Package: beamerbasesection 2013/06/07  (rcs-revision 60b9fe0f342f)
\c@lecture=\count128
\c@part=\count129
\c@section=\count130
\c@subsection=\count131
\c@subsubsection=\count132
)
(/usr/share/texlive/texmf-dist/tex/latex/beamer/beamerbaseframe.sty
Package: beamerbaseframe 2013/10/02  (rcs-revision cdc8e9a3aaac)
\beamer@framebox=\box40
\beamer@frametitlebox=\box41
\beamer@zoombox=\box42
\beamer@zoomcount=\count133
\beamer@zoomframecount=\count134
\beamer@frametextheight=\dimen168
\c@subsectionslide=\count135
\beamer@frametopskip=\skip45
\beamer@framebottomskip=\skip46
\beamer@frametopskipautobreak=\skip47
\beamer@framebottomskipautobreak=\skip48
\beamer@envbody=\toks27
\framewidth=\dimen169
\c@framenumber=\count136
)
(/usr/share/texlive/texmf-dist/tex/latex/beamer/beamerbaseverbatim.sty
Package: beamerbaseverbatim 2012/08/30  (rcs-revision dfdb135076b3)
\beamer@verbatimfileout=\write4
)
(/usr/share/texlive/texmf-dist/tex/latex/beamer/beamerbaseframesize.sty
Package: beamerbaseframesize 2011/09/12  (rcs-revision 70f9d8411e54)
\beamer@splitbox=\box43
\beamer@autobreakcount=\count137
\beamer@autobreaklastheight=\dimen170
\beamer@frametitletoks=\toks28
\beamer@framesubtitletoks=\toks29
)
(/usr/share/texlive/texmf-dist/tex/latex/beamer/beamerbaseframecomponents.sty
Package: beamerbaseframecomponents 2013/10/18  (rcs-revision 5cf6c5555a45)
\beamer@footins=\box44
)
(/usr/share/texlive/texmf-dist/tex/latex/beamer/beamerbasecolor.sty
Package: beamerbasecolor 2010/06/06  (rcs-revision d1a9b48be06d)
)
(/usr/share/texlive/texmf-dist/tex/latex/beamer/beamerbasenotes.sty
Package: beamerbasenotes 2012/12/19  (rcs-revision 1686da3db3c9)
\beamer@frameboxcopy=\box45
)
(/usr/share/texlive/texmf-dist/tex/latex/beamer/beamerbasetoc.sty
Package: beamerbasetoc 2013/05/23  (rcs-revision 0fdf5bc43be8)
)
(/usr/share/texlive/texmf-dist/tex/latex/beamer/beamerbasetemplates.sty
Package: beamerbasetemplates 2010/05/01  (rcs-revision efa082c6111d)
\beamer@sbttoks=\toks30

(/usr/share/texlive/texmf-dist/tex/latex/beamer/beamerbaseauxtemplates.sty
Package: beamerbaseauxtemplates 2013/09/04  (rcs-revision 4ac715c499d0)

(/usr/share/texlive/texmf-dist/tex/latex/beamer/beamerbaseboxes.sty
Package: beamerbaseboxes 2012/05/13  (rcs-revision 56972908a390)
\bmb@box=\box46
\bmb@colorbox=\box47
\bmb@boxshadow=\box48
\bmb@boxshadowball=\box49
\bmb@boxshadowballlarge=\box50
\bmb@temp=\dimen171
\bmb@dima=\dimen172
\bmb@dimb=\dimen173
\bmb@prevheight=\dimen174
)
\beamer@blockheadheight=\dimen175
))
(/usr/share/texlive/texmf-dist/tex/latex/beamer/beamerbaselocalstructure.sty
Package: beamerbaselocalstructure 2013/09/04  (rcs-revision 4ac715c499d0)

(/usr/share/texlive/texmf-dist/tex/latex/tools/enumerate.sty
Package: enumerate 2014/10/28 v3.00 enumerate extensions (DPC)
\@enLab=\toks31
)
\c@figure=\count138
\c@table=\count139
\abovecaptionskip=\skip49
\belowcaptionskip=\skip50
)
(/usr/share/texlive/texmf-dist/tex/latex/beamer/beamerbasenavigation.sty
Package: beamerbasenavigation 2013/10/05  (rcs-revision 62be157fe783)
\beamer@section@min@dim=\dimen176
)
(/usr/share/texlive/texmf-dist/tex/latex/beamer/beamerbasetheorems.sty
Package: beamerbasetheorems 2010/06/06  (rcs-revision 7e7cc5e53e9d)

(/usr/share/texlive/texmf-dist/tex/latex/amsmath/amsmath.sty
Package: amsmath 2013/01/14 v2.14 AMS math features
\@mathmargin=\skip51

For additional information on amsmath, use the `?' option.
(/usr/share/texlive/texmf-dist/tex/latex/amsmath/amstext.sty
Package: amstext 2000/06/29 v2.01

(/usr/share/texlive/texmf-dist/tex/latex/amsmath/amsgen.sty
File: amsgen.sty 1999/11/30 v2.0
\@emptytoks=\toks32
\ex@=\dimen177
))
(/usr/share/texlive/texmf-dist/tex/latex/amsmath/amsbsy.sty
Package: amsbsy 1999/11/29 v1.2d
\pmbraise@=\dimen178
)
(/usr/share/texlive/texmf-dist/tex/latex/amsmath/amsopn.sty
Package: amsopn 1999/12/14 v2.01 operator names
)
\inf@bad=\count140
LaTeX Info: Redefining \frac on input line 210.
\uproot@=\count141
\leftroot@=\count142
LaTeX Info: Redefining \overline on input line 306.
\classnum@=\count143
\DOTSCASE@=\count144
LaTeX Info: Redefining \ldots on input line 378.
LaTeX Info: Redefining \dots on input line 381.
LaTeX Info: Redefining \cdots on input line 466.
\Mathstrutbox@=\box51
\strutbox@=\box52
\big@size=\dimen179
LaTeX Font Info:    Redeclaring font encoding OML on input line 566.
LaTeX Font Info:    Redeclaring font encoding OMS on input line 567.
\macc@depth=\count145
\c@MaxMatrixCols=\count146
\dotsspace@=\muskip11
\c@parentequation=\count147
\dspbrk@lvl=\count148
\tag@help=\toks33
\row@=\count149
\column@=\count150
\maxfields@=\count151
\andhelp@=\toks34
\eqnshift@=\dimen180
\alignsep@=\dimen181
\tagshift@=\dimen182
\tagwidth@=\dimen183
\totwidth@=\dimen184
\lineht@=\dimen185
\@envbody=\toks35
\multlinegap=\skip52
\multlinetaggap=\skip53
\mathdisplay@stack=\toks36
LaTeX Info: Redefining \[ on input line 2665.
LaTeX Info: Redefining \] on input line 2666.
)
(/usr/share/texlive/texmf-dist/tex/latex/amscls/amsthm.sty
Package: amsthm 2009/07/02 v2.20.1
\thm@style=\toks37
\thm@bodyfont=\toks38
\thm@headfont=\toks39
\thm@notefont=\toks40
\thm@headpunct=\toks41
\thm@preskip=\skip54
\thm@postskip=\skip55
\thm@headsep=\skip56
\dth@everypar=\toks42
)
\c@theorem=\count152
)
(/usr/share/texlive/texmf-dist/tex/latex/beamer/beamerbasethemes.sty
Package: beamerbasethemes 2010/05/01  (rcs-revision efa082c6111d)
))
(/usr/share/texlive/texmf-dist/tex/latex/beamer/themes/theme/beamerthemedefault
.sty
Package: beamerthemedefault 2010/06/17  (rcs-revision d02a7cf4d8ae)

(/usr/share/texlive/texmf-dist/tex/latex/beamer/themes/font/beamerfontthemedefa
ult.sty
Package: beamerfontthemedefault 2012/12/19  (rcs-revision 1686da3db3c9)
)
(/usr/share/texlive/texmf-dist/tex/latex/beamer/themes/color/beamercolorthemede
fault.sty
Package: beamercolorthemedefault 2012/12/19  (rcs-revision 1686da3db3c9)
)
(/usr/share/texlive/texmf-dist/tex/latex/beamer/themes/inner/beamerinnerthemede
fault.sty
Package: beamerinnerthemedefault 2013/10/15  (rcs-revision 65cb471f9634)
\beamer@dima=\dimen186
\beamer@dimb=\dimen187
)
(/usr/share/texlive/texmf-dist/tex/latex/beamer/themes/outer/beamerouterthemede
fault.sty
Package: beamerouterthemedefault 2012/12/19  (rcs-revision 1686da3db3c9)
)))
(/usr/share/texlive/texmf-dist/tex/latex/beamer/themes/color/beamercolorthemedo
ve.sty
Package: beamercolorthemedove 2012/02/23  (rcs-revision 406bcaf3a3c7)
) (/usr/share/texlive/texmf-dist/tex/latex/pgf/frontendlayer/tikz.sty
(/usr/share/texlive/texmf-dist/tex/latex/pgf/basiclayer/pgf.sty
Package: pgf 2013/12/18 v3.0.0 (rcs-revision 1.14)

(/usr/share/texlive/texmf-dist/tex/generic/pgf/modules/pgfmoduleshapes.code.tex
File: pgfmoduleshapes.code.tex 2013/10/31  (rcs-revision 1.34)
\pgfnodeparttextbox=\box53
) (/usr/share/texlive/texmf-dist/tex/generic/pgf/modules/pgfmoduleplot.code.tex
File: pgfmoduleplot.code.tex 2013/07/31  (rcs-revision 1.12)
)
(/usr/share/texlive/texmf-dist/tex/latex/pgf/compatibility/pgfcomp-version-0-65
.sty
Package: pgfcomp-version-0-65 2007/07/03 v3.0.0 (rcs-revision 1.7)
\pgf@nodesepstart=\dimen188
\pgf@nodesepend=\dimen189
)
(/usr/share/texlive/texmf-dist/tex/latex/pgf/compatibility/pgfcomp-version-1-18
.sty
Package: pgfcomp-version-1-18 2007/07/23 v3.0.0 (rcs-revision 1.1)
)) (/usr/share/texlive/texmf-dist/tex/latex/pgf/utilities/pgffor.sty
(/usr/share/texlive/texmf-dist/tex/latex/pgf/utilities/pgfkeys.sty
(/usr/share/texlive/texmf-dist/tex/generic/pgf/utilities/pgfkeys.code.tex))
(/usr/share/texlive/texmf-dist/tex/latex/pgf/math/pgfmath.sty
(/usr/share/texlive/texmf-dist/tex/generic/pgf/math/pgfmath.code.tex))
(/usr/share/texlive/texmf-dist/tex/generic/pgf/utilities/pgffor.code.tex
Package: pgffor 2013/12/13 v3.0.0 (rcs-revision 1.25)

(/usr/share/texlive/texmf-dist/tex/generic/pgf/math/pgfmath.code.tex)
\pgffor@iter=\dimen190
\pgffor@skip=\dimen191
\pgffor@stack=\toks43
\pgffor@toks=\toks44
))
(/usr/share/texlive/texmf-dist/tex/generic/pgf/frontendlayer/tikz/tikz.code.tex
Package: tikz 2013/12/13 v3.0.0 (rcs-revision 1.142)

(/usr/share/texlive/texmf-dist/tex/generic/pgf/libraries/pgflibraryplothandlers
.code.tex
File: pgflibraryplothandlers.code.tex 2013/08/31 v3.0.0 (rcs-revision 1.20)
\pgf@plot@mark@count=\count153
\pgfplotmarksize=\dimen192
)
\tikz@lastx=\dimen193
\tikz@lasty=\dimen194
\tikz@lastxsaved=\dimen195
\tikz@lastysaved=\dimen196
\tikzleveldistance=\dimen197
\tikzsiblingdistance=\dimen198
\tikz@figbox=\box54
\tikz@figbox@bg=\box55
\tikz@tempbox=\box56
\tikz@tempbox@bg=\box57
\tikztreelevel=\count154
\tikznumberofchildren=\count155
\tikznumberofcurrentchild=\count156
\tikz@fig@count=\count157

(/usr/share/texlive/texmf-dist/tex/generic/pgf/modules/pgfmodulematrix.code.tex
File: pgfmodulematrix.code.tex 2013/09/17  (rcs-revision 1.8)
\pgfmatrixcurrentrow=\count158
\pgfmatrixcurrentcolumn=\count159
\pgf@matrix@numberofcolumns=\count160
)
\tikz@expandcount=\count161

(/usr/share/texlive/texmf-dist/tex/generic/pgf/frontendlayer/tikz/libraries/tik
zlibrarytopaths.code.tex
File: tikzlibrarytopaths.code.tex 2008/06/17 v3.0.0 (rcs-revision 1.2)
)))
(/usr/share/texlive/texmf-dist/tex/latex/float/float.sty
Package: float 2001/11/08 v1.3d Float enhancements (AL)
\c@float@type=\count162
\float@exts=\toks45
\float@box=\box58
\@float@everytoks=\toks46
\@floatcapt=\box59
)
(/usr/share/texlive/texmf-dist/tex/latex/natbib/natbib.sty
Package: natbib 2010/09/13 8.31b (PWD, AO)
\bibhang=\skip57
\bibsep=\skip58
LaTeX Info: Redefining \cite on input line 694.
\c@NAT@ctr=\count163
)
Package hyperref Info: Option `colorlinks' set `true' on input line 42.

(/usr/share/texlive/texmf-dist/tex/latex/appendixnumberbeamer/appendixnumberbea
mer.sty) (/usr/share/texlive/texmf-dist/tex/latex/caption/caption.sty
Package: caption 2013/05/02 v3.3-89 Customizing captions (AR)

(/usr/share/texlive/texmf-dist/tex/latex/caption/caption3.sty
Package: caption3 2013/05/02 v1.6-88 caption3 kernel (AR)
Package caption3 Info: TeX engine: e-TeX on input line 57.
\captionmargin=\dimen199
\captionmargin@=\dimen200
\captionwidth=\dimen201
\caption@tempdima=\dimen202
\caption@indent=\dimen203
\caption@parindent=\dimen204
\caption@hangindent=\dimen205
)
\c@ContinuedFloat=\count164
Package caption Info: beamer document class.
Package caption Info: float package is loaded.
Package caption Info: hyperref package is loaded.
Package caption Info: Hyperref support is turned off
(caption)             because hyperref has stopped early.
)

Package hyperref Warning: Token not allowed in a PDF string (PDFDocEncoding):
(hyperref)                removing `\new@ifnextchar' on input line 74.


Package hyperref Warning: Token not allowed in a PDF string (PDFDocEncoding):
(hyperref)                removing `\new@ifnextchar' on input line 74.


Package hyperref Warning: Token not allowed in a PDF string (PDFDocEncoding):
(hyperref)                removing `math shift' on input line 74.


Package hyperref Warning: Token not allowed in a PDF string (PDFDocEncoding):
(hyperref)                removing `superscript' on input line 74.


Package hyperref Warning: Token not allowed in a PDF string (PDFDocEncoding):
(hyperref)                removing `math shift' on input line 74.


Package hyperref Warning: Token not allowed in a PDF string (PDFDocEncoding):
(hyperref)                removing `math shift' on input line 74.


Package hyperref Warning: Token not allowed in a PDF string (PDFDocEncoding):
(hyperref)                removing `superscript' on input line 74.


Package hyperref Warning: Token not allowed in a PDF string (PDFDocEncoding):
(hyperref)                removing `math shift' on input line 74.


Package hyperref Warning: Token not allowed in a PDF string (PDFDocEncoding):
(hyperref)                removing `math shift' on input line 74.


Package hyperref Warning: Token not allowed in a PDF string (PDFDocEncoding):
(hyperref)                removing `superscript' on input line 74.


Package hyperref Warning: Token not allowed in a PDF string (PDFDocEncoding):
(hyperref)                removing `math shift' on input line 74.


Package hyperref Warning: Token not allowed in a PDF string (PDFDocEncoding):
(hyperref)                removing `math shift' on input line 74.


Package hyperref Warning: Token not allowed in a PDF string (PDFDocEncoding):
(hyperref)                removing `superscript' on input line 74.


Package hyperref Warning: Token not allowed in a PDF string (PDFDocEncoding):
(hyperref)                removing `math shift' on input line 74.

(./storyline.aux

LaTeX Warning: Label `fig:evolution_southern_ocean_carbon_sink' multiply define
d.


LaTeX Warning: Label `fig:SO_review' multiply defined.


LaTeX Warning: Label `fig:schematics_neg' multiply defined.


LaTeX Warning: Label `fig:schematics_neg' multiply defined.


LaTeX Warning: Label `fig:schematics_neg' multiply defined.


LaTeX Warning: Label `fig:UOOC_pos' multiply defined.


LaTeX Warning: Label `fig:schematics_neg' multiply defined.


LaTeX Warning: Label `fig:schematics_neg' multiply defined.


LaTeX Warning: Label `fig:heatmap' multiply defined.


LaTeX Warning: Label `fig:heatmap' multiply defined.


LaTeX Warning: Label `fig:heatmap' multiply defined.


LaTeX Warning: Label `fig:SOCS_ensmean_ensstd' multiply defined.

)
\openout1 = `storyline.aux'.

LaTeX Font Info:    Checking defaults for OML/cmm/m/it on input line 74.
LaTeX Font Info:    ... okay on input line 74.
LaTeX Font Info:    Checking defaults for T1/cmr/m/n on input line 74.
LaTeX Font Info:    ... okay on input line 74.
LaTeX Font Info:    Checking defaults for OT1/cmr/m/n on input line 74.
LaTeX Font Info:    ... okay on input line 74.
LaTeX Font Info:    Checking defaults for OMS/cmsy/m/n on input line 74.
LaTeX Font Info:    ... okay on input line 74.
LaTeX Font Info:    Checking defaults for OMX/cmex/m/n on input line 74.
LaTeX Font Info:    ... okay on input line 74.
LaTeX Font Info:    Checking defaults for U/cmr/m/n on input line 74.
LaTeX Font Info:    ... okay on input line 74.
LaTeX Font Info:    Checking defaults for PD1/pdf/m/n on input line 74.
LaTeX Font Info:    ... okay on input line 74.

*geometry* driver: auto-detecting
*geometry* detected driver: pdftex
*geometry* verbose mode - [ preamble ] result:
* driver: pdftex
* paper: custom
* layout: <same size as paper>
* layoutoffset:(h,v)=(0.0pt,0.0pt)
* modes: includehead includefoot 
* h-part:(L,W,R)=(28.45274pt, 398.3386pt, 28.45274pt)
* v-part:(T,H,B)=(0.0pt, 256.0748pt, 0.0pt)
* \paperwidth=455.24408pt
* \paperheight=256.0748pt
* \textwidth=398.3386pt
* \textheight=227.62207pt
* \oddsidemargin=-43.81725pt
* \evensidemargin=-43.81725pt
* \topmargin=-72.26999pt
* \headheight=14.22636pt
* \headsep=0.0pt
* \topskip=11.0pt
* \footskip=14.22636pt
* \marginparwidth=4.0pt
* \marginparsep=10.0pt
* \columnsep=10.0pt
* \skip\footins=10.0pt plus 4.0pt minus 2.0pt
* \hoffset=0.0pt
* \voffset=0.0pt
* \mag=1000
* \@twocolumnfalse
* \@twosidefalse
* \@mparswitchfalse
* \@reversemarginfalse
* (1in=72.27pt=25.4mm, 1cm=28.453pt)

(/usr/share/texlive/texmf-dist/tex/context/base/supp-pdf.mkii
[Loading MPS to PDF converter (version 2006.09.02).]
\scratchcounter=\count165
\scratchdimen=\dimen206
\scratchbox=\box60
\nofMPsegments=\count166
\nofMParguments=\count167
\everyMPshowfont=\toks47
\MPscratchCnt=\count168
\MPscratchDim=\dimen207
\MPnumerator=\count169
\makeMPintoPDFobject=\count170
\everyMPtoPDFconversion=\toks48
) (/usr/share/texlive/texmf-dist/tex/latex/oberdiek/epstopdf-base.sty
Package: epstopdf-base 2010/02/09 v2.5 Base part for package epstopdf

(/usr/share/texlive/texmf-dist/tex/latex/oberdiek/grfext.sty
Package: grfext 2010/08/19 v1.1 Manage graphics extensions (HO)
)
Package grfext Info: Graphics extension search list:
(grfext)             [.png,.pdf,.jpg,.mps,.jpeg,.jbig2,.jb2,.PNG,.PDF,.JPG,.JPE
G,.JBIG2,.JB2,.eps]
(grfext)             \AppendGraphicsExtensions on input line 452.

(/usr/share/texlive/texmf-dist/tex/latex/latexconfig/epstopdf-sys.cfg
File: epstopdf-sys.cfg 2010/07/13 v1.3 Configuration of (r)epstopdf for TeX Liv
e
))
ABD: EveryShipout initializing macros
\AtBeginShipoutBox=\box61
Package hyperref Info: Link coloring ON on input line 74.

(/usr/share/texlive/texmf-dist/tex/latex/hyperref/nameref.sty
Package: nameref 2012/10/27 v2.43 Cross-referencing by name of section

(/usr/share/texlive/texmf-dist/tex/generic/oberdiek/gettitlestring.sty
Package: gettitlestring 2010/12/03 v1.4 Cleanup title references (HO)
)
\c@section@level=\count171
)
LaTeX Info: Redefining \ref on input line 74.
LaTeX Info: Redefining \pageref on input line 74.
LaTeX Info: Redefining \nameref on input line 74.

(./storyline.out) (./storyline.out)
\@outlinefile=\write5
\openout5 = `storyline.out'.

LaTeX Font Info:    Overwriting symbol font `operators' in version `normal'
(Font)                  OT1/cmr/m/n --> OT1/cmss/m/n on input line 74.
LaTeX Font Info:    Overwriting symbol font `operators' in version `bold'
(Font)                  OT1/cmr/bx/n --> OT1/cmss/bx/n on input line 74.
\symnumbers=\mathgroup6
\sympureletters=\mathgroup7
LaTeX Font Info:    Overwriting math alphabet `\mathrm' in version `normal'
(Font)                  OT1/cmss/m/n --> OT1/cmr/m/n on input line 74.
LaTeX Font Info:    Redeclaring math alphabet \mathbf on input line 74.
LaTeX Font Info:    Overwriting math alphabet `\mathbf' in version `normal'
(Font)                  OT1/cmr/bx/n --> OT1/cmss/bx/n on input line 74.
LaTeX Font Info:    Overwriting math alphabet `\mathbf' in version `bold'
(Font)                  OT1/cmr/bx/n --> OT1/cmss/bx/n on input line 74.
LaTeX Font Info:    Redeclaring math alphabet \mathsf on input line 74.
LaTeX Font Info:    Overwriting math alphabet `\mathsf' in version `normal'
(Font)                  OT1/cmss/m/n --> OT1/cmss/m/n on input line 74.
LaTeX Font Info:    Overwriting math alphabet `\mathsf' in version `bold'
(Font)                  OT1/cmss/bx/n --> OT1/cmss/m/n on input line 74.
LaTeX Font Info:    Redeclaring math alphabet \mathit on input line 74.
LaTeX Font Info:    Overwriting math alphabet `\mathit' in version `normal'
(Font)                  OT1/cmr/m/it --> OT1/cmss/m/it on input line 74.
LaTeX Font Info:    Overwriting math alphabet `\mathit' in version `bold'
(Font)                  OT1/cmr/bx/it --> OT1/cmss/m/it on input line 74.
LaTeX Font Info:    Redeclaring math alphabet \mathtt on input line 74.
LaTeX Font Info:    Overwriting math alphabet `\mathtt' in version `normal'
(Font)                  OT1/cmtt/m/n --> OT1/cmtt/m/n on input line 74.
LaTeX Font Info:    Overwriting math alphabet `\mathtt' in version `bold'
(Font)                  OT1/cmtt/m/n --> OT1/cmtt/m/n on input line 74.
LaTeX Font Info:    Overwriting symbol font `numbers' in version `bold'
(Font)                  OT1/cmss/m/n --> OT1/cmss/bx/n on input line 74.
LaTeX Font Info:    Overwriting symbol font `pureletters' in version `bold'
(Font)                  OT1/cmss/m/it --> OT1/cmss/bx/it on input line 74.
LaTeX Font Info:    Overwriting math alphabet `\mathrm' in version `bold'
(Font)                  OT1/cmss/bx/n --> OT1/cmr/bx/n on input line 74.
LaTeX Font Info:    Overwriting math alphabet `\mathbf' in version `bold'
(Font)                  OT1/cmss/bx/n --> OT1/cmss/bx/n on input line 74.
LaTeX Font Info:    Overwriting math alphabet `\mathsf' in version `bold'
(Font)                  OT1/cmss/m/n --> OT1/cmss/bx/n on input line 74.
LaTeX Font Info:    Overwriting math alphabet `\mathit' in version `bold'
(Font)                  OT1/cmss/m/it --> OT1/cmss/bx/it on input line 74.
LaTeX Font Info:    Overwriting math alphabet `\mathtt' in version `bold'
(Font)                  OT1/cmtt/m/n --> OT1/cmtt/bx/n on input line 74.
LaTeX Font Info:    Redeclaring symbol font `pureletters' on input line 74.
LaTeX Font Info:    Overwriting symbol font `pureletters' in version `normal'
(Font)                  OT1/cmss/m/it --> OT1/mathkerncmss/m/sl on input line 7
4.
LaTeX Font Info:    Overwriting symbol font `pureletters' in version `bold'
(Font)                  OT1/cmss/bx/it --> OT1/mathkerncmss/m/sl on input line 
74.
LaTeX Font Info:    Overwriting symbol font `pureletters' in version `bold'
(Font)                  OT1/mathkerncmss/m/sl --> OT1/mathkerncmss/bx/sl on inp
ut line 74.

(/usr/share/texlive/texmf-dist/tex/latex/beamer/translator/dicts/translator-bas
ic-dictionary/translator-basic-dictionary-English.dict
Dictionary: translator-basic-dictionary, Language: English 
)
(/usr/share/texlive/texmf-dist/tex/latex/beamer/translator/dicts/translator-bib
liography-dictionary/translator-bibliography-dictionary-English.dict
Dictionary: translator-bibliography-dictionary, Language: English 
)
(/usr/share/texlive/texmf-dist/tex/latex/beamer/translator/dicts/translator-env
ironment-dictionary/translator-environment-dictionary-English.dict
Dictionary: translator-environment-dictionary, Language: English 
)
(/usr/share/texlive/texmf-dist/tex/latex/beamer/translator/dicts/translator-mon
ths-dictionary/translator-months-dictionary-English.dict
Dictionary: translator-months-dictionary, Language: English 
)
(/usr/share/texlive/texmf-dist/tex/latex/beamer/translator/dicts/translator-num
bers-dictionary/translator-numbers-dictionary-English.dict
Dictionary: translator-numbers-dictionary, Language: English 
)
(/usr/share/texlive/texmf-dist/tex/latex/beamer/translator/dicts/translator-the
orem-dictionary/translator-theorem-dictionary-English.dict
Dictionary: translator-theorem-dictionary, Language: English 
)
LaTeX Info: Redefining \includegraphics on input line 74.
Package caption Info: Begin \AtBeginDocument code.
Package caption Info: End \AtBeginDocument code.
 (./storyline.nav)
<MPIM_Titelseite_unten.pdf, id=49, 722.7pt x 42.67944pt>
File: MPIM_Titelseite_unten.pdf Graphic file (type pdf)

<use MPIM_Titelseite_unten.pdf>
Package pdftex.def Info: MPIM_Titelseite_unten.pdf used on input line 74.
(pdftex.def)             Requested size: 455.24408pt x 26.88492pt.
LaTeX Font Info:    Try loading font information for U+msa on input line 77.

(/usr/share/texlive/texmf-dist/tex/latex/amsfonts/umsa.fd
File: umsa.fd 2013/01/14 v3.01 AMS symbols A
)
LaTeX Font Info:    Try loading font information for U+msb on input line 77.

(/usr/share/texlive/texmf-dist/tex/latex/amsfonts/umsb.fd
File: umsb.fd 2013/01/14 v3.01 AMS symbols B
)
LaTeX Font Info:    Try loading font information for OT1+mathkerncmss on input 
line 77.

(/usr/share/texlive/texmf-dist/tex/latex/sansmathaccent/ot1mathkerncmss.fd
File: ot1mathkerncmss.fd 2013/03/27 Fontinst v1.933 font definitions for OT1/ma
thkerncmss.
)

LaTeX Font Warning: Font shape `OT1/cmss/m/n' in size <4> not available
(Font)              size <5> substituted on input line 77.

File: MPIM_Titelseite_unten.pdf Graphic file (type pdf)
<use MPIM_Titelseite_unten.pdf>
Package pdftex.def Info: MPIM_Titelseite_unten.pdf used on input line 77.
(pdftex.def)             Requested size: 455.24408pt x 26.88492pt.
 [1

{/var/lib/texmf/fonts/map/pdftex/updmap/pdftex.map} <./MPIM_Titelseite_unten.pd
f>]
</home/mpim/m300524/MSc_Thesis/gfx/Southern_Ocean_Circulation.png, id=62, 661.7
2218pt x 572.19958pt>
File: /home/mpim/m300524/MSc_Thesis/gfx/Southern_Ocean_Circulation.png Graphic 
file (type png)

<use /home/mpim/m300524/MSc_Thesis/gfx/Southern_Ocean_Circulation.png>
Package pdftex.def Info: /home/mpim/m300524/MSc_Thesis/gfx/Southern_Ocean_Circu
lation.png used on input line 111.
(pdftex.def)             Requested size: 287.52931pt x 164.02097pt.

Overfull \hbox (88.36002pt too wide) in paragraph at lines 111--111
 [][] 
 []


Overfull \vbox (10.83244pt too high) detected at line 111
 []

File: MPIM_Titelseite_unten.pdf Graphic file (type pdf)
<use MPIM_Titelseite_unten.pdf>
Package pdftex.def Info: MPIM_Titelseite_unten.pdf used on input line 111.
(pdftex.def)             Requested size: 455.24408pt x 26.88492pt.
 [2

 </home/mpim/m300524/MSc_Thesis/gfx/Southern_Ocean_Circulation.png>]
Underfull \hbox (badness 10000) in paragraph at lines 128--128

 []


Underfull \hbox (badness 10000) in paragraph at lines 128--128

 []


Underfull \hbox (badness 10000) in paragraph at lines 128--128

 []


</home/mpim/m300524/MSc_Thesis/gfx/landschuetzer_fig1.png, id=78, 1038.88126pt 
x 488.82625pt>
File: /home/mpim/m300524/MSc_Thesis/gfx/landschuetzer_fig1.png Graphic file (ty
pe png)
 <use /home/mpim/m300524/MSc_Thesis/gfx/landschuetzer_fig1.png>
Package pdftex.def Info: /home/mpim/m300524/MSc_Thesis/gfx/landschuetzer_fig1.p
ng used on input line 128.
(pdftex.def)             Requested size: 327.24933pt x 153.98108pt.

Overfull \vbox (12.06343pt too high) detected at line 128
 []

File: MPIM_Titelseite_unten.pdf Graphic file (type pdf)
<use MPIM_Titelseite_unten.pdf>
Package pdftex.def Info: MPIM_Titelseite_unten.pdf used on input line 128.
(pdftex.def)             Requested size: 455.24408pt x 26.88492pt.
 [3

 </home/mpim/m300524/MSc_Thesis/gfx/landschuetzer_fig1.png>]
</home/mpim/m300524/MSc_Thesis/gfx/Bakker_fig8.png, id=86, 668.4975pt x 586.355
56pt>
File: /home/mpim/m300524/MSc_Thesis/gfx/Bakker_fig8.png Graphic file (type png)

 <use /home/mpim/m300524/MSc_Thesis/gfx/Bakker_fig8.png>
Package pdftex.def Info: /home/mpim/m300524/MSc_Thesis/gfx/Bakker_fig8.png used
 on input line 151.
(pdftex.def)             Requested size: 150.41565pt x 131.93324pt.

</home/mpim/m300524/MSc_Thesis/gfx/Landschuetzer2015_fig3.png, id=87, 506.6428p
t x 379.97629pt>
File: /home/mpim/m300524/MSc_Thesis/gfx/Landschuetzer2015_fig3.png Graphic file
 (type png)

<use /home/mpim/m300524/MSc_Thesis/gfx/Landschuetzer2015_fig3.png>
Package pdftex.def Info: /home/mpim/m300524/MSc_Thesis/gfx/Landschuetzer2015_fi
g3.png used on input line 151.
(pdftex.def)             Requested size: 151.994pt x 113.99376pt.

Overfull \vbox (17.2835pt too high) detected at line 151
 []

File: MPIM_Titelseite_unten.pdf Graphic file (type pdf)
<use MPIM_Titelseite_unten.pdf>
Package pdftex.def Info: MPIM_Titelseite_unten.pdf used on input line 151.
(pdftex.def)             Requested size: 455.24408pt x 26.88492pt.
 [4

 </home/mpim/m300524/MSc_Thesis/gfx/Bakker_fig8.png> </home/mpim/m300524/MSc_Th
esis/gfx/Landschuetzer2015_fig3.png>]
File: /home/mpim/m300524/MSc_Thesis/gfx/Bakker_fig8.png Graphic file (type png)


<use /home/mpim/m300524/MSc_Thesis/gfx/Bakker_fig8.png>
Package pdftex.def Info: /home/mpim/m300524/MSc_Thesis/gfx/Bakker_fig8.png used
 on input line 151.
(pdftex.def)             Requested size: 150.41565pt x 131.93324pt.
File: /home/mpim/m300524/MSc_Thesis/gfx/Landschuetzer2015_fig3.png Graphic file
 (type png)

<use /home/mpim/m300524/MSc_Thesis/gfx/Landschuetzer2015_fig3.png>
Package pdftex.def Info: /home/mpim/m300524/MSc_Thesis/gfx/Landschuetzer2015_fi
g3.png used on input line 151.
(pdftex.def)             Requested size: 151.994pt x 113.99376pt.

Overfull \vbox (17.2835pt too high) detected at line 151
 []

File: MPIM_Titelseite_unten.pdf Graphic file (type pdf)
<use MPIM_Titelseite_unten.pdf>
Package pdftex.def Info: MPIM_Titelseite_unten.pdf used on input line 151.
(pdftex.def)             Requested size: 455.24408pt x 26.88492pt.
 [5

]
</home/mpim/m300524/MSc_Thesis/gfx/Lovenduski2007_fig9.png, id=100, 498.36188pt
 x 590.82588pt>
File: /home/mpim/m300524/MSc_Thesis/gfx/Lovenduski2007_fig9.png Graphic file (t
ype png)

<use /home/mpim/m300524/MSc_Thesis/gfx/Lovenduski2007_fig9.png>
Package pdftex.def Info: /home/mpim/m300524/MSc_Thesis/gfx/Lovenduski2007_fig9.
png used on input line 173.
(pdftex.def)             Requested size: 112.13419pt x 132.9391pt.

</home/mpim/m300524/MSc_Thesis/gfx/wang20161d.pdf, id=101, 597.23125pt x 845.15
75pt>
File: /home/mpim/m300524/MSc_Thesis/gfx/wang20161d.pdf Graphic file (type pdf)
 <use /home/mpim/m300524/MSc_Thesis/gfx/wang20161d.pdf>
Package pdftex.def Info: /home/mpim/m300524/MSc_Thesis/gfx/wang20161d.pdf used 
on input line 173.
(pdftex.def)             Requested size: 161.25458pt x 132.93452pt.

Overfull \vbox (18.28935pt too high) detected at line 173
 []

File: MPIM_Titelseite_unten.pdf Graphic file (type pdf)
<use MPIM_Titelseite_unten.pdf>
Package pdftex.def Info: MPIM_Titelseite_unten.pdf used on input line 173.
(pdftex.def)             Requested size: 455.24408pt x 26.88492pt.
 [6

 </home/mpim/m300524/MSc_Thesis/gfx/wang20161d.pdf> </home/mpim/m300524/MSc_The
sis/gfx/Lovenduski2007_fig9.png>]
File: /home/mpim/m300524/MSc_Thesis/gfx/Lovenduski2007_fig9.png Graphic file (t
ype png)

<use /home/mpim/m300524/MSc_Thesis/gfx/Lovenduski2007_fig9.png>
Package pdftex.def Info: /home/mpim/m300524/MSc_Thesis/gfx/Lovenduski2007_fig9.
png used on input line 173.
(pdftex.def)             Requested size: 112.13419pt x 132.9391pt.
File: /home/mpim/m300524/MSc_Thesis/gfx/wang20161d.pdf Graphic file (type pdf)

<use /home/mpim/m300524/MSc_Thesis/gfx/wang20161d.pdf>
Package pdftex.def Info: /home/mpim/m300524/MSc_Thesis/gfx/wang20161d.pdf used 
on input line 173.
(pdftex.def)             Requested size: 161.25458pt x 132.93452pt.

Overfull \vbox (18.28935pt too high) detected at line 173
 []

File: MPIM_Titelseite_unten.pdf Graphic file (type pdf)
<use MPIM_Titelseite_unten.pdf>
Package pdftex.def Info: MPIM_Titelseite_unten.pdf used on input line 173.
(pdftex.def)             Requested size: 455.24408pt x 26.88492pt.
 [7

]
</home/mpim/m300524/MSc_Thesis/gfx/MPIESM.pdf, id=126, 796.9775pt x 597.23125pt
>
File: /home/mpim/m300524/MSc_Thesis/gfx/MPIESM.pdf Graphic file (type pdf)
 <use /home/mpim/m300524/MSc_Thesis/gfx/MPIESM.pdf>
Package pdftex.def Info: /home/mpim/m300524/MSc_Thesis/gfx/MPIESM.pdf used on i
nput line 193.
(pdftex.def)             Requested size: 223.15218pt x 119.42331pt.

Overfull \hbox (4.06474pt too wide) in paragraph at lines 193--193
[][] 
 []


</home/mpim/m300524/MSc_Thesis/gfx/hamocc.png, id=128, 642.90187pt x 596.78629p
t>
File: /home/mpim/m300524/MSc_Thesis/gfx/hamocc.png Graphic file (type png)
 <use /home/mpim/m300524/MSc_Thesis/gfx/hamocc.png>
Package pdftex.def Info: /home/mpim/m300524/MSc_Thesis/gfx/hamocc.png used on i
nput line 193.
(pdftex.def)             Requested size: 128.5781pt x 119.35513pt.

Overfull \vbox (11.77356pt too high) detected at line 193
 []

File: MPIM_Titelseite_unten.pdf Graphic file (type pdf)
<use MPIM_Titelseite_unten.pdf>
Package pdftex.def Info: MPIM_Titelseite_unten.pdf used on input line 193.
(pdftex.def)             Requested size: 455.24408pt x 26.88492pt.
 [8

 </home/mpim/m300524/MSc_Thesis/gfx/MPIESM.pdf> </home/mpim/m300524/MSc_Thesis/
gfx/hamocc.png>]
File: /home/mpim/m300524/MSc_Thesis/gfx/MPIESM.pdf Graphic file (type pdf)

<use /home/mpim/m300524/MSc_Thesis/gfx/MPIESM.pdf>
Package pdftex.def Info: /home/mpim/m300524/MSc_Thesis/gfx/MPIESM.pdf used on i
nput line 193.
(pdftex.def)             Requested size: 223.15218pt x 119.42331pt.

Overfull \hbox (4.06474pt too wide) in paragraph at lines 193--193
[][] 
 []

File: /home/mpim/m300524/MSc_Thesis/gfx/hamocc.png Graphic file (type png)
<use /home/mpim/m300524/MSc_Thesis/gfx/hamocc.png>
Package pdftex.def Info: /home/mpim/m300524/MSc_Thesis/gfx/hamocc.png used on i
nput line 193.
(pdftex.def)             Requested size: 128.5781pt x 119.35513pt.

Overfull \vbox (11.77356pt too high) detected at line 193
 []

File: MPIM_Titelseite_unten.pdf Graphic file (type pdf)
<use MPIM_Titelseite_unten.pdf>
Package pdftex.def Info: MPIM_Titelseite_unten.pdf used on input line 193.
(pdftex.def)             Requested size: 455.24408pt x 26.88492pt.
 [9

]
File: MPIM_Titelseite_unten.pdf Graphic file (type pdf)
 <use MPIM_Titelseite_unten.pdf>
Package pdftex.def Info: MPIM_Titelseite_unten.pdf used on input line 203.
(pdftex.def)             Requested size: 455.24408pt x 26.88492pt.
 [10

]
File: MPIM_Titelseite_unten.pdf Graphic file (type pdf)

<use MPIM_Titelseite_unten.pdf>
Package pdftex.def Info: MPIM_Titelseite_unten.pdf used on input line 203.
(pdftex.def)             Requested size: 455.24408pt x 26.88492pt.
 [11

]
File: MPIM_Titelseite_unten.pdf Graphic file (type pdf)
 <use MPIM_Titelseite_unten.pdf>
Package pdftex.def Info: MPIM_Titelseite_unten.pdf used on input line 203.
(pdftex.def)             Requested size: 455.24408pt x 26.88492pt.
 [12

]
Overfull \hbox (24.26276pt too wide) detected at line 231
[] \OT1/cmss/m/n/10.95 = [] + []
 []


</home/mpim/m300524/MSc_Thesis/gfx/Kay_fig2.png, id=170, 664.73344pt x 341.2336
1pt>
File: /home/mpim/m300524/MSc_Thesis/gfx/Kay_fig2.png Graphic file (type png)
 <use /home/mpim/m300524/MSc_Thesis/gfx/Kay_fig2.png>
Package pdftex.def Info: /home/mpim/m300524/MSc_Thesis/gfx/Kay_fig2.png used on
 input line 231.
(pdftex.def)             Requested size: 212.71904pt x 109.19698pt.

Overfull \vbox (8.06645pt too high) detected at line 231
 []

File: MPIM_Titelseite_unten.pdf Graphic file (type pdf)
<use MPIM_Titelseite_unten.pdf>
Package pdftex.def Info: MPIM_Titelseite_unten.pdf used on input line 231.
(pdftex.def)             Requested size: 455.24408pt x 26.88492pt.
 [13

 </home/mpim/m300524/MSc_Thesis/gfx/Kay_fig2.png>]
Overfull \hbox (24.26276pt too wide) detected at line 231
[] \OT1/cmss/m/n/10.95 = [] + []
 []

File: /home/mpim/m300524/MSc_Thesis/gfx/Kay_fig2.png Graphic file (type png)
<use /home/mpim/m300524/MSc_Thesis/gfx/Kay_fig2.png>
Package pdftex.def Info: /home/mpim/m300524/MSc_Thesis/gfx/Kay_fig2.png used on
 input line 231.
(pdftex.def)             Requested size: 212.71904pt x 109.19698pt.

Overfull \vbox (8.06645pt too high) detected at line 231
 []

File: MPIM_Titelseite_unten.pdf Graphic file (type pdf)
<use MPIM_Titelseite_unten.pdf>
Package pdftex.def Info: MPIM_Titelseite_unten.pdf used on input line 231.
(pdftex.def)             Requested size: 455.24408pt x 26.88492pt.
 [14

]
</home/mpim/m300524/MSc_Thesis/gfx/co2flux_SO_timeseries_ymjm_35S_1980_2015_tre
nd_8.pdf, id=186, 614.295pt x 794.97pt>
File: /home/mpim/m300524/MSc_Thesis/gfx/co2flux_SO_timeseries_ymjm_35S_1980_201
5_trend_8.pdf Graphic file (type pdf)

<use /home/mpim/m300524/MSc_Thesis/gfx/co2flux_SO_timeseries_ymjm_35S_1980_2015
_trend_8.pdf>
Package pdftex.def Info: /home/mpim/m300524/MSc_Thesis/gfx/co2flux_SO_timeserie
s_ymjm_35S_1980_2015_trend_8.pdf used on input line 244.
(pdftex.def)             Requested size: 154.66644pt x 317.98236pt.

Overfull \vbox (18.1298pt too high) detected at line 244
 []

File: MPIM_Titelseite_unten.pdf Graphic file (type pdf)
<use MPIM_Titelseite_unten.pdf>
Package pdftex.def Info: MPIM_Titelseite_unten.pdf used on input line 244.
(pdftex.def)             Requested size: 455.24408pt x 26.88492pt.
 [15

 </home/mpim/m300524/MSc_Thesis/gfx/co2flux_SO_timeseries_ymjm_35S_1980_2015_tr
end_8.pdf>]
</home/mpim/m300524/MSc_Thesis/gfx/co2flux_SO_timeseries_ymjm_35S_1980_2015_tre
nd_8.pdf, id=199, page=2, 614.295pt x 794.97pt>
File: /home/mpim/m300524/MSc_Thesis/gfx/co2flux_SO_timeseries_ymjm_35S_1980_201
5_trend_8.pdf Graphic file (type pdf)

<use /home/mpim/m300524/MSc_Thesis/gfx/co2flux_SO_timeseries_ymjm_35S_1980_2015
_trend_8.pdf, page 2>
Package pdftex.def Info: /home/mpim/m300524/MSc_Thesis/gfx/co2flux_SO_timeserie
s_ymjm_35S_1980_2015_trend_8.pdf, page2 used on input line 257.
(pdftex.def)             Requested size: 154.66644pt x 317.98236pt.
pdfTeX warning (ext4): destination with the same identifier (name{fig:evolution
_southern_ocean_carbon_sink}) has been already used, duplicate ignored
<to be read again> 
                   \relax 
l.257 \end{frame}
                 
Overfull \vbox (17.6357pt too high) detected at line 257
 []

File: MPIM_Titelseite_unten.pdf Graphic file (type pdf)
<use MPIM_Titelseite_unten.pdf>
Package pdftex.def Info: MPIM_Titelseite_unten.pdf used on input line 257.
(pdftex.def)             Requested size: 455.24408pt x 26.88492pt.
 [16

 </home/mpim/m300524/MSc_Thesis/gfx/co2flux_SO_timeseries_ymjm_35S_1980_2015_tr
end_8.pdf>]
</home/mpim/m300524/MSc_Thesis/gfx/Overview_SO_co2flux_intpp_ens_t1990s.pdf, id
=209, page=1, 614.295pt x 794.97pt>
File: /home/mpim/m300524/MSc_Thesis/gfx/Overview_SO_co2flux_intpp_ens_t1990s.pd
f Graphic file (type pdf)

<use /home/mpim/m300524/MSc_Thesis/gfx/Overview_SO_co2flux_intpp_ens_t1990s.pdf
, page 1>
Package pdftex.def Info: /home/mpim/m300524/MSc_Thesis/gfx/Overview_SO_co2flux_
intpp_ens_t1990s.pdf, page1 used on input line 270.
(pdftex.def)             Requested size: 409.43425pt x 140.55629pt.

Overfull \hbox (11.09566pt too wide) in paragraph at lines 270--270
 [] 
 []


Overfull \vbox (10.50655pt too high) detected at line 270
 []

File: MPIM_Titelseite_unten.pdf Graphic file (type pdf)
<use MPIM_Titelseite_unten.pdf>
Package pdftex.def Info: MPIM_Titelseite_unten.pdf used on input line 270.
(pdftex.def)             Requested size: 455.24408pt x 26.88492pt.
 [17

 </home/mpim/m300524/MSc_Thesis/gfx/Overview_SO_co2flux_intpp_ens_t1990s.pdf>]
</home/mpim/m300524/MSc_Thesis/gfx/EGU_new_SAM_Scatter_trends_bands_ensanom_co2
flux_vs_SAM_n1800_1980_1997_trend8.pdf, id=220, page=1, 614.295pt x 794.97pt>
File: /home/mpim/m300524/MSc_Thesis/gfx/EGU_new_SAM_Scatter_trends_bands_ensano
m_co2flux_vs_SAM_n1800_1980_1997_trend8.pdf Graphic file (type pdf)

<use /home/mpim/m300524/MSc_Thesis/gfx/EGU_new_SAM_Scatter_trends_bands_ensanom
_co2flux_vs_SAM_n1800_1980_1997_trend8.pdf, page 1>
Package pdftex.def Info: /home/mpim/m300524/MSc_Thesis/gfx/EGU_new_SAM_Scatter_
trends_bands_ensanom_co2flux_vs_SAM_n1800_1980_1997_trend8.pdf, page1 used on i
nput line 285.
(pdftex.def)             Requested size: 159.52106pt x 219.01501pt.

Overfull \vbox (18.3355pt too high) detected at line 285
 []

File: MPIM_Titelseite_unten.pdf Graphic file (type pdf)
<use MPIM_Titelseite_unten.pdf>
Package pdftex.def Info: MPIM_Titelseite_unten.pdf used on input line 285.
(pdftex.def)             Requested size: 455.24408pt x 26.88492pt.
 [18

 </home/mpim/m300524/MSc_Thesis/gfx/EGU_new_SAM_Scatter_trends_bands_ensanom_co
2flux_vs_SAM_n1800_1980_1997_trend8.pdf>]
File: /home/mpim/m300524/MSc_Thesis/gfx/Southern_Ocean_Circulation.png Graphic 
file (type png)

<use /home/mpim/m300524/MSc_Thesis/gfx/Southern_Ocean_Circulation.png>
Package pdftex.def Info: /home/mpim/m300524/MSc_Thesis/gfx/Southern_Ocean_Circu
lation.png used on input line 317.
(pdftex.def)             Requested size: 223.63933pt x 127.57495pt.

Overfull \hbox (24.47003pt too wide) in paragraph at lines 317--317
 [][] 
 []

pdfTeX warning (ext4): destination with the same identifier (name{fig:SO_review
}) has been already used, duplicate ignored
<to be read again> 
                   \relax 
l.317 \end{frame}
                 
</home/mpim/m300524/MSc_Thesis/gfx/SO_schematics.pdf, id=232, page=14, 845.1575
pt x 597.23125pt>
File: /home/mpim/m300524/MSc_Thesis/gfx/SO_schematics.pdf Graphic file (type pd
f)

<use /home/mpim/m300524/MSc_Thesis/gfx/SO_schematics.pdf, page 14>
Package pdftex.def Info: /home/mpim/m300524/MSc_Thesis/gfx/SO_schematics.pdf, p
age14 used on input line 317.
(pdftex.def)             Requested size: 182.83618pt x 111.60762pt.

Overfull \hbox (23.50319pt too wide) in paragraph at lines 317--317
 [] 
 []

File: MPIM_Titelseite_unten.pdf Graphic file (type pdf)
<use MPIM_Titelseite_unten.pdf>
Package pdftex.def Info: MPIM_Titelseite_unten.pdf used on input line 317.
(pdftex.def)             Requested size: 455.24408pt x 26.88492pt.
 [19

 </home/mpim/m300524/MSc_Thesis/gfx/SO_schematics.pdf>]
</home/mpim/m300524/MSc_Thesis/gfx/m178_1985_1992_positive_trend_8_Landschuetze
r_overview.pdf, id=250, 614.295pt x 794.97pt>
File: /home/mpim/m300524/MSc_Thesis/gfx/m178_1985_1992_positive_trend_8_Landsch
uetzer_overview.pdf Graphic file (type pdf)

<use /home/mpim/m300524/MSc_Thesis/gfx/m178_1985_1992_positive_trend_8_Landschu
etzer_overview.pdf>
Package pdftex.def Info: /home/mpim/m300524/MSc_Thesis/gfx/m178_1985_1992_posit
ive_trend_8_Landschuetzer_overview.pdf used on input line 342.
(pdftex.def)             Requested size: 189.41313pt x 138.14224pt.
File: /home/mpim/m300524/MSc_Thesis/gfx/m178_1985_1992_positive_trend_8_Landsch
uetzer_overview.pdf Graphic file (type pdf)

<use /home/mpim/m300524/MSc_Thesis/gfx/m178_1985_1992_positive_trend_8_Landschu
etzer_overview.pdf>
Package pdftex.def Info: /home/mpim/m300524/MSc_Thesis/gfx/m178_1985_1992_posit
ive_trend_8_Landschuetzer_overview.pdf used on input line 342.
(pdftex.def)             Requested size: 194.359pt x 139.30342pt.

Overfull \vbox (28.80841pt too high) detected at line 342
 []

File: MPIM_Titelseite_unten.pdf Graphic file (type pdf)
<use MPIM_Titelseite_unten.pdf>
Package pdftex.def Info: MPIM_Titelseite_unten.pdf used on input line 342.
(pdftex.def)             Requested size: 455.24408pt x 26.88492pt.
 [20

 </home/mpim/m300524/MSc_Thesis/gfx/m178_1985_1992_positive_trend_8_Landschuetz
er_overview.pdf>]
</home/mpim/m300524/MSc_Thesis/gfx/SO_schematics.pdf, id=263, page=10, 845.1575
pt x 597.23125pt>
File: /home/mpim/m300524/MSc_Thesis/gfx/SO_schematics.pdf Graphic file (type pd
f)

<use /home/mpim/m300524/MSc_Thesis/gfx/SO_schematics.pdf, page 10>
Package pdftex.def Info: /home/mpim/m300524/MSc_Thesis/gfx/SO_schematics.pdf, p
age10 used on input line 380.
(pdftex.def)             Requested size: 172.16641pt x 110.5407pt.

Overfull \hbox (52.66362pt too wide) in paragraph at lines 380--380
 [] 
 []

pdfTeX warning (ext4): destination with the same identifier (name{fig:schematic
s_neg}) has been already used, duplicate ignored
<to be read again> 
                   \relax 
l.380 \end{frame}
                 
File: /home/mpim/m300524/MSc_Thesis/gfx/m178_1985_1992_positive_trend_8_Landsch
uetzer_overview.pdf Graphic file (type pdf)

<use /home/mpim/m300524/MSc_Thesis/gfx/m178_1985_1992_positive_trend_8_Landschu
etzer_overview.pdf>
Package pdftex.def Info: /home/mpim/m300524/MSc_Thesis/gfx/m178_1985_1992_posit
ive_trend_8_Landschuetzer_overview.pdf used on input line 380.
(pdftex.def)             Requested size: 295.62352pt x 106.41315pt.

Overfull \hbox (32.7186pt too wide) in paragraph at lines 380--380
 [] 
 []


Overfull \vbox (11.59985pt too high) detected at line 380
 []

File: MPIM_Titelseite_unten.pdf Graphic file (type pdf)
<use MPIM_Titelseite_unten.pdf>
Package pdftex.def Info: MPIM_Titelseite_unten.pdf used on input line 380.
(pdftex.def)             Requested size: 455.24408pt x 26.88492pt.
 [21

 </home/mpim/m300524/MSc_Thesis/gfx/SO_schematics.pdf>]
</home/mpim/m300524/MSc_Thesis/gfx/SO_schematics.pdf, id=283, page=2, 845.1575p
t x 597.23125pt>
File: /home/mpim/m300524/MSc_Thesis/gfx/SO_schematics.pdf Graphic file (type pd
f)

<use /home/mpim/m300524/MSc_Thesis/gfx/SO_schematics.pdf, page 2>
Package pdftex.def Info: /home/mpim/m300524/MSc_Thesis/gfx/SO_schematics.pdf, p
age2 used on input line 411.
(pdftex.def)             Requested size: 136.60056pt x 110.5407pt.

Overfull \hbox (17.09776pt too wide) in paragraph at lines 411--411
 [] 
 []

pdfTeX warning (ext4): destination with the same identifier (name{fig:schematic
s_neg}) has been already used, duplicate ignored
<to be read again> 
                   \relax 
l.411 \end{frame}
                 
</home/mpim/m300524/MSc_Thesis/gfx/m178_1985_1992_positive_trend_8_ekman_overvi
ew.pdf, id=285, 614.295pt x 794.97pt>
File: /home/mpim/m300524/MSc_Thesis/gfx/m178_1985_1992_positive_trend_8_ekman_o
verview.pdf Graphic file (type pdf)

<use /home/mpim/m300524/MSc_Thesis/gfx/m178_1985_1992_positive_trend_8_ekman_ov
erview.pdf>
Package pdftex.def Info: /home/mpim/m300524/MSc_Thesis/gfx/m178_1985_1992_posit
ive_trend_8_ekman_overview.pdf used on input line 411.
(pdftex.def)             Requested size: 159.05054pt x 90.7641pt.
File: /home/mpim/m300524/MSc_Thesis/gfx/m178_1985_1992_positive_trend_8_ekman_o
verview.pdf Graphic file (type pdf)

<use /home/mpim/m300524/MSc_Thesis/gfx/m178_1985_1992_positive_trend_8_ekman_ov
erview.pdf>
Package pdftex.def Info: /home/mpim/m300524/MSc_Thesis/gfx/m178_1985_1992_posit
ive_trend_8_ekman_overview.pdf used on input line 411.
(pdftex.def)             Requested size: 151.93736pt x 80.80592pt.

Overfull \hbox (48.08298pt too wide) in paragraph at lines 411--411
 [][] 
 []

File: MPIM_Titelseite_unten.pdf Graphic file (type pdf)
<use MPIM_Titelseite_unten.pdf>
Package pdftex.def Info: MPIM_Titelseite_unten.pdf used on input line 411.
(pdftex.def)             Requested size: 455.24408pt x 26.88492pt.
 [22

 </home/mpim/m300524/MSc_Thesis/gfx/SO_schematics.pdf> </home/mpim/m300524/MSc_
Thesis/gfx/m178_1985_1992_positive_trend_8_ekman_overview.pdf>]
File: /home/mpim/m300524/MSc_Thesis/gfx/SO_schematics.pdf Graphic file (type pd
f)

<use /home/mpim/m300524/MSc_Thesis/gfx/SO_schematics.pdf, page 2>
Package pdftex.def Info: /home/mpim/m300524/MSc_Thesis/gfx/SO_schematics.pdf, p
age2 used on input line 440.
(pdftex.def)             Requested size: 136.60056pt x 110.5407pt.

Overfull \hbox (17.09776pt too wide) in paragraph at lines 440--440
 [] 
 []

pdfTeX warning (ext4): destination with the same identifier (name{fig:schematic
s_neg}) has been already used, duplicate ignored
<to be read again> 
                   \relax 
l.440 \end{frame}
                 
</home/mpim/m300524/MSc_Thesis/gfx/UOOC.pdf, id=307, page=2, 845.1575pt x 597.2
3125pt>
File: /home/mpim/m300524/MSc_Thesis/gfx/UOOC.pdf Graphic file (type pdf)
 <use /home/mpim/m300524/MSc_Thesis/gfx/UOOC.pdf, page 2>
Package pdftex.def Info: /home/mpim/m300524/MSc_Thesis/gfx/UOOC.pdf, page2 used
 on input line 440.
(pdftex.def)             Requested size: 278.90283pt x 137.93344pt.

Overfull \hbox (15.99791pt too wide) in paragraph at lines 440--440
 [] 
 []

pdfTeX warning (ext4): destination with the same identifier (name{fig:UOOC_pos}
) has been already used, duplicate ignored
<to be read again> 
                   \relax 
l.440 \end{frame}
                 
File: MPIM_Titelseite_unten.pdf Graphic file (type pdf)
 <use MPIM_Titelseite_unten.pdf>
Package pdftex.def Info: MPIM_Titelseite_unten.pdf used on input line 440.
(pdftex.def)             Requested size: 455.24408pt x 26.88492pt.
 [23

 </home/mpim/m300524/MSc_Thesis/gfx/UOOC.pdf>]
</home/mpim/m300524/MSc_Thesis/gfx/SO_schematics.pdf, id=338, page=3, 845.1575p
t x 597.23125pt>
File: /home/mpim/m300524/MSc_Thesis/gfx/SO_schematics.pdf Graphic file (type pd
f)

<use /home/mpim/m300524/MSc_Thesis/gfx/SO_schematics.pdf, page 3>
Package pdftex.def Info: /home/mpim/m300524/MSc_Thesis/gfx/SO_schematics.pdf, p
age3 used on input line 473.
(pdftex.def)             Requested size: 136.60056pt x 110.5407pt.

Overfull \hbox (17.09776pt too wide) in paragraph at lines 473--473
 [] 
 []

pdfTeX warning (ext4): destination with the same identifier (name{fig:schematic
s_neg}) has been already used, duplicate ignored
<to be read again> 
                   \relax 
l.473 \end{frame}
                 
</home/mpim/m300524/MSc_Thesis/gfx/m178_1985_1992_positive_trend_8_obgc_overvie
w_summer.pdf, id=340, 614.295pt x 794.97pt>
File: /home/mpim/m300524/MSc_Thesis/gfx/m178_1985_1992_positive_trend_8_obgc_ov
erview_summer.pdf Graphic file (type pdf)

<use /home/mpim/m300524/MSc_Thesis/gfx/m178_1985_1992_positive_trend_8_obgc_ove
rview_summer.pdf>
Package pdftex.def Info: /home/mpim/m300524/MSc_Thesis/gfx/m178_1985_1992_posit
ive_trend_8_obgc_overview_summer.pdf used on input line 473.
(pdftex.def)             Requested size: 146.22487pt x 71.1096pt.
File: /home/mpim/m300524/MSc_Thesis/gfx/m178_1985_1992_positive_trend_8_obgc_ov
erview_summer.pdf Graphic file (type pdf)

<use /home/mpim/m300524/MSc_Thesis/gfx/m178_1985_1992_positive_trend_8_obgc_ove
rview_summer.pdf>
Package pdftex.def Info: /home/mpim/m300524/MSc_Thesis/gfx/m178_1985_1992_posit
ive_trend_8_obgc_overview_summer.pdf used on input line 473.
(pdftex.def)             Requested size: 146.22487pt x 71.1096pt.

Overfull \hbox (29.54482pt too wide) in paragraph at lines 473--473
 [][] 
 []

File: /home/mpim/m300524/MSc_Thesis/gfx/m178_1985_1992_positive_trend_8_obgc_ov
erview_summer.pdf Graphic file (type pdf)

<use /home/mpim/m300524/MSc_Thesis/gfx/m178_1985_1992_positive_trend_8_obgc_ove
rview_summer.pdf>
Package pdftex.def Info: /home/mpim/m300524/MSc_Thesis/gfx/m178_1985_1992_posit
ive_trend_8_obgc_overview_summer.pdf used on input line 473.
(pdftex.def)             Requested size: 146.22487pt x 68.60522pt.
File: /home/mpim/m300524/MSc_Thesis/gfx/m178_1985_1992_positive_trend_8_obgc_ov
erview_summer.pdf Graphic file (type pdf)

<use /home/mpim/m300524/MSc_Thesis/gfx/m178_1985_1992_positive_trend_8_obgc_ove
rview_summer.pdf>
Package pdftex.def Info: /home/mpim/m300524/MSc_Thesis/gfx/m178_1985_1992_posit
ive_trend_8_obgc_overview_summer.pdf used on input line 473.
(pdftex.def)             Requested size: 146.22487pt x 71.1092pt.

Overfull \hbox (29.54482pt too wide) in paragraph at lines 473--473
 [][][] 
 []


Overfull \vbox (11.49742pt too high) detected at line 473
 []

File: MPIM_Titelseite_unten.pdf Graphic file (type pdf)
<use MPIM_Titelseite_unten.pdf>
Package pdftex.def Info: MPIM_Titelseite_unten.pdf used on input line 473.
(pdftex.def)             Requested size: 455.24408pt x 26.88492pt.
 [24

 </home/mpim/m300524/MSc_Thesis/gfx/SO_schematics.pdf> </home/mpim/m300524/MSc_
Thesis/gfx/m178_1985_1992_positive_trend_8_obgc_overview_summer.pdf>]
</home/mpim/m300524/MSc_Thesis/gfx/m178_1985_1992_positive_trend_8_schwerpunkt_
mixing_overview.pdf, id=365, 614.295pt x 794.97pt>
File: /home/mpim/m300524/MSc_Thesis/gfx/m178_1985_1992_positive_trend_8_schwerp
unkt_mixing_overview.pdf Graphic file (type pdf)

<use /home/mpim/m300524/MSc_Thesis/gfx/m178_1985_1992_positive_trend_8_schwerpu
nkt_mixing_overview.pdf>
Package pdftex.def Info: /home/mpim/m300524/MSc_Thesis/gfx/m178_1985_1992_posit
ive_trend_8_schwerpunkt_mixing_overview.pdf used on input line 487.
(pdftex.def)             Requested size: 141.97922pt x 80.80592pt.
File: /home/mpim/m300524/MSc_Thesis/gfx/m178_1985_1992_positive_trend_8_schwerp
unkt_mixing_overview.pdf Graphic file (type pdf)

<use /home/mpim/m300524/MSc_Thesis/gfx/m178_1985_1992_positive_trend_8_schwerpu
nkt_mixing_overview.pdf>
Package pdftex.def Info: /home/mpim/m300524/MSc_Thesis/gfx/m178_1985_1992_posit
ive_trend_8_schwerpunkt_mixing_overview.pdf used on input line 487.
(pdftex.def)             Requested size: 141.97922pt x 80.80592pt.
File: /home/mpim/m300524/MSc_Thesis/gfx/m178_1985_1992_positive_trend_8_obgc_ov
erview_summer.pdf Graphic file (type pdf)

<use /home/mpim/m300524/MSc_Thesis/gfx/m178_1985_1992_positive_trend_8_obgc_ove
rview_summer.pdf>
Package pdftex.def Info: /home/mpim/m300524/MSc_Thesis/gfx/m178_1985_1992_posit
ive_trend_8_obgc_overview_summer.pdf used on input line 487.
(pdftex.def)             Requested size: 141.97922pt x 79.38321pt.

Overfull \hbox (27.59906pt too wide) in paragraph at lines 487--487
 [][][] 
 []

File: MPIM_Titelseite_unten.pdf Graphic file (type pdf)
<use MPIM_Titelseite_unten.pdf>
Package pdftex.def Info: MPIM_Titelseite_unten.pdf used on input line 487.
(pdftex.def)             Requested size: 455.24408pt x 26.88492pt.
 [25

 </home/mpim/m300524/MSc_Thesis/gfx/m178_1985_1992_positive_trend_8_schwerpunkt
_mixing_overview.pdf>]
</home/mpim/m300524/MSc_Thesis/gfx/Southern_Ocean_SAM_zmld_response_Lovenduski2
005.png, id=381, 505.89pt x 455.97154pt>
File: /home/mpim/m300524/MSc_Thesis/gfx/Southern_Ocean_SAM_zmld_response_Lovend
uski2005.png Graphic file (type png)

<use /home/mpim/m300524/MSc_Thesis/gfx/Southern_Ocean_SAM_zmld_response_Lovendu
ski2005.png>
Package pdftex.def Info: /home/mpim/m300524/MSc_Thesis/gfx/Southern_Ocean_SAM_z
mld_response_Lovenduski2005.png used on input line 503.
(pdftex.def)             Requested size: 151.76816pt x 111.18484pt.
File: /home/mpim/m300524/MSc_Thesis/gfx/m178_1985_1992_positive_trend_8_obgc_ov
erview_summer.pdf Graphic file (type pdf)

<use /home/mpim/m300524/MSc_Thesis/gfx/m178_1985_1992_positive_trend_8_obgc_ove
rview_summer.pdf>
Package pdftex.def Info: /home/mpim/m300524/MSc_Thesis/gfx/m178_1985_1992_posit
ive_trend_8_obgc_overview_summer.pdf used on input line 503.
(pdftex.def)             Requested size: 118.61983pt x 85.75653pt.
File: /home/mpim/m300524/MSc_Thesis/gfx/m178_1985_1992_positive_trend_8_obgc_ov
erview_summer.pdf Graphic file (type pdf)

<use /home/mpim/m300524/MSc_Thesis/gfx/m178_1985_1992_positive_trend_8_obgc_ove
rview_summer.pdf>
Package pdftex.def Info: /home/mpim/m300524/MSc_Thesis/gfx/m178_1985_1992_posit
ive_trend_8_obgc_overview_summer.pdf used on input line 503.
(pdftex.def)             Requested size: 157.7425pt x 85.75653pt.

Overfull \hbox (29.79189pt too wide) in paragraph at lines 503--503
 [][][] 
 []

File: MPIM_Titelseite_unten.pdf Graphic file (type pdf)
<use MPIM_Titelseite_unten.pdf>
Package pdftex.def Info: MPIM_Titelseite_unten.pdf used on input line 503.
(pdftex.def)             Requested size: 455.24408pt x 26.88492pt.
 [26

 </home/mpim/m300524/MSc_Thesis/gfx/Southern_Ocean_SAM_zmld_response_Lovenduski
2005.png>]
</home/mpim/m300524/MSc_Thesis/gfx/SO_schematics.pdf, id=393, page=12, 845.1575
pt x 597.23125pt>
File: /home/mpim/m300524/MSc_Thesis/gfx/SO_schematics.pdf Graphic file (type pd
f)

<use /home/mpim/m300524/MSc_Thesis/gfx/SO_schematics.pdf, page 12>
Package pdftex.def Info: /home/mpim/m300524/MSc_Thesis/gfx/SO_schematics.pdf, p
age12 used on input line 527.
(pdftex.def)             Requested size: 245.87935pt x 198.9719pt.
File: MPIM_Titelseite_unten.pdf Graphic file (type pdf)

<use MPIM_Titelseite_unten.pdf>
Package pdftex.def Info: MPIM_Titelseite_unten.pdf used on input line 527.
(pdftex.def)             Requested size: 455.24408pt x 26.88492pt.
 [27

 </home/mpim/m300524/MSc_Thesis/gfx/SO_schematics.pdf>]
File: /home/mpim/m300524/MSc_Thesis/gfx/SO_schematics.pdf Graphic file (type pd
f)
 <use /home/mpim/m300524/MSc_Thesis/gfx/SO_schematics.pdf, page 12>
Package pdftex.def Info: /home/mpim/m300524/MSc_Thesis/gfx/SO_schematics.pdf, p
age12 used on input line 567.
(pdftex.def)             Requested size: 81.957pt x 66.32172pt.

</home/mpim/m300524/MSc_Thesis/gfx/SO_schematics.pdf, id=410, page=13, 845.1575
pt x 597.23125pt>
File: /home/mpim/m300524/MSc_Thesis/gfx/SO_schematics.pdf Graphic file (type pd
f)

<use /home/mpim/m300524/MSc_Thesis/gfx/SO_schematics.pdf, page 13>
Package pdftex.def Info: /home/mpim/m300524/MSc_Thesis/gfx/SO_schematics.pdf, p
age13 used on input line 567.
(pdftex.def)             Requested size: 81.957pt x 66.32172pt.
File: /home/mpim/m300524/MSc_Thesis/gfx/EGU_new_SAM_Scatter_trends_bands_ensano
m_co2flux_vs_SAM_n1800_1980_1997_trend8.pdf Graphic file (type pdf)

<use /home/mpim/m300524/MSc_Thesis/gfx/EGU_new_SAM_Scatter_trends_bands_ensanom
_co2flux_vs_SAM_n1800_1980_1997_trend8.pdf, page 1>
Package pdftex.def Info: /home/mpim/m300524/MSc_Thesis/gfx/EGU_new_SAM_Scatter_
trends_bands_ensanom_co2flux_vs_SAM_n1800_1980_1997_trend8.pdf, page1 used on i
nput line 567.
(pdftex.def)             Requested size: 70.37483pt x 96.62138pt.

Overfull \hbox (5.00522pt too wide) in paragraph at lines 567--567
 [][] 
 []

pdfTeX warning (ext4): destination with the same identifier (name{fig:schematic
s_neg}) has been already used, duplicate ignored
<to be read again> 
                   \relax 
l.567 \end{frame}
                 
Overfull \vbox (82.36852pt too high) detected at line 567
 []

File: MPIM_Titelseite_unten.pdf Graphic file (type pdf)
<use MPIM_Titelseite_unten.pdf>
Package pdftex.def Info: MPIM_Titelseite_unten.pdf used on input line 567.
(pdftex.def)             Requested size: 455.24408pt x 26.88492pt.
 [28

 </home/mpim/m300524/MSc_Thesis/gfx/SO_schematics.pdf>]
File: /home/mpim/m300524/MSc_Thesis/gfx/SO_schematics.pdf Graphic file (type pd
f)
 <use /home/mpim/m300524/MSc_Thesis/gfx/SO_schematics.pdf, page 12>
Package pdftex.def Info: /home/mpim/m300524/MSc_Thesis/gfx/SO_schematics.pdf, p
age12 used on input line 567.
(pdftex.def)             Requested size: 81.957pt x 66.32172pt.
File: /home/mpim/m300524/MSc_Thesis/gfx/SO_schematics.pdf Graphic file (type pd
f)

<use /home/mpim/m300524/MSc_Thesis/gfx/SO_schematics.pdf, page 13>
Package pdftex.def Info: /home/mpim/m300524/MSc_Thesis/gfx/SO_schematics.pdf, p
age13 used on input line 567.
(pdftex.def)             Requested size: 81.957pt x 66.32172pt.
File: /home/mpim/m300524/MSc_Thesis/gfx/EGU_new_SAM_Scatter_trends_bands_ensano
m_co2flux_vs_SAM_n1800_1980_1997_trend8.pdf Graphic file (type pdf)

<use /home/mpim/m300524/MSc_Thesis/gfx/EGU_new_SAM_Scatter_trends_bands_ensanom
_co2flux_vs_SAM_n1800_1980_1997_trend8.pdf, page 1>
Package pdftex.def Info: /home/mpim/m300524/MSc_Thesis/gfx/EGU_new_SAM_Scatter_
trends_bands_ensanom_co2flux_vs_SAM_n1800_1980_1997_trend8.pdf, page1 used on i
nput line 567.
(pdftex.def)             Requested size: 70.37483pt x 96.62138pt.

Overfull \hbox (5.00522pt too wide) in paragraph at lines 567--567
 [][] 
 []


Overfull \vbox (82.36852pt too high) detected at line 567
 []

File: MPIM_Titelseite_unten.pdf Graphic file (type pdf)
<use MPIM_Titelseite_unten.pdf>
Package pdftex.def Info: MPIM_Titelseite_unten.pdf used on input line 567.
(pdftex.def)             Requested size: 455.24408pt x 26.88492pt.
 [29

]
File: /home/mpim/m300524/MSc_Thesis/gfx/SO_schematics.pdf Graphic file (type pd
f)

<use /home/mpim/m300524/MSc_Thesis/gfx/SO_schematics.pdf, page 12>
Package pdftex.def Info: /home/mpim/m300524/MSc_Thesis/gfx/SO_schematics.pdf, p
age12 used on input line 567.
(pdftex.def)             Requested size: 81.957pt x 66.32172pt.
File: /home/mpim/m300524/MSc_Thesis/gfx/SO_schematics.pdf Graphic file (type pd
f)

<use /home/mpim/m300524/MSc_Thesis/gfx/SO_schematics.pdf, page 13>
Package pdftex.def Info: /home/mpim/m300524/MSc_Thesis/gfx/SO_schematics.pdf, p
age13 used on input line 567.
(pdftex.def)             Requested size: 81.957pt x 66.32172pt.
File: /home/mpim/m300524/MSc_Thesis/gfx/EGU_new_SAM_Scatter_trends_bands_ensano
m_co2flux_vs_SAM_n1800_1980_1997_trend8.pdf Graphic file (type pdf)

<use /home/mpim/m300524/MSc_Thesis/gfx/EGU_new_SAM_Scatter_trends_bands_ensanom
_co2flux_vs_SAM_n1800_1980_1997_trend8.pdf, page 1>
Package pdftex.def Info: /home/mpim/m300524/MSc_Thesis/gfx/EGU_new_SAM_Scatter_
trends_bands_ensanom_co2flux_vs_SAM_n1800_1980_1997_trend8.pdf, page1 used on i
nput line 567.
(pdftex.def)             Requested size: 70.37483pt x 96.62138pt.

Overfull \hbox (5.00522pt too wide) in paragraph at lines 567--567
 [][] 
 []


Overfull \vbox (82.36852pt too high) detected at line 567
 []

File: MPIM_Titelseite_unten.pdf Graphic file (type pdf)
<use MPIM_Titelseite_unten.pdf>
Package pdftex.def Info: MPIM_Titelseite_unten.pdf used on input line 567.
(pdftex.def)             Requested size: 455.24408pt x 26.88492pt.
 [30

]
File: /home/mpim/m300524/MSc_Thesis/gfx/SO_schematics.pdf Graphic file (type pd
f)

<use /home/mpim/m300524/MSc_Thesis/gfx/SO_schematics.pdf, page 12>
Package pdftex.def Info: /home/mpim/m300524/MSc_Thesis/gfx/SO_schematics.pdf, p
age12 used on input line 567.
(pdftex.def)             Requested size: 81.957pt x 66.32172pt.
File: /home/mpim/m300524/MSc_Thesis/gfx/SO_schematics.pdf Graphic file (type pd
f)

<use /home/mpim/m300524/MSc_Thesis/gfx/SO_schematics.pdf, page 13>
Package pdftex.def Info: /home/mpim/m300524/MSc_Thesis/gfx/SO_schematics.pdf, p
age13 used on input line 567.
(pdftex.def)             Requested size: 81.957pt x 66.32172pt.
File: /home/mpim/m300524/MSc_Thesis/gfx/EGU_new_SAM_Scatter_trends_bands_ensano
m_co2flux_vs_SAM_n1800_1980_1997_trend8.pdf Graphic file (type pdf)

<use /home/mpim/m300524/MSc_Thesis/gfx/EGU_new_SAM_Scatter_trends_bands_ensanom
_co2flux_vs_SAM_n1800_1980_1997_trend8.pdf, page 1>
Package pdftex.def Info: /home/mpim/m300524/MSc_Thesis/gfx/EGU_new_SAM_Scatter_
trends_bands_ensanom_co2flux_vs_SAM_n1800_1980_1997_trend8.pdf, page1 used on i
nput line 567.
(pdftex.def)             Requested size: 70.37483pt x 96.62138pt.

Overfull \hbox (5.00522pt too wide) in paragraph at lines 567--567
 [][] 
 []


Overfull \vbox (82.36852pt too high) detected at line 567
 []

File: MPIM_Titelseite_unten.pdf Graphic file (type pdf)
<use MPIM_Titelseite_unten.pdf>
Package pdftex.def Info: MPIM_Titelseite_unten.pdf used on input line 567.
(pdftex.def)             Requested size: 455.24408pt x 26.88492pt.
 [31

]
File: /home/mpim/m300524/MSc_Thesis/gfx/SO_schematics.pdf Graphic file (type pd
f)

<use /home/mpim/m300524/MSc_Thesis/gfx/SO_schematics.pdf, page 12>
Package pdftex.def Info: /home/mpim/m300524/MSc_Thesis/gfx/SO_schematics.pdf, p
age12 used on input line 567.
(pdftex.def)             Requested size: 81.957pt x 66.32172pt.
File: /home/mpim/m300524/MSc_Thesis/gfx/SO_schematics.pdf Graphic file (type pd
f)

<use /home/mpim/m300524/MSc_Thesis/gfx/SO_schematics.pdf, page 13>
Package pdftex.def Info: /home/mpim/m300524/MSc_Thesis/gfx/SO_schematics.pdf, p
age13 used on input line 567.
(pdftex.def)             Requested size: 81.957pt x 66.32172pt.
File: /home/mpim/m300524/MSc_Thesis/gfx/EGU_new_SAM_Scatter_trends_bands_ensano
m_co2flux_vs_SAM_n1800_1980_1997_trend8.pdf Graphic file (type pdf)

<use /home/mpim/m300524/MSc_Thesis/gfx/EGU_new_SAM_Scatter_trends_bands_ensanom
_co2flux_vs_SAM_n1800_1980_1997_trend8.pdf, page 1>
Package pdftex.def Info: /home/mpim/m300524/MSc_Thesis/gfx/EGU_new_SAM_Scatter_
trends_bands_ensanom_co2flux_vs_SAM_n1800_1980_1997_trend8.pdf, page1 used on i
nput line 567.
(pdftex.def)             Requested size: 70.37483pt x 96.62138pt.

Overfull \hbox (5.00522pt too wide) in paragraph at lines 567--567
 [][] 
 []


Overfull \vbox (82.36852pt too high) detected at line 567
 []

File: MPIM_Titelseite_unten.pdf Graphic file (type pdf)
<use MPIM_Titelseite_unten.pdf>
Package pdftex.def Info: MPIM_Titelseite_unten.pdf used on input line 567.
(pdftex.def)             Requested size: 455.24408pt x 26.88492pt.
 [32

]
File: /home/mpim/m300524/MSc_Thesis/gfx/SO_schematics.pdf Graphic file (type pd
f)

<use /home/mpim/m300524/MSc_Thesis/gfx/SO_schematics.pdf, page 12>
Package pdftex.def Info: /home/mpim/m300524/MSc_Thesis/gfx/SO_schematics.pdf, p
age12 used on input line 567.
(pdftex.def)             Requested size: 81.957pt x 66.32172pt.
File: /home/mpim/m300524/MSc_Thesis/gfx/SO_schematics.pdf Graphic file (type pd
f)

<use /home/mpim/m300524/MSc_Thesis/gfx/SO_schematics.pdf, page 13>
Package pdftex.def Info: /home/mpim/m300524/MSc_Thesis/gfx/SO_schematics.pdf, p
age13 used on input line 567.
(pdftex.def)             Requested size: 81.957pt x 66.32172pt.
File: /home/mpim/m300524/MSc_Thesis/gfx/EGU_new_SAM_Scatter_trends_bands_ensano
m_co2flux_vs_SAM_n1800_1980_1997_trend8.pdf Graphic file (type pdf)

<use /home/mpim/m300524/MSc_Thesis/gfx/EGU_new_SAM_Scatter_trends_bands_ensanom
_co2flux_vs_SAM_n1800_1980_1997_trend8.pdf, page 1>
Package pdftex.def Info: /home/mpim/m300524/MSc_Thesis/gfx/EGU_new_SAM_Scatter_
trends_bands_ensanom_co2flux_vs_SAM_n1800_1980_1997_trend8.pdf, page1 used on i
nput line 567.
(pdftex.def)             Requested size: 70.37483pt x 96.62138pt.

Overfull \hbox (5.00522pt too wide) in paragraph at lines 567--567
 [][] 
 []


Overfull \vbox (82.36852pt too high) detected at line 567
 []

File: MPIM_Titelseite_unten.pdf Graphic file (type pdf)
<use MPIM_Titelseite_unten.pdf>
Package pdftex.def Info: MPIM_Titelseite_unten.pdf used on input line 567.
(pdftex.def)             Requested size: 455.24408pt x 26.88492pt.
 [33

]
File: /home/mpim/m300524/MSc_Thesis/gfx/SO_schematics.pdf Graphic file (type pd
f)

<use /home/mpim/m300524/MSc_Thesis/gfx/SO_schematics.pdf, page 12>
Package pdftex.def Info: /home/mpim/m300524/MSc_Thesis/gfx/SO_schematics.pdf, p
age12 used on input line 567.
(pdftex.def)             Requested size: 81.957pt x 66.32172pt.
File: /home/mpim/m300524/MSc_Thesis/gfx/SO_schematics.pdf Graphic file (type pd
f)

<use /home/mpim/m300524/MSc_Thesis/gfx/SO_schematics.pdf, page 13>
Package pdftex.def Info: /home/mpim/m300524/MSc_Thesis/gfx/SO_schematics.pdf, p
age13 used on input line 567.
(pdftex.def)             Requested size: 81.957pt x 66.32172pt.
File: /home/mpim/m300524/MSc_Thesis/gfx/EGU_new_SAM_Scatter_trends_bands_ensano
m_co2flux_vs_SAM_n1800_1980_1997_trend8.pdf Graphic file (type pdf)

<use /home/mpim/m300524/MSc_Thesis/gfx/EGU_new_SAM_Scatter_trends_bands_ensanom
_co2flux_vs_SAM_n1800_1980_1997_trend8.pdf, page 1>
Package pdftex.def Info: /home/mpim/m300524/MSc_Thesis/gfx/EGU_new_SAM_Scatter_
trends_bands_ensanom_co2flux_vs_SAM_n1800_1980_1997_trend8.pdf, page1 used on i
nput line 567.
(pdftex.def)             Requested size: 70.37483pt x 96.62138pt.

Overfull \hbox (5.00522pt too wide) in paragraph at lines 567--567
 [][] 
 []


Overfull \vbox (82.36852pt too high) detected at line 567
 []

File: MPIM_Titelseite_unten.pdf Graphic file (type pdf)
<use MPIM_Titelseite_unten.pdf>
Package pdftex.def Info: MPIM_Titelseite_unten.pdf used on input line 567.
(pdftex.def)             Requested size: 455.24408pt x 26.88492pt.
 [34

]
File: MPIM_Titelseite_unten.pdf Graphic file (type pdf)
 <use MPIM_Titelseite_unten.pdf>
Package pdftex.def Info: MPIM_Titelseite_unten.pdf used on input line 574.
(pdftex.def)             Requested size: 455.24408pt x 26.88492pt.
 [35

]

Package hyperref Warning: Token not allowed in a PDF string (PDFDocEncoding):
(hyperref)                removing `\translate ' on input line 576.


</home/mpim/m300524/MSc_Thesis/gfx/AtmosphericModelSchematic.jpg, id=502, 582.1
75pt x 552.0625pt>
File: /home/mpim/m300524/MSc_Thesis/gfx/AtmosphericModelSchematic.jpg Graphic f
ile (type jpg)

<use /home/mpim/m300524/MSc_Thesis/gfx/AtmosphericModelSchematic.jpg>
Package pdftex.def Info: /home/mpim/m300524/MSc_Thesis/gfx/AtmosphericModelSche
matic.jpg used on input line 589.
(pdftex.def)             Requested size: 174.65384pt x 165.62003pt.

Overfull \vbox (4.60362pt too high) detected at line 589
 []

File: MPIM_Titelseite_unten.pdf Graphic file (type pdf)
<use MPIM_Titelseite_unten.pdf>
Package pdftex.def Info: MPIM_Titelseite_unten.pdf used on input line 589.
(pdftex.def)             Requested size: 455.24408pt x 26.88492pt.
 [36

 </home/mpim/m300524/MSc_Thesis/gfx/AtmosphericModelSchematic.jpg>]
</home/mpim/m300524/MSc_Thesis/gfx/ESM_scales.png, id=511, 581.92406pt x 607.21
701pt>
File: /home/mpim/m300524/MSc_Thesis/gfx/ESM_scales.png Graphic file (type png)
 <use /home/mpim/m300524/MSc_Thesis/gfx/ESM_scales.png>
Package pdftex.def Info: /home/mpim/m300524/MSc_Thesis/gfx/ESM_scales.png used 
on input line 602.
(pdftex.def)             Requested size: 197.85156pt x 206.45105pt.
pdfTeX warning (ext4): destination with the same identifier (name{fig:heatmap})
 has been already used, duplicate ignored
<to be read again> 
                   \relax 
l.602 \end{frame}
                 
Overfull \vbox (15.8013pt too high) detected at line 602
 []

File: MPIM_Titelseite_unten.pdf Graphic file (type pdf)
<use MPIM_Titelseite_unten.pdf>
Package pdftex.def Info: MPIM_Titelseite_unten.pdf used on input line 602.
(pdftex.def)             Requested size: 455.24408pt x 26.88492pt.
 [37

 </home/mpim/m300524/MSc_Thesis/gfx/ESM_scales.png>]
</home/mpim/m300524/MSc_Thesis/gfx/climate_models_processes.png, id=518, 566.11
5pt x 484.28351pt>
File: /home/mpim/m300524/MSc_Thesis/gfx/climate_models_processes.png Graphic fi
le (type png)

<use /home/mpim/m300524/MSc_Thesis/gfx/climate_models_processes.png>
Package pdftex.def Info: /home/mpim/m300524/MSc_Thesis/gfx/climate_models_proce
sses.png used on input line 613.
(pdftex.def)             Requested size: 226.44199pt x 193.70996pt.
pdfTeX warning (ext4): destination with the same identifier (name{fig:heatmap})
 has been already used, duplicate ignored
<to be read again> 
                   \relax 
l.613 \end{frame}
                 
Overfull \vbox (3.06021pt too high) detected at line 613
 []

File: MPIM_Titelseite_unten.pdf Graphic file (type pdf)
<use MPIM_Titelseite_unten.pdf>
Package pdftex.def Info: MPIM_Titelseite_unten.pdf used on input line 613.
(pdftex.def)             Requested size: 455.24408pt x 26.88492pt.
 [38

 </home/mpim/m300524/MSc_Thesis/gfx/climate_models_processes.png>]
</home/mpim/m300524/MSc_Thesis/gfx/heatmap_not_de-ens-trended.pdf, id=524, 614.
295pt x 794.97pt>
File: /home/mpim/m300524/MSc_Thesis/gfx/heatmap_not_de-ens-trended.pdf Graphic 
file (type pdf)

<use /home/mpim/m300524/MSc_Thesis/gfx/heatmap_not_de-ens-trended.pdf>
Package pdftex.def Info: /home/mpim/m300524/MSc_Thesis/gfx/heatmap_not_de-ens-t
rended.pdf used on input line 624.
(pdftex.def)             Requested size: 180.45502pt x 277.22375pt.
pdfTeX warning (ext4): destination with the same identifier (name{fig:heatmap})
 has been already used, duplicate ignored
<to be read again> 
                   \relax 
l.624 \end{frame}
                 
Overfull \vbox (14.80527pt too high) detected at line 624
 []

File: MPIM_Titelseite_unten.pdf Graphic file (type pdf)
<use MPIM_Titelseite_unten.pdf>
Package pdftex.def Info: MPIM_Titelseite_unten.pdf used on input line 624.
(pdftex.def)             Requested size: 455.24408pt x 26.88492pt.
 [39

 </home/mpim/m300524/MSc_Thesis/gfx/heatmap_not_de-ens-trended.pdf>]
File: /home/mpim/m300524/MSc_Thesis/gfx/Overview_SO_co2flux_intpp_ens_t1990s.pd
f Graphic file (type pdf)

<use /home/mpim/m300524/MSc_Thesis/gfx/Overview_SO_co2flux_intpp_ens_t1990s.pdf
, page 1>
Package pdftex.def Info: /home/mpim/m300524/MSc_Thesis/gfx/Overview_SO_co2flux_
intpp_ens_t1990s.pdf, page1 used on input line 637.
(pdftex.def)             Requested size: 212.90755pt x 73.08986pt.

</home/mpim/m300524/MSc_Thesis/gfx/Overview_SO_co2flux_intpp_ens_t1990s.pdf, id
=535, page=2, 614.295pt x 794.97pt>
File: /home/mpim/m300524/MSc_Thesis/gfx/Overview_SO_co2flux_intpp_ens_t1990s.pd
f Graphic file (type pdf)

<use /home/mpim/m300524/MSc_Thesis/gfx/Overview_SO_co2flux_intpp_ens_t1990s.pdf
, page 2>
Package pdftex.def Info: /home/mpim/m300524/MSc_Thesis/gfx/Overview_SO_co2flux_
intpp_ens_t1990s.pdf, page2 used on input line 637.
(pdftex.def)             Requested size: 212.90755pt x 73.08986pt.

Overfull \hbox (27.4765pt too wide) in paragraph at lines 637--637
 [][] 
 []

pdfTeX warning (ext4): destination with the same identifier (name{fig:SOCS_ensm
ean_ensstd}) has been already used, duplicate ignored
<to be read again> 
                   \relax 
l.637 \end{frame}
                 
File: MPIM_Titelseite_unten.pdf Graphic file (type pdf)
 <use MPIM_Titelseite_unten.pdf>
Package pdftex.def Info: MPIM_Titelseite_unten.pdf used on input line 637.
(pdftex.def)             Requested size: 455.24408pt x 26.88492pt.
 [40

 </home/mpim/m300524/MSc_Thesis/gfx/Overview_SO_co2flux_intpp_ens_t1990s.pdf>]
</home/mpim/m300524/MSc_Thesis/gfx/Overview_SO_slp_ens_t1990s.pdf, id=546, 614.
295pt x 794.97pt>
File: /home/mpim/m300524/MSc_Thesis/gfx/Overview_SO_slp_ens_t1990s.pdf Graphic 
file (type pdf)

<use /home/mpim/m300524/MSc_Thesis/gfx/Overview_SO_slp_ens_t1990s.pdf>
Package pdftex.def Info: /home/mpim/m300524/MSc_Thesis/gfx/Overview_SO_slp_ens_
t1990s.pdf used on input line 650.
(pdftex.def)             Requested size: 211.4279pt x 71.61044pt.
File: /home/mpim/m300524/MSc_Thesis/gfx/Overview_SO_slp_ens_t1990s.pdf Graphic 
file (type pdf)

<use /home/mpim/m300524/MSc_Thesis/gfx/Overview_SO_slp_ens_t1990s.pdf>
Package pdftex.def Info: /home/mpim/m300524/MSc_Thesis/gfx/Overview_SO_slp_ens_
t1990s.pdf used on input line 650.
(pdftex.def)             Requested size: 211.4279pt x 71.61023pt.

Overfull \hbox (24.51721pt too wide) in paragraph at lines 650--650
 [][] 
 []

File: MPIM_Titelseite_unten.pdf Graphic file (type pdf)
<use MPIM_Titelseite_unten.pdf>
Package pdftex.def Info: MPIM_Titelseite_unten.pdf used on input line 650.
(pdftex.def)             Requested size: 455.24408pt x 26.88492pt.
 [41

 </home/mpim/m300524/MSc_Thesis/gfx/Overview_SO_slp_ens_t1990s.pdf>]
</home/mpim/m300524/MSc_Thesis/gfx/Overview_SO_nutrient_comparison.pdf, id=559,
 page=3, 614.295pt x 794.97pt>
File: /home/mpim/m300524/MSc_Thesis/gfx/Overview_SO_nutrient_comparison.pdf Gra
phic file (type pdf)

<use /home/mpim/m300524/MSc_Thesis/gfx/Overview_SO_nutrient_comparison.pdf, pag
e 3>
Package pdftex.def Info: /home/mpim/m300524/MSc_Thesis/gfx/Overview_SO_nutrient
_comparison.pdf, page3 used on input line 659.
(pdftex.def)             Requested size: 378.2198pt x 162.12265pt.

Overfull \vbox (7.4729pt too high) detected at line 659
 []

File: MPIM_Titelseite_unten.pdf Graphic file (type pdf)
<use MPIM_Titelseite_unten.pdf>
Package pdftex.def Info: MPIM_Titelseite_unten.pdf used on input line 659.
(pdftex.def)             Requested size: 455.24408pt x 26.88492pt.
 [42

 </home/mpim/m300524/MSc_Thesis/gfx/Overview_SO_nutrient_comparison.pdf>]
</home/mpim/m300524/MSc_Thesis/gfx/Overview_SO_MPIOM_comparison.pdf, id=570, pa
ge=2, 614.295pt x 794.97pt>
File: /home/mpim/m300524/MSc_Thesis/gfx/Overview_SO_MPIOM_comparison.pdf Graphi
c file (type pdf)

<use /home/mpim/m300524/MSc_Thesis/gfx/Overview_SO_MPIOM_comparison.pdf, page 2
>
Package pdftex.def Info: /home/mpim/m300524/MSc_Thesis/gfx/Overview_SO_MPIOM_co
mparison.pdf, page2 used on input line 668.
(pdftex.def)             Requested size: 378.2198pt x 162.12265pt.

Overfull \vbox (7.4729pt too high) detected at line 668
 []

File: MPIM_Titelseite_unten.pdf Graphic file (type pdf)
<use MPIM_Titelseite_unten.pdf>
Package pdftex.def Info: MPIM_Titelseite_unten.pdf used on input line 668.
(pdftex.def)             Requested size: 455.24408pt x 26.88492pt.
 [43

 </home/mpim/m300524/MSc_Thesis/gfx/Overview_SO_MPIOM_comparison.pdf>] (./story
line.bbl
Missing character: There is no  in font cmss10!
Missing character: There is no  in font cmss10!
Missing character: There is no  in font cmss10!
Missing character: There is no  in font cmss10!
Missing character: There is no  in font cmss10!
Missing character: There is no  in font cmss10!
Missing character: There is no  in font cmss10!
Missing character: There is no  in font cmss10!
Missing character: There is no  in font cmss10!
Missing character: There is no  in font cmss10!
Missing character: There is no  in font cmss10!
Missing character: There is no  in font cmss10!
Missing character: There is no  in font cmss10!
Missing character: There is no  in font cmss10!
Missing character: There is no  in font cmss10!
)
File: MPIM_Titelseite_unten.pdf Graphic file (type pdf)
 <use MPIM_Titelseite_unten.pdf>
Package pdftex.def Info: MPIM_Titelseite_unten.pdf used on input line 676.
(pdftex.def)             Requested size: 455.24408pt x 26.88492pt.

[44

]
File: MPIM_Titelseite_unten.pdf Graphic file (type pdf)
 <use MPIM_Titelseite_unten.pdf>
Package pdftex.def Info: MPIM_Titelseite_unten.pdf used on input line 676.
(pdftex.def)             Requested size: 455.24408pt x 26.88492pt.
 [45


]
File: MPIM_Titelseite_unten.pdf Graphic file (type pdf)
 <use MPIM_Titelseite_unten.pdf>
Package pdftex.def Info: MPIM_Titelseite_unten.pdf used on input line 676.
(pdftex.def)             Requested size: 455.24408pt x 26.88492pt.

[46


]
File: MPIM_Titelseite_unten.pdf Graphic file (type pdf)
 <use MPIM_Titelseite_unten.pdf>
Package pdftex.def Info: MPIM_Titelseite_unten.pdf used on input line 676.
(pdftex.def)             Requested size: 455.24408pt x 26.88492pt.
 [47


]
File: MPIM_Titelseite_unten.pdf Graphic file (type pdf)
 <use MPIM_Titelseite_unten.pdf>
Package pdftex.def Info: MPIM_Titelseite_unten.pdf used on input line 676.
(pdftex.def)             Requested size: 455.24408pt x 26.88492pt.

[48


]
File: MPIM_Titelseite_unten.pdf Graphic file (type pdf)
 <use MPIM_Titelseite_unten.pdf>
Package pdftex.def Info: MPIM_Titelseite_unten.pdf used on input line 676.
(pdftex.def)             Requested size: 455.24408pt x 26.88492pt.
 [49


]
File: MPIM_Titelseite_unten.pdf Graphic file (type pdf)
 <use MPIM_Titelseite_unten.pdf>
Package pdftex.def Info: MPIM_Titelseite_unten.pdf used on input line 676.
(pdftex.def)             Requested size: 455.24408pt x 26.88492pt.

[50


]
\tf@nav=\write6
\openout6 = `storyline.nav'.

\tf@toc=\write7
\openout7 = `storyline.toc'.

\tf@snm=\write8
\openout8 = `storyline.snm'.

Package atveryend Info: Empty hook `BeforeClearDocument' on input line 680.
Package atveryend Info: Empty hook `AfterLastShipout' on input line 680.
 (./storyline.aux)
Package atveryend Info: Executing hook `AtVeryEndDocument' on input line 680.
Package atveryend Info: Executing hook `AtEndAfterFileList' on input line 680.
Package rerunfilecheck Info: File `storyline.out' has not changed.
(rerunfilecheck)             Checksum: 3EDCCA39A4DC2CDEC3D1F232E5813759;443.


LaTeX Font Warning: Size substitutions with differences
(Font)              up to 1.0pt have occurred.


LaTeX Warning: There were multiply-defined labels.

Package atveryend Info: Empty hook `AtVeryVeryEnd' on input line 680.
 ) 
Here is how much of TeX's memory you used:
 21333 strings out of 494404
 422155 string characters out of 6163654
 490338 words of memory out of 5000000
 23966 multiletter control sequences out of 15000+600000
 18305 words of font info for 67 fonts, out of 8000000 for 9000
 350 hyphenation exceptions out of 8191
 56i,15n,59p,814b,649s stack positions out of 5000i,500n,10000p,200000b,80000s
</usr/share/texlive/texmf-dist/fonts/type1/public/amsfonts/cm/cmex10.pfb></us
r/share/texlive/texmf-dist/fonts/type1/public/amsfonts/cm/cmmi10.pfb></usr/shar
e/texlive/texmf-dist/fonts/type1/public/amsfonts/cm/cmmi12.pfb></usr/share/texl
ive/texmf-dist/fonts/type1/public/amsfonts/cm/cmmi6.pfb></usr/share/texlive/tex
mf-dist/fonts/type1/public/amsfonts/cm/cmmi8.pfb></usr/share/texlive/texmf-dist
/fonts/type1/public/amsfonts/cm/cmmi9.pfb></usr/share/texlive/texmf-dist/fonts/
type1/public/amsfonts/cm/cmr10.pfb></usr/share/texlive/texmf-dist/fonts/type1/p
ublic/amsfonts/cm/cmss10.pfb></usr/share/texlive/texmf-dist/fonts/type1/public/
amsfonts/cm/cmss12.pfb></usr/share/texlive/texmf-dist/fonts/type1/public/amsfon
ts/cm/cmss8.pfb></usr/share/texlive/texmf-dist/fonts/type1/public/amsfonts/cm/c
mss9.pfb></usr/share/texlive/texmf-dist/fonts/type1/public/amsfonts/cm/cmssbx10
.pfb></usr/share/texlive/texmf-dist/fonts/type1/public/amsfonts/cm/cmssi10.pfb>
</usr/share/texlive/texmf-dist/fonts/type1/public/amsfonts/cm/cmssi8.pfb></usr/
share/texlive/texmf-dist/fonts/type1/public/amsfonts/cm/cmsy10.pfb></usr/share/
texlive/texmf-dist/fonts/type1/public/amsfonts/cm/cmsy6.pfb></usr/share/texlive
/texmf-dist/fonts/type1/public/amsfonts/cm/cmsy8.pfb></usr/share/texlive/texmf-
dist/fonts/type1/public/amsfonts/cm/cmtt10.pfb></usr/share/texlive/texmf-dist/f
onts/type1/public/amsfonts/symbols/msam10.pfb></usr/share/texlive/texmf-dist/fo
nts/type1/public/amsfonts/symbols/msam7.pfb>
Output written on storyline.pdf (50 pages, 14578637 bytes).
PDF statistics:
 731 PDF objects out of 1000 (max. 8388607)
 524 compressed objects within 6 object streams
 132 named destinations out of 1000 (max. 500000)
 645 words of extra memory for PDF output out of 10000 (max. 10000000)

