This is pdfTeX, Version 3.14159265-2.6-1.40.15 (TeX Live 2015/dev/Debian) (preloaded format=pdflatex 2016.11.16)  31 JAN 2017 17:25
entering extended mode
 restricted \write18 enabled.
 %&-line parsing enabled.
**my_paper.tex
(./my_paper.tex
LaTeX2e <2014/05/01>
Babel <3.9l> and hyphenation patterns for 32 languages loaded.
(/usr/share/texlive/texmf-dist/tex/latex/base/article.cls
Document Class: article 2014/09/29 v1.4h Standard LaTeX document class
(/usr/share/texlive/texmf-dist/tex/latex/base/size12.clo
File: size12.clo 2014/09/29 v1.4h Standard LaTeX file (size option)
)
\c@part=\count79
\c@section=\count80
\c@subsection=\count81
\c@subsubsection=\count82
\c@paragraph=\count83
\c@subparagraph=\count84
\c@figure=\count85
\c@table=\count86
\abovecaptionskip=\skip41
\belowcaptionskip=\skip42
\bibindent=\dimen102
)
(/usr/share/texlive/texmf-dist/tex/latex/pdfpages/pdfpages.sty
Package: pdfpages 2013/08/25 v0.4v Insert pages of external PDF documents (AM)

(/usr/share/texlive/texmf-dist/tex/latex/base/ifthen.sty
Package: ifthen 2014/09/29 v1.1c Standard LaTeX ifthen package (DPC)
)
(/usr/share/texlive/texmf-dist/tex/latex/tools/calc.sty
Package: calc 2014/10/28 v4.3 Infix arithmetic (KKT,FJ)
\calc@Acount=\count87
\calc@Bcount=\count88
\calc@Adimen=\dimen103
\calc@Bdimen=\dimen104
\calc@Askip=\skip43
\calc@Bskip=\skip44
LaTeX Info: Redefining \setlength on input line 75.
LaTeX Info: Redefining \addtolength on input line 76.
\calc@Ccount=\count89
\calc@Cskip=\skip45
)
(/usr/share/texlive/texmf-dist/tex/latex/eso-pic/eso-pic.sty
Package: eso-pic 2013/10/06 v2.0d eso-pic (RN)

(/usr/share/texlive/texmf-dist/tex/generic/oberdiek/atbegshi.sty
Package: atbegshi 2011/10/05 v1.16 At begin shipout hook (HO)

(/usr/share/texlive/texmf-dist/tex/generic/oberdiek/infwarerr.sty
Package: infwarerr 2010/04/08 v1.3 Providing info/warning/error messages (HO)
)
(/usr/share/texlive/texmf-dist/tex/generic/oberdiek/ltxcmds.sty
Package: ltxcmds 2011/11/09 v1.22 LaTeX kernel commands for general use (HO)
)
(/usr/share/texlive/texmf-dist/tex/generic/oberdiek/ifpdf.sty
Package: ifpdf 2011/01/30 v2.3 Provides the ifpdf switch (HO)
Package ifpdf Info: pdfTeX in PDF mode is detected.
))
(/usr/share/texlive/texmf-dist/tex/latex/graphics/keyval.sty
Package: keyval 2014/05/08 v1.15 key=value parser (DPC)
\KV@toks@=\toks14
)
(/usr/share/texlive/texmf-dist/tex/latex/xcolor/xcolor.sty
Package: xcolor 2007/01/21 v2.11 LaTeX color extensions (UK)

(/usr/share/texlive/texmf-dist/tex/latex/latexconfig/color.cfg
File: color.cfg 2007/01/18 v1.5 color configuration of teTeX/TeXLive
)
Package xcolor Info: Driver file: pdftex.def on input line 225.

(/usr/share/texlive/texmf-dist/tex/latex/pdftex-def/pdftex.def
File: pdftex.def 2011/05/27 v0.06d Graphics/color for pdfTeX
\Gread@gobject=\count90
)
Package xcolor Info: Model `cmy' substituted by `cmy0' on input line 1337.
Package xcolor Info: Model `hsb' substituted by `rgb' on input line 1341.
Package xcolor Info: Model `RGB' extended on input line 1353.
Package xcolor Info: Model `HTML' substituted by `rgb' on input line 1355.
Package xcolor Info: Model `Hsb' substituted by `hsb' on input line 1356.
Package xcolor Info: Model `tHsb' substituted by `hsb' on input line 1357.
Package xcolor Info: Model `HSB' substituted by `hsb' on input line 1358.
Package xcolor Info: Model `Gray' substituted by `gray' on input line 1359.
Package xcolor Info: Model `wave' substituted by `hsb' on input line 1360.
))
(/usr/share/texlive/texmf-dist/tex/latex/graphics/graphicx.sty
Package: graphicx 2014/04/25 v1.0g Enhanced LaTeX Graphics (DPC,SPQR)

(/usr/share/texlive/texmf-dist/tex/latex/graphics/graphics.sty
Package: graphics 2009/02/05 v1.0o Standard LaTeX Graphics (DPC,SPQR)

(/usr/share/texlive/texmf-dist/tex/latex/graphics/trig.sty
Package: trig 1999/03/16 v1.09 sin cos tan (DPC)
)
(/usr/share/texlive/texmf-dist/tex/latex/latexconfig/graphics.cfg
File: graphics.cfg 2010/04/23 v1.9 graphics configuration of TeX Live
)
Package graphics Info: Driver file: pdftex.def on input line 91.
)
\Gin@req@height=\dimen105
\Gin@req@width=\dimen106
)
(/usr/share/texlive/texmf-dist/tex/latex/pdfpages/pppdftex.def
File: pppdftex.def 2013/08/25 v0.4v Pdfpages driver for pdfTeX (AM)
)
\AM@pagebox=\box26
\AM@toc@title=\toks15
\c@AM@survey=\count91
\AM@templatesizebox=\box27
)
(/usr/share/texlive/texmf-dist/tex/latex/amsmath/amsmath.sty
Package: amsmath 2013/01/14 v2.14 AMS math features
\@mathmargin=\skip46

For additional information on amsmath, use the `?' option.
(/usr/share/texlive/texmf-dist/tex/latex/amsmath/amstext.sty
Package: amstext 2000/06/29 v2.01

(/usr/share/texlive/texmf-dist/tex/latex/amsmath/amsgen.sty
File: amsgen.sty 1999/11/30 v2.0
\@emptytoks=\toks16
\ex@=\dimen107
))
(/usr/share/texlive/texmf-dist/tex/latex/amsmath/amsbsy.sty
Package: amsbsy 1999/11/29 v1.2d
\pmbraise@=\dimen108
)
(/usr/share/texlive/texmf-dist/tex/latex/amsmath/amsopn.sty
Package: amsopn 1999/12/14 v2.01 operator names
)
\inf@bad=\count92
LaTeX Info: Redefining \frac on input line 210.
\uproot@=\count93
\leftroot@=\count94
LaTeX Info: Redefining \overline on input line 306.
\classnum@=\count95
\DOTSCASE@=\count96
LaTeX Info: Redefining \ldots on input line 378.
LaTeX Info: Redefining \dots on input line 381.
LaTeX Info: Redefining \cdots on input line 466.
\Mathstrutbox@=\box28
\strutbox@=\box29
\big@size=\dimen109
LaTeX Font Info:    Redeclaring font encoding OML on input line 566.
LaTeX Font Info:    Redeclaring font encoding OMS on input line 567.
\macc@depth=\count97
\c@MaxMatrixCols=\count98
\dotsspace@=\muskip10
\c@parentequation=\count99
\dspbrk@lvl=\count100
\tag@help=\toks17
\row@=\count101
\column@=\count102
\maxfields@=\count103
\andhelp@=\toks18
\eqnshift@=\dimen110
\alignsep@=\dimen111
\tagshift@=\dimen112
\tagwidth@=\dimen113
\totwidth@=\dimen114
\lineht@=\dimen115
\@envbody=\toks19
\multlinegap=\skip47
\multlinetaggap=\skip48
\mathdisplay@stack=\toks20
LaTeX Info: Redefining \[ on input line 2665.
LaTeX Info: Redefining \] on input line 2666.
)
(/usr/share/texlive/texmf-dist/tex/latex/siunitx/siunitx.sty
(/usr/share/texlive/texmf-dist/tex/latex/l3kernel/expl3.sty
Package: expl3 2014/09/15 v5423 L3 programming layer (loader) 

(/usr/share/texlive/texmf-dist/tex/latex/l3kernel/expl3-code.tex
Package: expl3 2014/09/15 v5423 L3 programming layer (code) 
L3 Module: l3bootstrap 2014/08/23 v5354 L3 Bootstrap code

(/usr/share/texlive/texmf-dist/tex/latex/etex-pkg/etex.sty
Package: etex 1998/03/26 v2.0 eTeX basic definition package (PEB)
\et@xins=\count104
)
L3 Module: l3names 2014/08/22 v5343 L3 Namespace for primitives
L3 Module: l3basics 2014/08/24 v5364 L3 Basic definitions
L3 Module: l3expan 2014/08/22 v5349 L3 Argument expansion
L3 Module: l3tl 2014/08/24 v5359 L3 Token lists
L3 Module: l3str 2014/08/24 v5368 L3 Strings
L3 Module: l3seq 2014/08/23 v5354 L3 Sequences and stacks
L3 Module: l3int 2014/09/14 v5421 L3 Integers
\c_max_int=\count105
\l_tmpa_int=\count106
\l_tmpb_int=\count107
\g_tmpa_int=\count108
\g_tmpb_int=\count109
L3 Module: l3quark 2014/08/23 v5354 L3 Quarks
L3 Module: l3prg 2014/08/23 v5354 L3 Control structures
\g__prg_map_int=\count110
L3 Module: l3clist 2014/08/23 v5354 L3 Comma separated lists
L3 Module: l3token 2014/09/15 v5422 L3 Experimental token manipulation
L3 Module: l3prop 2014/08/23 v5354 L3 Property lists
L3 Module: l3msg 2014/08/24 v5358 L3 Messages
L3 Module: l3file 2014/08/24 v5369 L3 File and I/O operations
\l_iow_line_count_int=\count111
\l__iow_target_count_int=\count112
\l__iow_current_line_int=\count113
\l__iow_current_word_int=\count114
\l__iow_current_indentation_int=\count115
L3 Module: l3skip 2014/08/23 v5354 L3 Dimensions and skips
\c_zero_dim=\dimen116
\c_max_dim=\dimen117
\l_tmpa_dim=\dimen118
\l_tmpb_dim=\dimen119
\g_tmpa_dim=\dimen120
\g_tmpb_dim=\dimen121
\c_zero_skip=\skip49
\c_max_skip=\skip50
\l_tmpa_skip=\skip51
\l_tmpb_skip=\skip52
\g_tmpa_skip=\skip53
\g_tmpb_skip=\skip54
\c_zero_muskip=\muskip11
\c_max_muskip=\muskip12
\l_tmpa_muskip=\muskip13
\l_tmpb_muskip=\muskip14
\g_tmpa_muskip=\muskip15
\g_tmpb_muskip=\muskip16
L3 Module: l3keys 2014/08/23 v5354 L3 Key-value interfaces
\g__keyval_level_int=\count116
\l_keys_choice_int=\count117
L3 Module: l3fp 2014/08/22 v5336 L3 Floating points
\c__fp_leading_shift_int=\count118
\c__fp_middle_shift_int=\count119
\c__fp_trailing_shift_int=\count120
\c__fp_big_leading_shift_int=\count121
\c__fp_big_middle_shift_int=\count122
\c__fp_big_trailing_shift_int=\count123
\c__fp_Bigg_leading_shift_int=\count124
\c__fp_Bigg_middle_shift_int=\count125
\c__fp_Bigg_trailing_shift_int=\count126
L3 Module: l3box 2014/08/23 v5354 L3 Experimental boxes
\c_empty_box=\box30
\l_tmpa_box=\box31
\l_tmpb_box=\box32
\g_tmpa_box=\box33
\g_tmpb_box=\box34
L3 Module: l3coffins 2014/08/23 v5354 L3 Coffin code layer
\l__coffin_internal_box=\box35
\l__coffin_internal_dim=\dimen122
\l__coffin_offset_x_dim=\dimen123
\l__coffin_offset_y_dim=\dimen124
\l__coffin_x_dim=\dimen125
\l__coffin_y_dim=\dimen126
\l__coffin_x_prime_dim=\dimen127
\l__coffin_y_prime_dim=\dimen128
\c_empty_coffin=\box36
\l__coffin_aligned_coffin=\box37
\l__coffin_aligned_internal_coffin=\box38
\l_tmpa_coffin=\box39
\l_tmpb_coffin=\box40
\l__coffin_display_coffin=\box41
\l__coffin_display_coord_coffin=\box42
\l__coffin_display_pole_coffin=\box43
\l__coffin_display_offset_dim=\dimen129
\l__coffin_display_x_dim=\dimen130
\l__coffin_display_y_dim=\dimen131
L3 Module: l3color 2014/08/23 v5354 L3 Experimental color support
L3 Module: l3candidates 2014/08/24 v5366 L3 Experimental additions to l3kernel
\l__box_top_dim=\dimen132
\l__box_bottom_dim=\dimen133
\l__box_left_dim=\dimen134
\l__box_right_dim=\dimen135
\l__box_top_new_dim=\dimen136
\l__box_bottom_new_dim=\dimen137
\l__box_left_new_dim=\dimen138
\l__box_right_new_dim=\dimen139
\l__box_internal_box=\box44
\l__coffin_bounding_shift_dim=\dimen140
\l__coffin_left_corner_dim=\dimen141
\l__coffin_right_corner_dim=\dimen142
\l__coffin_bottom_corner_dim=\dimen143
\l__coffin_top_corner_dim=\dimen144
\l__coffin_scaled_total_height_dim=\dimen145
\l__coffin_scaled_width_dim=\dimen146
)
(/usr/share/texlive/texmf-dist/tex/latex/l3kernel/l3unicode-data.def
File: l3unicode-data.def 2014/08/12 v5276 L3 Unicode data
)
(/usr/share/texlive/texmf-dist/tex/latex/l3kernel/l3pdfmode.def
File: l3pdfmode.def 2014/08/24 v5366 L3 Experimental driver: PDF mode
\l__driver_color_stack_int=\count127
))
(/usr/share/texlive/texmf-dist/tex/latex/l3packages/xparse/xparse.sty
Package: xparse 2014/09/15 v5423 L3 Experimental document command parser
\l__xparse_current_arg_int=\count128
\l__xparse_m_args_int=\count129
\l__xparse_mandatory_args_int=\count130
\l__xparse_processor_int=\count131
\l__xparse_v_nesting_int=\count132
)
Package: siunitx 2014/10/01 v2.6c A comprehensive (SI) units package

(/usr/share/texlive/texmf-dist/tex/latex/tools/array.sty
Package: array 2014/10/28 v2.4c Tabular extension package (FMi)
\col@sep=\dimen147
\extrarowheight=\dimen148
\NC@list=\toks21
\extratabsurround=\skip55
\backup@length=\skip56
)
(/usr/share/texlive/texmf-dist/tex/latex/l3packages/l3keys2e/l3keys2e.sty
Package: l3keys2e 2014/09/15 v5423 LaTeX2e option processing using LaTeX3 keys
)
Variant \tl_if_blank:VTF already defined; not changing it on line 50
\l__siunitx_tmp_box=\box45
\l__siunitx_tmp_dim=\dimen149
\l__siunitx_tmp_int=\count133
Variant \prop_get:NVNT already defined; not changing it on line 372
Variant \prop_get:NVNF already defined; not changing it on line 373
Variant \prop_get:NVNTF already defined; not changing it on line 374
\l__siunitx_number_mantissa_length_int=\count134
\l__siunitx_number_uncert_length_int=\count135
\l__siunitx_round_int=\count136
\l__siunitx_process_decimal_int=\count137
\l__siunitx_process_uncertainty_int=\count138
\l__siunitx_process_fixed_int=\count139
\l__siunitx_process_integer_min_int=\count140
\l__siunitx_process_precision_int=\count141
\l__siunitx_group_min_int=\count142
\l__siunitx_angle_marker_box=\box46
\l__siunitx_angle_unit_box=\box47
\l__siunitx_angle_marker_dim=\dimen150
\l__siunitx_angle_unit_dim=\dimen151
\l__siunitx_unit_int=\count143
\l__siunitx_unit_denominator_int=\count144
\l__siunitx_unit_numerator_int=\count145
\l__siunitx_unit_prefix_int=\count146
\l__siunitx_unit_prefix_base_int=\count147
\l__siunitx_unit_prefix_gram_int=\count148
\l__siunitx_number_product_int=\count149
\c__siunitx_one_fill_skip=\skip57
\l__siunitx_table_unit_align_skip=\skip58
\l__siunitx_table_exponent_dim=\dimen152
\l__siunitx_table_integer_dim=\dimen153
\l__siunitx_table_mantissa_dim=\dimen154
\l__siunitx_table_marker_dim=\dimen155
\l__siunitx_table_result_dim=\dimen156
\l__siunitx_table_uncert_dim=\dimen157
\l__siunitx_table_fill_pre_dim=\dimen158
\l__siunitx_table_fill_post_dim=\dimen159
\l__siunitx_table_fill_mid_dim=\dimen160
\l__siunitx_table_pre_box=\box48
\l__siunitx_table_post_box=\box49
\l__siunitx_table_mantissa_box=\box50
\l__siunitx_table_result_box=\box51
\l__siunitx_table_number_align_skip=\skip59
\l__siunitx_table_text_align_skip=\skip60
.................................................
. LaTeX info: "xparse/define-command"
. 
. Defining command \DeclareBinaryPrefix with sig. 'mmm' on line 7168.
.................................................
.................................................
. LaTeX info: "xparse/define-command"
. 
. Defining command \DeclareSIPostPower with sig. 'mm' on line 7171.
.................................................
.................................................
. LaTeX info: "xparse/define-command"
. 
. Defining command \DeclareSIPrefix with sig. 'mmm' on line 7174.
.................................................
.................................................
. LaTeX info: "xparse/define-command"
. 
. Defining command \DeclareSIPrePower with sig. 'mm' on line 7177.
.................................................
.................................................
. LaTeX info: "xparse/define-command"
. 
. Defining command \DeclareSIQualifier with sig. 'mm' on line 7180.
.................................................
.................................................
. LaTeX info: "xparse/define-command"
. 
. Defining command \DeclareSIUnit with sig. 'O{}mm' on line 7183.
.................................................
.................................................
. LaTeX info: "xparse/define-command"
. 
. Defining command \DeclareSIUnitWithOptions with sig. 'mmm' on line 7186.
.................................................
.................................................
. LaTeX info: "xparse/define-command"
. 
. Defining command \ang with sig. 'o>{\SplitArgument {2}{;}}m' on line 7201.
.................................................
.................................................
. LaTeX info: "xparse/define-command"
. 
. Defining command \num with sig. 'om' on line 7209.
.................................................
.................................................
. LaTeX info: "xparse/define-command"
. 
. Defining command \numlist with sig. 'o>{\SplitList {;}}m' on line 7217.
.................................................
.................................................
. LaTeX info: "xparse/define-command"
. 
. Defining command \numrange with sig. 'omm' on line 7225.
.................................................
.................................................
. LaTeX info: "xparse/define-command"
. 
. Defining command \SIlist with sig. 'o>{\SplitList {;}}mm' on line 7236.
.................................................
.................................................
. LaTeX info: "xparse/define-command"
. 
. Defining command \SIrange with sig. 'ommm' on line 7247.
.................................................
.................................................
. LaTeX info: "xparse/define-command"
. 
. Defining command \SI with sig. 'omom' on line 7258.
.................................................
.................................................
. LaTeX info: "xparse/define-command"
. 
. Defining command \sisetup with sig. 'm' on line 7261.
.................................................
.................................................
. LaTeX info: "xparse/define-command"
. 
. Defining command \tablenum with sig. 'om' on line 7273.
.................................................
.................................................
. LaTeX info: "xparse/define-command"
. 
. Defining command \si with sig. 'om' on line 7284.
.................................................
.................................................
. LaTeX info: "xparse/define-command"
. 
. Defining command \__siunitx_bookmark_num:w with sig. 'om' on line 7331.
.................................................
.................................................
. LaTeX info: "xparse/define-command"
. 
. Defining command \__siunitx_bookmark_numrange:w with sig. 'omm' on line
. 7333.
.................................................
.................................................
. LaTeX info: "xparse/define-command"
. 
. Defining command \__siunitx_bookmark_SI:w with sig. 'omom' on line 7335.
.................................................
.................................................
. LaTeX info: "xparse/define-command"
. 
. Defining command \__siunitx_bookmark_SIlist:w with sig. 'omm' on line 7337.
.................................................
.................................................
. LaTeX info: "xparse/define-command"
. 
. Defining command \__siunitx_bookmark_SIrange:w with sig. 'ommm' on line
. 7339.
.................................................
.................................................
. LaTeX info: "xparse/define-command"
. 
. Defining command \__siunitx_bookmark_si:w with sig. 'om' on line 7340.
.................................................
\g__file_internal_ior=\read1

(/usr/share/texlive/texmf-dist/tex/latex/beamer/translator/translator.sty
Package: translator 2010/06/12 ver 1.10

(/usr/share/texlive/texmf-dist/tex/latex/beamer/translator/translator-language-
mappings.tex))) (/usr/share/texlive/texmf-dist/tex/latex/hyperref/hyperref.sty
Package: hyperref 2012/11/06 v6.83m Hypertext links for LaTeX

(/usr/share/texlive/texmf-dist/tex/generic/oberdiek/hobsub-hyperref.sty
Package: hobsub-hyperref 2012/05/28 v1.13 Bundle oberdiek, subset hyperref (HO)


(/usr/share/texlive/texmf-dist/tex/generic/oberdiek/hobsub-generic.sty
Package: hobsub-generic 2012/05/28 v1.13 Bundle oberdiek, subset generic (HO)
Package: hobsub 2012/05/28 v1.13 Construct package bundles (HO)
Package hobsub Info: Skipping package `infwarerr' (already loaded).
Package hobsub Info: Skipping package `ltxcmds' (already loaded).
Package: ifluatex 2010/03/01 v1.3 Provides the ifluatex switch (HO)
Package ifluatex Info: LuaTeX not detected.
Package: ifvtex 2010/03/01 v1.5 Detect VTeX and its facilities (HO)
Package ifvtex Info: VTeX not detected.
Package: intcalc 2007/09/27 v1.1 Expandable calculations with integers (HO)
Package hobsub Info: Skipping package `ifpdf' (already loaded).
Package: etexcmds 2011/02/16 v1.5 Avoid name clashes with e-TeX commands (HO)
Package etexcmds Info: Could not find \expanded.
(etexcmds)             That can mean that you are not using pdfTeX 1.50 or
(etexcmds)             that some package has redefined \expanded.
(etexcmds)             In the latter case, load this package earlier.
Package: kvsetkeys 2012/04/25 v1.16 Key value parser (HO)
Package: kvdefinekeys 2011/04/07 v1.3 Define keys (HO)
Package: pdftexcmds 2011/11/29 v0.20 Utility functions of pdfTeX for LuaTeX (HO
)
Package pdftexcmds Info: LuaTeX not detected.
Package pdftexcmds Info: \pdf@primitive is available.
Package pdftexcmds Info: \pdf@ifprimitive is available.
Package pdftexcmds Info: \pdfdraftmode found.
Package: pdfescape 2011/11/25 v1.13 Implements pdfTeX's escape features (HO)
Package: bigintcalc 2012/04/08 v1.3 Expandable calculations on big integers (HO
)
Package: bitset 2011/01/30 v1.1 Handle bit-vector datatype (HO)
Package: uniquecounter 2011/01/30 v1.2 Provide unlimited unique counter (HO)
)
Package hobsub Info: Skipping package `hobsub' (already loaded).
Package: letltxmacro 2010/09/02 v1.4 Let assignment for LaTeX macros (HO)
Package: hopatch 2012/05/28 v1.2 Wrapper for package hooks (HO)
Package: xcolor-patch 2011/01/30 xcolor patch
Package: atveryend 2011/06/30 v1.8 Hooks at the very end of document (HO)
Package atveryend Info: \enddocument detected (standard20110627).
Package hobsub Info: Skipping package `atbegshi' (already loaded).
Package: refcount 2011/10/16 v3.4 Data extraction from label references (HO)
Package: hycolor 2011/01/30 v1.7 Color options for hyperref/bookmark (HO)
)
(/usr/share/texlive/texmf-dist/tex/generic/ifxetex/ifxetex.sty
Package: ifxetex 2010/09/12 v0.6 Provides ifxetex conditional
)
(/usr/share/texlive/texmf-dist/tex/latex/oberdiek/auxhook.sty
Package: auxhook 2011/03/04 v1.3 Hooks for auxiliary files (HO)
)
(/usr/share/texlive/texmf-dist/tex/latex/oberdiek/kvoptions.sty
Package: kvoptions 2011/06/30 v3.11 Key value format for package options (HO)
)
\@linkdim=\dimen161
\Hy@linkcounter=\count150
\Hy@pagecounter=\count151

(/usr/share/texlive/texmf-dist/tex/latex/hyperref/pd1enc.def
File: pd1enc.def 2012/11/06 v6.83m Hyperref: PDFDocEncoding definition (HO)
)
\Hy@SavedSpaceFactor=\count152

(/usr/share/texlive/texmf-dist/tex/latex/latexconfig/hyperref.cfg
File: hyperref.cfg 2002/06/06 v1.2 hyperref configuration of TeXLive
)
Package hyperref Info: Option `colorlinks' set `true' on input line 4319.
Package hyperref Info: Hyper figures OFF on input line 4443.
Package hyperref Info: Link nesting OFF on input line 4448.
Package hyperref Info: Hyper index ON on input line 4451.
Package hyperref Info: Plain pages OFF on input line 4458.
Package hyperref Info: Backreferencing OFF on input line 4463.
Package hyperref Info: Implicit mode ON; LaTeX internals redefined.
Package hyperref Info: Bookmarks ON on input line 4688.
\c@Hy@tempcnt=\count153

(/usr/share/texlive/texmf-dist/tex/latex/url/url.sty
\Urlmuskip=\muskip17
Package: url 2013/09/16  ver 3.4  Verb mode for urls, etc.
)
LaTeX Info: Redefining \url on input line 5041.
\XeTeXLinkMargin=\dimen162
\Fld@menulength=\count154
\Field@Width=\dimen163
\Fld@charsize=\dimen164
Package hyperref Info: Hyper figures OFF on input line 6295.
Package hyperref Info: Link nesting OFF on input line 6300.
Package hyperref Info: Hyper index ON on input line 6303.
Package hyperref Info: backreferencing OFF on input line 6310.
Package hyperref Info: Link coloring ON on input line 6313.
Package hyperref Info: Link coloring with OCG OFF on input line 6320.
Package hyperref Info: PDF/A mode OFF on input line 6325.
LaTeX Info: Redefining \ref on input line 6365.
LaTeX Info: Redefining \pageref on input line 6369.
\Hy@abspage=\count155
\c@Item=\count156
\c@Hfootnote=\count157
)

Package hyperref Message: Driver (autodetected): hpdftex.

(/usr/share/texlive/texmf-dist/tex/latex/hyperref/hpdftex.def
File: hpdftex.def 2012/11/06 v6.83m Hyperref driver for pdfTeX
\Fld@listcount=\count158
\c@bookmark@seq@number=\count159

(/usr/share/texlive/texmf-dist/tex/latex/oberdiek/rerunfilecheck.sty
Package: rerunfilecheck 2011/04/15 v1.7 Rerun checks for auxiliary files (HO)
Package uniquecounter Info: New unique counter `rerunfilecheck' on input line 2
82.
)
\Hy@SectionHShift=\skip61
)
(/usr/share/texlive/texmf-dist/tex/latex/float/float.sty
Package: float 2001/11/08 v1.3d Float enhancements (AL)
\c@float@type=\count160
\float@exts=\toks22
\float@box=\box52
\@float@everytoks=\toks23
\@floatcapt=\box53
)
(/usr/share/texlive/texmf-dist/tex/latex/natbib/natbib.sty
Package: natbib 2010/09/13 8.31b (PWD, AO)
\bibhang=\skip62
\bibsep=\skip63
LaTeX Info: Redefining \cite on input line 694.
\c@NAT@ctr=\count161
) (./my_paper.aux)
\openout1 = `my_paper.aux'.

LaTeX Font Info:    Checking defaults for OML/cmm/m/it on input line 87.
LaTeX Font Info:    ... okay on input line 87.
LaTeX Font Info:    Checking defaults for T1/cmr/m/n on input line 87.
LaTeX Font Info:    ... okay on input line 87.
LaTeX Font Info:    Checking defaults for OT1/cmr/m/n on input line 87.
LaTeX Font Info:    ... okay on input line 87.
LaTeX Font Info:    Checking defaults for OMS/cmsy/m/n on input line 87.
LaTeX Font Info:    ... okay on input line 87.
LaTeX Font Info:    Checking defaults for OMX/cmex/m/n on input line 87.
LaTeX Font Info:    ... okay on input line 87.
LaTeX Font Info:    Checking defaults for U/cmr/m/n on input line 87.
LaTeX Font Info:    ... okay on input line 87.
LaTeX Font Info:    Checking defaults for PD1/pdf/m/n on input line 87.
LaTeX Font Info:    ... okay on input line 87.
\AtBeginShipoutBox=\box54

(/usr/share/texlive/texmf-dist/tex/context/base/supp-pdf.mkii
[Loading MPS to PDF converter (version 2006.09.02).]
\scratchcounter=\count162
\scratchdimen=\dimen165
\scratchbox=\box55
\nofMPsegments=\count163
\nofMParguments=\count164
\everyMPshowfont=\toks24
\MPscratchCnt=\count165
\MPscratchDim=\dimen166
\MPnumerator=\count166
\makeMPintoPDFobject=\count167
\everyMPtoPDFconversion=\toks25
) (/usr/share/texlive/texmf-dist/tex/latex/oberdiek/epstopdf-base.sty
Package: epstopdf-base 2010/02/09 v2.5 Base part for package epstopdf

(/usr/share/texlive/texmf-dist/tex/latex/oberdiek/grfext.sty
Package: grfext 2010/08/19 v1.1 Manage graphics extensions (HO)
)
Package grfext Info: Graphics extension search list:
(grfext)             [.png,.pdf,.jpg,.mps,.jpeg,.jbig2,.jb2,.PNG,.PDF,.JPG,.JPE
G,.JBIG2,.JB2,.eps]
(grfext)             \AppendGraphicsExtensions on input line 452.

(/usr/share/texlive/texmf-dist/tex/latex/latexconfig/epstopdf-sys.cfg
File: epstopdf-sys.cfg 2010/07/13 v1.3 Configuration of (r)epstopdf for TeX Liv
e
))
(/usr/share/texlive/texmf-dist/tex/latex/beamer/translator/dicts/translator-bas
ic-dictionary/translator-basic-dictionary-English.dict
Dictionary: translator-basic-dictionary, Language: English 
)
(/usr/share/texlive/texmf-dist/tex/latex/siunitx/siunitx-abbreviations.cfg
File: siunitx-abbreviations.cfg 2014/10/01 v2.6c siunitx: Abbreviated units
)
Package hyperref Info: Link coloring ON on input line 87.

(/usr/share/texlive/texmf-dist/tex/latex/hyperref/nameref.sty
Package: nameref 2012/10/27 v2.43 Cross-referencing by name of section

(/usr/share/texlive/texmf-dist/tex/generic/oberdiek/gettitlestring.sty
Package: gettitlestring 2010/12/03 v1.4 Cleanup title references (HO)
)
\c@section@level=\count168
)
LaTeX Info: Redefining \ref on input line 87.
LaTeX Info: Redefining \pageref on input line 87.
LaTeX Info: Redefining \nameref on input line 87.

(./my_paper.out) (./my_paper.out)
\@outlinefile=\write3
\openout3 = `my_paper.out'.

\c__siunitx_mathsf_int=\count169
\c__siunitx_mathtt_int=\count170

Overfull \hbox (3.59306pt too wide) in paragraph at lines 97--97
 [][] 
 []

LaTeX Font Info:    Try loading font information for OMS+cmr on input line 102.

(/usr/share/texlive/texmf-dist/tex/latex/base/omscmr.fd
File: omscmr.fd 2014/09/29 v2.5h Standard LaTeX font definitions
)
LaTeX Font Info:    Font shape `OMS/cmr/m/n' in size <12> not available
(Font)              Font shape `OMS/cmsy/m/n' tried instead on input line 102.
 [1

{/var/lib/texmf/fonts/map/pdftex/updmap/pdftex.map}] [2] [3] [4] [5]
Overfull \hbox (12.16971pt too wide) in paragraph at lines 173--173
[]\OT1/cmr/bx/n/17.28 Results I: His-tor-i-cal evo-lu-tion of the South-ern Oce
an
 []


</home/mpim/m300524/MSc_Thesis/gfx/co2flux_SO_timeseries_ym_mar-feb_35S_1980_20
15_trend_8.pdf, id=139, 614.295pt x 794.97pt>
File: /home/mpim/m300524/MSc_Thesis/gfx/co2flux_SO_timeseries_ym_mar-feb_35S_19
80_2015_trend_8.pdf Graphic file (type pdf)

<use /home/mpim/m300524/MSc_Thesis/gfx/co2flux_SO_timeseries_ym_mar-feb_35S_198
0_2015_trend_8.pdf>
Package pdftex.def Info: /home/mpim/m300524/MSc_Thesis/gfx/co2flux_SO_timeserie
s_ym_mar-feb_35S_1980_2015_trend_8.pdf used on input line 178.
(pdftex.def)             Requested size: 212.67079pt x 437.23485pt.


LaTeX Warning: Reference `fig:heatmap' on page 6 undefined on input line 183.

[6] [7pdfTeX warning (ext4): destination with the same identifier (name{figure.
1}) has been already used, duplicate ignored

\AtBegShi@Output ...ipout \box \AtBeginShipoutBox 
                                                  \fi \fi 
l.193 
       </home/mpim/m300524/MSc_Thesis/gfx/co2flux_SO_timeseries_ym_mar-feb_35S_
1980_2015_trend_8.pdf>]
</home/mpim/m300524/MSc_Thesis/gfx/Overview_SO_co2flux_intpp_ens_t1990s.pdf, id
=166, 614.295pt x 794.97pt>
File: /home/mpim/m300524/MSc_Thesis/gfx/Overview_SO_co2flux_intpp_ens_t1990s.pd
f Graphic file (type pdf)

<use /home/mpim/m300524/MSc_Thesis/gfx/Overview_SO_co2flux_intpp_ens_t1990s.pdf
>
Package pdftex.def Info: /home/mpim/m300524/MSc_Thesis/gfx/Overview_SO_co2flux_
intpp_ens_t1990s.pdf used on input line 198.
(pdftex.def)             Requested size: 450.38017pt x 154.61276pt.
File: /home/mpim/m300524/MSc_Thesis/gfx/Overview_SO_co2flux_intpp_ens_t1990s.pd
f Graphic file (type pdf)

<use /home/mpim/m300524/MSc_Thesis/gfx/Overview_SO_co2flux_intpp_ens_t1990s.pdf
>
Package pdftex.def Info: /home/mpim/m300524/MSc_Thesis/gfx/Overview_SO_co2flux_
intpp_ens_t1990s.pdf used on input line 199.
(pdftex.def)             Requested size: 450.38017pt x 176.52136pt.


LaTeX Warning: `h' float specifier changed to `ht'.

[8] [9pdfTeX warning (ext4): destination with the same identifier (name{figure.
2}) has been already used, duplicate ignored

\AtBegShi@Output ...ipout \box \AtBeginShipoutBox 
                                                  \fi \fi 
l.210 
       </home/mpim/m300524/MSc_Thesis/gfx/Overview_SO_co2flux_intpp_ens_t1990s.
pdf>]
</home/mpim/m300524/MSc_Thesis/gfx/m182_1988_1995_positive_trend_8_obgc_overvie
w_summer.pdf, id=194, 614.295pt x 794.97pt>
File: /home/mpim/m300524/MSc_Thesis/gfx/m182_1988_1995_positive_trend_8_obgc_ov
erview_summer.pdf Graphic file (type pdf)

<use /home/mpim/m300524/MSc_Thesis/gfx/m182_1988_1995_positive_trend_8_obgc_ove
rview_summer.pdf>
Package pdftex.def Info: /home/mpim/m300524/MSc_Thesis/gfx/m182_1988_1995_posit
ive_trend_8_obgc_overview_summer.pdf used on input line 223.
(pdftex.def)             Requested size: 232.62817pt x 129.061pt.
File: /home/mpim/m300524/MSc_Thesis/gfx/m182_1988_1995_positive_trend_8_obgc_ov
erview_summer.pdf Graphic file (type pdf)

<use /home/mpim/m300524/MSc_Thesis/gfx/m182_1988_1995_positive_trend_8_obgc_ove
rview_summer.pdf>
Package pdftex.def Info: /home/mpim/m300524/MSc_Thesis/gfx/m182_1988_1995_posit
ive_trend_8_obgc_overview_summer.pdf used on input line 224.
(pdftex.def)             Requested size: 232.62817pt x 113.12779pt.
File: /home/mpim/m300524/MSc_Thesis/gfx/m182_1988_1995_positive_trend_8_obgc_ov
erview_summer.pdf Graphic file (type pdf)

<use /home/mpim/m300524/MSc_Thesis/gfx/m182_1988_1995_positive_trend_8_obgc_ove
rview_summer.pdf>
Package pdftex.def Info: /home/mpim/m300524/MSc_Thesis/gfx/m182_1988_1995_posit
ive_trend_8_obgc_overview_summer.pdf used on input line 225.
(pdftex.def)             Requested size: 232.62817pt x 109.14359pt.
File: /home/mpim/m300524/MSc_Thesis/gfx/m182_1988_1995_positive_trend_8_obgc_ov
erview_summer.pdf Graphic file (type pdf)

<use /home/mpim/m300524/MSc_Thesis/gfx/m182_1988_1995_positive_trend_8_obgc_ove
rview_summer.pdf>
Package pdftex.def Info: /home/mpim/m300524/MSc_Thesis/gfx/m182_1988_1995_posit
ive_trend_8_obgc_overview_summer.pdf used on input line 226.
(pdftex.def)             Requested size: 232.62817pt x 113.12717pt.

Overfull \hbox (12.62335pt too wide) in paragraph at lines 223--227
[][] []
 []


Overfull \hbox (12.62335pt too wide) in paragraph at lines 223--227
[] []
 []


LaTeX Warning: `h' float specifier changed to `ht'.

[10] [11pdfTeX warning (ext4): destination with the same identifier (name{figur
e.3}) has been already used, duplicate ignored

\AtBegShi@Output ...ipout \box \AtBeginShipoutBox 
                                                  \fi \fi 
l.237 
       </home/mpim/m300524/MSc_Thesis/gfx/m182_1988_1995_positive_trend_8_obgc_
overview_summer.pdf>]
</home/mpim/m300524/MSc_Thesis/gfx/m182_1988_1995_positive_trend_8_seasonality_
intpp_zmld.pdf, id=226, page=2, 614.295pt x 794.97pt>
File: /home/mpim/m300524/MSc_Thesis/gfx/m182_1988_1995_positive_trend_8_seasona
lity_intpp_zmld.pdf Graphic file (type pdf)

<use /home/mpim/m300524/MSc_Thesis/gfx/m182_1988_1995_positive_trend_8_seasonal
ity_intpp_zmld.pdf, page 2>
Package pdftex.def Info: /home/mpim/m300524/MSc_Thesis/gfx/m182_1988_1995_posit
ive_trend_8_seasonality_intpp_zmld.pdf, page2 used on input line 242.
(pdftex.def)             Requested size: 368.57983pt x 289.19606pt.
 [12pdfTeX warning (ext4): destination with the same identifier (name{figure.4}
) has been already used, duplicate ignored

\AtBegShi@Output ...ipout \box \AtBeginShipoutBox 
                                                  \fi \fi 
l.249 
       </home/mpim/m300524/MSc_Thesis/gfx/m182_1988_1995_positive_trend_8_seaso
nality_intpp_zmld.pdf>]

LaTeX Warning: Reference `fig:sam' on page 13 undefined on input line 251.


</home/mpim/m300524/MSc_Thesis/gfx/m182_1988_1995_positive_trend_8_schwerpunkt_
mixing_overview.pdf, id=239, 614.295pt x 794.97pt>
File: /home/mpim/m300524/MSc_Thesis/gfx/m182_1988_1995_positive_trend_8_schwerp
unkt_mixing_overview.pdf Graphic file (type pdf)

<use /home/mpim/m300524/MSc_Thesis/gfx/m182_1988_1995_positive_trend_8_schwerpu
nkt_mixing_overview.pdf>
Package pdftex.def Info: /home/mpim/m300524/MSc_Thesis/gfx/m182_1988_1995_posit
ive_trend_8_schwerpunkt_mixing_overview.pdf used on input line 256.
(pdftex.def)             Requested size: 493.13135pt x 187.19167pt.

Overfull \hbox (37.88727pt too wide) in paragraph at lines 256--257
[][]
 []

[13pdfTeX warning (ext4): destination with the same identifier (name{figure.5})
 has been already used, duplicate ignored

\AtBegShi@Output ...ipout \box \AtBeginShipoutBox 
                                                  \fi \fi 
l.265 
       </home/mpim/m300524/MSc_Thesis/gfx/m182_1988_1995_positive_trend_8_schwe
rpunkt_mixing_overview.pdf>]
Missing character: There is no â in font cmr12!
Missing character: There is no † in font cmr12!
Missing character: There is no ’ in font cmr12!
Missing character: There is no Â in font cmr12!
Missing character: There is no ° in font cmr12!
Missing character: There is no â in font cmr12!
Missing character: There is no † in font cmr12!
Missing character: There is no ’ in font cmr12!
Missing character: There is no Â in font cmr12!
Missing character: There is no ° in font cmr12!


Package natbib Warning: Citation `somestudy' on page 14 undefined on input line
 289.

[14] [15] [16] (./my_paper.bbl [17]
Underfull \hbox (badness 1721) in paragraph at lines 122--129
[]\OT1/cmr/m/n/12 N. S. Loven-duski and N. Gru-ber.  Im-pact of the south-ern a
n-nu-lar mode on
 []

[18]
Missing character: There is no â in font cmr12!
Missing character: There is no € in font cmr12!
Missing character: There is no “ in font cmr12!
 [19]
Missing character: There is no â in font cmr12!
Missing character: There is no € in font cmr12!
Missing character: There is no “ in font cmr12!
Missing character: There is no ï in font cmr12!
Missing character: There is no ¬ in font cmr12!
Missing character: There is no ‚ in font cmr12!
Missing character: There is no â in font cmr12!
Missing character: There is no € in font cmr12!
Missing character: There is no “ in font cmr12!
) [20]
</home/mpim/m300524/MSc_Thesis/gfx/SOCS_temporal_gaussian.png, id=351, 532.9912
6pt x 437.34526pt>
File: /home/mpim/m300524/MSc_Thesis/gfx/SOCS_temporal_gaussian.png Graphic file
 (type png)

<use /home/mpim/m300524/MSc_Thesis/gfx/SOCS_temporal_gaussian.png>
Package pdftex.def Info: /home/mpim/m300524/MSc_Thesis/gfx/SOCS_temporal_gaussi
an.png used on input line 322.
(pdftex.def)             Requested size: 213.19272pt x 174.935pt.

</home/mpim/m300524/MSc_Thesis/gfx/SOCS_spatial_gaussian.png, id=352, 533.74406
pt x 433.62pt>
File: /home/mpim/m300524/MSc_Thesis/gfx/SOCS_spatial_gaussian.png Graphic file 
(type png)

<use /home/mpim/m300524/MSc_Thesis/gfx/SOCS_spatial_gaussian.png>
Package pdftex.def Info: /home/mpim/m300524/MSc_Thesis/gfx/SOCS_spatial_gaussia
n.png used on input line 323.
(pdftex.def)             Requested size: 213.49384pt x 173.44492pt.

</home/mpim/m300524/MSc_Thesis/gfx/dpco2_separation.png, id=353, 765.6103pt x 2
45.12196pt>
File: /home/mpim/m300524/MSc_Thesis/gfx/dpco2_separation.png Graphic file (type
 png)
 <use /home/mpim/m300524/MSc_Thesis/gfx/dpco2_separation.png>
Package pdftex.def Info: /home/mpim/m300524/MSc_Thesis/gfx/dpco2_separation.png
 used on input line 336.
(pdftex.def)             Requested size: 459.36972pt x 147.0743pt.

Overfull \hbox (4.12564pt too wide) in paragraph at lines 336--337
[][]
 []

[21pdfTeX warning (ext4): destination with the same identifier (name{figure.6})
 has been already used, duplicate ignored

\AtBegShi@Output ...ipout \box \AtBeginShipoutBox 
                                                  \fi \fi 
l.341 \newpage
              pdfTeX warning (ext4): destination with the same identifier (name
{figure.7}) has been already used, duplicate ignored

\AtBegShi@Output ...ipout \box \AtBeginShipoutBox 
                                                  \fi \fi 
l.341 \newpage
               </home/mpim/m300524/MSc_Thesis/gfx/SOCS_temporal_gaussian.png (P
NG copy)> </home/mpim/m300524/MSc_Thesis/gfx/SOCS_spatial_gaussian.png (PNG cop
y)> </home/mpim/m300524/MSc_Thesis/gfx/dpco2_separation.png>]
</home/mpim/m300524/MSc_Thesis/gfx/nutrients.png, id=362, 729.47531pt x 119.953
3pt>
File: /home/mpim/m300524/MSc_Thesis/gfx/nutrients.png Graphic file (type png)
 <use /home/mpim/m300524/MSc_Thesis/gfx/nutrients.png>
Package pdftex.def Info: /home/mpim/m300524/MSc_Thesis/gfx/nutrients.png used o
n input line 344.
(pdftex.def)             Requested size: 437.68855pt x 71.97252pt.

</home/mpim/m300524/MSc_Thesis/gfx/nutrient_limitation.png, id=363, 924.45375pt
 x 177.32227pt>
File: /home/mpim/m300524/MSc_Thesis/gfx/nutrient_limitation.png Graphic file (t
ype png)

<use /home/mpim/m300524/MSc_Thesis/gfx/nutrient_limitation.png>
Package pdftex.def Info: /home/mpim/m300524/MSc_Thesis/gfx/nutrient_limitation.
png used on input line 349.
(pdftex.def)             Requested size: 416.00034pt x 79.79427pt.

</home/mpim/m300524/MSc_Thesis/gfx/zmld.png, id=365, 1178.90437pt x 225.00557pt
>
File: /home/mpim/m300524/MSc_Thesis/gfx/zmld.png Graphic file (type png)
 <use /home/mpim/m300524/MSc_Thesis/gfx/zmld.png>
Package pdftex.def Info: /home/mpim/m300524/MSc_Thesis/gfx/zmld.png used on inp
ut line 354.
(pdftex.def)             Requested size: 412.62271pt x 78.75311pt.

</home/mpim/m300524/MSc_Thesis/gfx/slp_wind.png, id=367, 1167.61218pt x 230.220
93pt>
File: /home/mpim/m300524/MSc_Thesis/gfx/slp_wind.png Graphic file (type png)
 <use /home/mpim/m300524/MSc_Thesis/gfx/slp_wind.png>
Package pdftex.def Info: /home/mpim/m300524/MSc_Thesis/gfx/slp_wind.png used on
 input line 359.
(pdftex.def)             Requested size: 408.6704pt x 80.57852pt.
 [22pdfTeX warning (ext4): destination with the same identifier (name{figure.8}
) has been already used, duplicate ignored

\AtBegShi@Output ...ipout \box \AtBeginShipoutBox 
                                                  \fi \fi 
l.364 \clearpage
                pdfTeX warning (ext4): destination with the same identifier (na
me{figure.9}) has been already used, duplicate ignored

\AtBegShi@Output ...ipout \box \AtBeginShipoutBox 
                                                  \fi \fi 
l.364 \clearpage
                pdfTeX warning (ext4): destination with the same identifier (na
me{figure.10}) has been already used, duplicate ignored

\AtBegShi@Output ...ipout \box \AtBeginShipoutBox 
                                                  \fi \fi 
l.364 \clearpage
                pdfTeX warning (ext4): destination with the same identifier (na
me{figure.11}) has been already used, duplicate ignored

\AtBegShi@Output ...ipout \box \AtBeginShipoutBox 
                                                  \fi \fi 
l.364 \clearpage
                 </home/mpim/m300524/MSc_Thesis/gfx/nutrient_limitation.png> </
home/mpim/m300524/MSc_Thesis/gfx/zmld.png (PNG copy)> </home/mpim/m300524/MSc_T
hesis/gfx/nutrients.png (PNG copy)> </home/mpim/m300524/MSc_Thesis/gfx/slp_wind
.png (PNG copy)>]
</home/mpim/m300524/MSc_Thesis/gfx/m182_1988_1995_sam_timeseries_son.png, id=37
6, 2159.06625pt x 621.32124pt>
File: /home/mpim/m300524/MSc_Thesis/gfx/m182_1988_1995_sam_timeseries_son.png G
raphic file (type png)

<use /home/mpim/m300524/MSc_Thesis/gfx/m182_1988_1995_sam_timeseries_son.png>
Package pdftex.def Info: /home/mpim/m300524/MSc_Thesis/gfx/m182_1988_1995_sam_t
imeseries_son.png used on input line 367.
(pdftex.def)             Requested size: 431.8056pt x 124.26204pt.

</home/mpim/m300524/MSc_Thesis/gfx/m182_1988_1995_nino34_timeseries.png, id=378
, 2150.0325pt x 948.54375pt>
File: /home/mpim/m300524/MSc_Thesis/gfx/m182_1988_1995_nino34_timeseries.png Gr
aphic file (type png)

<use /home/mpim/m300524/MSc_Thesis/gfx/m182_1988_1995_nino34_timeseries.png>
Package pdftex.def Info: /home/mpim/m300524/MSc_Thesis/gfx/m182_1988_1995_nino3
4_timeseries.png used on input line 372.
(pdftex.def)             Requested size: 429.99889pt x 189.70538pt.

</home/mpim/m300524/MSc_Thesis/gfx/m182_1988_1995_pdo_timeseries.png, id=380, 2
159.06625pt x 618.31pt>
File: /home/mpim/m300524/MSc_Thesis/gfx/m182_1988_1995_pdo_timeseries.png Graph
ic file (type png)

<use /home/mpim/m300524/MSc_Thesis/gfx/m182_1988_1995_pdo_timeseries.png>
Package pdftex.def Info: /home/mpim/m300524/MSc_Thesis/gfx/m182_1988_1995_pdo_t
imeseries.png used on input line 377.
(pdftex.def)             Requested size: 431.8056pt x 123.6598pt.

Underfull \hbox (badness 10000) in paragraph at lines 372--380
[][]
 []


LaTeX Warning: `h' float specifier changed to `ht'.

[23pdfTeX warning (ext4): destination with the same identifier (name{figure.12}
) has been already used, duplicate ignored

\AtBegShi@Output ...ipout \box \AtBeginShipoutBox 
                                                  \fi \fi 
l.384 \clearpage
                pdfTeX warning (ext4): destination with the same identifier (na
me{figure.13}) has been already used, duplicate ignored

\AtBegShi@Output ...ipout \box \AtBeginShipoutBox 
                                                  \fi \fi 
l.384 \clearpage
                 </home/mpim/m300524/MSc_Thesis/gfx/m182_1988_1995_sam_timeseri
es_son.png> </home/mpim/m300524/MSc_Thesis/gfx/m182_1988_1995_nino34_timeseries
.png> </home/mpim/m300524/MSc_Thesis/gfx/m182_1988_1995_pdo_timeseries.png>]
File: /home/mpim/m300524/MSc_Thesis/gfx/m182_1988_1995_positive_trend_8_obgc_ov
erview_summer.pdf Graphic file (type pdf)

<use /home/mpim/m300524/MSc_Thesis/gfx/m182_1988_1995_positive_trend_8_obgc_ove
rview_summer.pdf>
Package pdftex.def Info: /home/mpim/m300524/MSc_Thesis/gfx/m182_1988_1995_posit
ive_trend_8_obgc_overview_summer.pdf used on input line 386.
(pdftex.def)             Requested size: 614.29349pt x 794.96806pt.
File: /home/mpim/m300524/MSc_Thesis/gfx/m182_1988_1995_positive_trend_8_obgc_ov
erview_summer.pdf Graphic file (type pdf)

<use /home/mpim/m300524/MSc_Thesis/gfx/m182_1988_1995_positive_trend_8_obgc_ove
rview_summer.pdf>
Package pdftex.def Info: /home/mpim/m300524/MSc_Thesis/gfx/m182_1988_1995_posit
ive_trend_8_obgc_overview_summer.pdf used on input line 386.
(pdftex.def)             Requested size: 614.29349pt x 794.96806pt.

</home/mpim/m300524/MSc_Thesis/gfx/m182_1988_1995_positive_trend_8_obgc_overvie
w_summer.pdf, id=393, page=1, 614.295pt x 794.97pt>
File: /home/mpim/m300524/MSc_Thesis/gfx/m182_1988_1995_positive_trend_8_obgc_ov
erview_summer.pdf Graphic file (type pdf)

<use /home/mpim/m300524/MSc_Thesis/gfx/m182_1988_1995_positive_trend_8_obgc_ove
rview_summer.pdf, page 1>
Package pdftex.def Info: /home/mpim/m300524/MSc_Thesis/gfx/m182_1988_1995_posit
ive_trend_8_obgc_overview_summer.pdf, page1 used on input line 386.
(pdftex.def)             Requested size: 614.29349pt x 794.96806pt.
File: /home/mpim/m300524/MSc_Thesis/gfx/m182_1988_1995_positive_trend_8_obgc_ov
erview_summer.pdf Graphic file (type pdf)

<use /home/mpim/m300524/MSc_Thesis/gfx/m182_1988_1995_positive_trend_8_obgc_ove
rview_summer.pdf, page 1>
Package pdftex.def Info: /home/mpim/m300524/MSc_Thesis/gfx/m182_1988_1995_posit
ive_trend_8_obgc_overview_summer.pdf, page1 used on input line 386.
(pdftex.def)             Requested size: 614.58406pt x 795.3441pt.
File: /home/mpim/m300524/MSc_Thesis/gfx/m182_1988_1995_positive_trend_8_obgc_ov
erview_summer.pdf Graphic file (type pdf)

<use /home/mpim/m300524/MSc_Thesis/gfx/m182_1988_1995_positive_trend_8_obgc_ove
rview_summer.pdf, page 1>
Package pdftex.def Info: /home/mpim/m300524/MSc_Thesis/gfx/m182_1988_1995_posit
ive_trend_8_obgc_overview_summer.pdf, page1 used on input line 386.
(pdftex.def)             Requested size: 614.58406pt x 795.3441pt.
File: /home/mpim/m300524/MSc_Thesis/gfx/m182_1988_1995_positive_trend_8_obgc_ov
erview_summer.pdf Graphic file (type pdf)

<use /home/mpim/m300524/MSc_Thesis/gfx/m182_1988_1995_positive_trend_8_obgc_ove
rview_summer.pdf, page 1>
Package pdftex.def Info: /home/mpim/m300524/MSc_Thesis/gfx/m182_1988_1995_posit
ive_trend_8_obgc_overview_summer.pdf, page1 used on input line 386.
(pdftex.def)             Requested size: 614.58406pt x 795.3441pt.
File: /home/mpim/m300524/MSc_Thesis/gfx/m182_1988_1995_positive_trend_8_obgc_ov
erview_summer.pdf Graphic file (type pdf)

<use /home/mpim/m300524/MSc_Thesis/gfx/m182_1988_1995_positive_trend_8_obgc_ove
rview_summer.pdf, page 1>
Package pdftex.def Info: /home/mpim/m300524/MSc_Thesis/gfx/m182_1988_1995_posit
ive_trend_8_obgc_overview_summer.pdf, page1 used on input line 386.
(pdftex.def)             Requested size: 614.58406pt x 795.3441pt.
 [24


 </home/mpim/m300524/MSc_Thesis/gfx/m182_1988_1995_positive_trend_8_obgc_overvi
ew_summer.pdf>]
</home/mpim/m300524/MSc_Thesis/gfx/m182_1988_1995_positive_trend_8_obgc_overvie
w_winter.pdf, id=400, 614.295pt x 794.97pt>
File: /home/mpim/m300524/MSc_Thesis/gfx/m182_1988_1995_positive_trend_8_obgc_ov
erview_winter.pdf Graphic file (type pdf)

<use /home/mpim/m300524/MSc_Thesis/gfx/m182_1988_1995_positive_trend_8_obgc_ove
rview_winter.pdf>
Package pdftex.def Info: /home/mpim/m300524/MSc_Thesis/gfx/m182_1988_1995_posit
ive_trend_8_obgc_overview_winter.pdf used on input line 387.
(pdftex.def)             Requested size: 614.29349pt x 794.96806pt.
File: /home/mpim/m300524/MSc_Thesis/gfx/m182_1988_1995_positive_trend_8_obgc_ov
erview_winter.pdf Graphic file (type pdf)

<use /home/mpim/m300524/MSc_Thesis/gfx/m182_1988_1995_positive_trend_8_obgc_ove
rview_winter.pdf>
Package pdftex.def Info: /home/mpim/m300524/MSc_Thesis/gfx/m182_1988_1995_posit
ive_trend_8_obgc_overview_winter.pdf used on input line 387.
(pdftex.def)             Requested size: 614.29349pt x 794.96806pt.

</home/mpim/m300524/MSc_Thesis/gfx/m182_1988_1995_positive_trend_8_obgc_overvie
w_winter.pdf, id=403, page=1, 614.295pt x 794.97pt>
File: /home/mpim/m300524/MSc_Thesis/gfx/m182_1988_1995_positive_trend_8_obgc_ov
erview_winter.pdf Graphic file (type pdf)

<use /home/mpim/m300524/MSc_Thesis/gfx/m182_1988_1995_positive_trend_8_obgc_ove
rview_winter.pdf, page 1>
Package pdftex.def Info: /home/mpim/m300524/MSc_Thesis/gfx/m182_1988_1995_posit
ive_trend_8_obgc_overview_winter.pdf, page1 used on input line 387.
(pdftex.def)             Requested size: 614.29349pt x 794.96806pt.
File: /home/mpim/m300524/MSc_Thesis/gfx/m182_1988_1995_positive_trend_8_obgc_ov
erview_winter.pdf Graphic file (type pdf)

<use /home/mpim/m300524/MSc_Thesis/gfx/m182_1988_1995_positive_trend_8_obgc_ove
rview_winter.pdf, page 1>
Package pdftex.def Info: /home/mpim/m300524/MSc_Thesis/gfx/m182_1988_1995_posit
ive_trend_8_obgc_overview_winter.pdf, page1 used on input line 387.
(pdftex.def)             Requested size: 614.58406pt x 795.3441pt.
File: /home/mpim/m300524/MSc_Thesis/gfx/m182_1988_1995_positive_trend_8_obgc_ov
erview_winter.pdf Graphic file (type pdf)

<use /home/mpim/m300524/MSc_Thesis/gfx/m182_1988_1995_positive_trend_8_obgc_ove
rview_winter.pdf, page 1>
Package pdftex.def Info: /home/mpim/m300524/MSc_Thesis/gfx/m182_1988_1995_posit
ive_trend_8_obgc_overview_winter.pdf, page1 used on input line 387.
(pdftex.def)             Requested size: 614.58406pt x 795.3441pt.
File: /home/mpim/m300524/MSc_Thesis/gfx/m182_1988_1995_positive_trend_8_obgc_ov
erview_winter.pdf Graphic file (type pdf)

<use /home/mpim/m300524/MSc_Thesis/gfx/m182_1988_1995_positive_trend_8_obgc_ove
rview_winter.pdf, page 1>
Package pdftex.def Info: /home/mpim/m300524/MSc_Thesis/gfx/m182_1988_1995_posit
ive_trend_8_obgc_overview_winter.pdf, page1 used on input line 387.
(pdftex.def)             Requested size: 614.58406pt x 795.3441pt.
File: /home/mpim/m300524/MSc_Thesis/gfx/m182_1988_1995_positive_trend_8_obgc_ov
erview_winter.pdf Graphic file (type pdf)

<use /home/mpim/m300524/MSc_Thesis/gfx/m182_1988_1995_positive_trend_8_obgc_ove
rview_winter.pdf, page 1>
Package pdftex.def Info: /home/mpim/m300524/MSc_Thesis/gfx/m182_1988_1995_posit
ive_trend_8_obgc_overview_winter.pdf, page1 used on input line 387.
(pdftex.def)             Requested size: 614.58406pt x 795.3441pt.
 [25 </home/mpim/m300524/MSc_Thesis/gfx/m182_1988_1995_positive_trend_8_obgc_ov
erview_winter.pdf>]
</home/mpim/m300524/MSc_Thesis/gfx/m182_1988_1995_positive_trend_8_pco2_overvie
w.pdf, id=411, 614.295pt x 794.97pt>
File: /home/mpim/m300524/MSc_Thesis/gfx/m182_1988_1995_positive_trend_8_pco2_ov
erview.pdf Graphic file (type pdf)

<use /home/mpim/m300524/MSc_Thesis/gfx/m182_1988_1995_positive_trend_8_pco2_ove
rview.pdf>
Package pdftex.def Info: /home/mpim/m300524/MSc_Thesis/gfx/m182_1988_1995_posit
ive_trend_8_pco2_overview.pdf used on input line 388.
(pdftex.def)             Requested size: 614.29349pt x 794.96806pt.
File: /home/mpim/m300524/MSc_Thesis/gfx/m182_1988_1995_positive_trend_8_pco2_ov
erview.pdf Graphic file (type pdf)

<use /home/mpim/m300524/MSc_Thesis/gfx/m182_1988_1995_positive_trend_8_pco2_ove
rview.pdf>
Package pdftex.def Info: /home/mpim/m300524/MSc_Thesis/gfx/m182_1988_1995_posit
ive_trend_8_pco2_overview.pdf used on input line 388.
(pdftex.def)             Requested size: 614.29349pt x 794.96806pt.

</home/mpim/m300524/MSc_Thesis/gfx/m182_1988_1995_positive_trend_8_pco2_overvie
w.pdf, id=414, page=1, 614.295pt x 794.97pt>
File: /home/mpim/m300524/MSc_Thesis/gfx/m182_1988_1995_positive_trend_8_pco2_ov
erview.pdf Graphic file (type pdf)

<use /home/mpim/m300524/MSc_Thesis/gfx/m182_1988_1995_positive_trend_8_pco2_ove
rview.pdf, page 1>
Package pdftex.def Info: /home/mpim/m300524/MSc_Thesis/gfx/m182_1988_1995_posit
ive_trend_8_pco2_overview.pdf, page1 used on input line 388.
(pdftex.def)             Requested size: 614.29349pt x 794.96806pt.
File: /home/mpim/m300524/MSc_Thesis/gfx/m182_1988_1995_positive_trend_8_pco2_ov
erview.pdf Graphic file (type pdf)

<use /home/mpim/m300524/MSc_Thesis/gfx/m182_1988_1995_positive_trend_8_pco2_ove
rview.pdf, page 1>
Package pdftex.def Info: /home/mpim/m300524/MSc_Thesis/gfx/m182_1988_1995_posit
ive_trend_8_pco2_overview.pdf, page1 used on input line 388.
(pdftex.def)             Requested size: 614.58406pt x 795.3441pt.
File: /home/mpim/m300524/MSc_Thesis/gfx/m182_1988_1995_positive_trend_8_pco2_ov
erview.pdf Graphic file (type pdf)

<use /home/mpim/m300524/MSc_Thesis/gfx/m182_1988_1995_positive_trend_8_pco2_ove
rview.pdf, page 1>
Package pdftex.def Info: /home/mpim/m300524/MSc_Thesis/gfx/m182_1988_1995_posit
ive_trend_8_pco2_overview.pdf, page1 used on input line 388.
(pdftex.def)             Requested size: 614.58406pt x 795.3441pt.
File: /home/mpim/m300524/MSc_Thesis/gfx/m182_1988_1995_positive_trend_8_pco2_ov
erview.pdf Graphic file (type pdf)

<use /home/mpim/m300524/MSc_Thesis/gfx/m182_1988_1995_positive_trend_8_pco2_ove
rview.pdf, page 1>
Package pdftex.def Info: /home/mpim/m300524/MSc_Thesis/gfx/m182_1988_1995_posit
ive_trend_8_pco2_overview.pdf, page1 used on input line 388.
(pdftex.def)             Requested size: 614.58406pt x 795.3441pt.
File: /home/mpim/m300524/MSc_Thesis/gfx/m182_1988_1995_positive_trend_8_pco2_ov
erview.pdf Graphic file (type pdf)

<use /home/mpim/m300524/MSc_Thesis/gfx/m182_1988_1995_positive_trend_8_pco2_ove
rview.pdf, page 1>
Package pdftex.def Info: /home/mpim/m300524/MSc_Thesis/gfx/m182_1988_1995_posit
ive_trend_8_pco2_overview.pdf, page1 used on input line 388.
(pdftex.def)             Requested size: 614.58406pt x 795.3441pt.
 [26 </home/mpim/m300524/MSc_Thesis/gfx/m182_1988_1995_positive_trend_8_pco2_ov
erview.pdf>]
</home/mpim/m300524/MSc_Thesis/gfx/m182_1988_1995_positive_trend_8_Landschuetze
r_overview.pdf, id=421, 614.295pt x 794.97pt>
File: /home/mpim/m300524/MSc_Thesis/gfx/m182_1988_1995_positive_trend_8_Landsch
uetzer_overview.pdf Graphic file (type pdf)

<use /home/mpim/m300524/MSc_Thesis/gfx/m182_1988_1995_positive_trend_8_Landschu
etzer_overview.pdf>
Package pdftex.def Info: /home/mpim/m300524/MSc_Thesis/gfx/m182_1988_1995_posit
ive_trend_8_Landschuetzer_overview.pdf used on input line 397.
(pdftex.def)             Requested size: 331.44719pt x 545.8394pt.

</home/mpim/m300524/MSc_Thesis/gfx/m182_1988_1995_positive_trend_8_Landschuetze
r_summer_overview.pdf, id=425, 614.295pt x 794.97pt>
File: /home/mpim/m300524/MSc_Thesis/gfx/m182_1988_1995_positive_trend_8_Landsch
uetzer_summer_overview.pdf Graphic file (type pdf)

<use /home/mpim/m300524/MSc_Thesis/gfx/m182_1988_1995_positive_trend_8_Landschu
etzer_summer_overview.pdf>
Package pdftex.def Info: /home/mpim/m300524/MSc_Thesis/gfx/m182_1988_1995_posit
ive_trend_8_Landschuetzer_summer_overview.pdf used on input line 403.
(pdftex.def)             Requested size: 331.44719pt x 545.8394pt.

</home/mpim/m300524/MSc_Thesis/gfx/m182_1988_1995_positive_trend_8_Landschuetze
r_winter_overview.pdf, id=429, 614.295pt x 794.97pt>
File: /home/mpim/m300524/MSc_Thesis/gfx/m182_1988_1995_positive_trend_8_Landsch
uetzer_winter_overview.pdf Graphic file (type pdf)

<use /home/mpim/m300524/MSc_Thesis/gfx/m182_1988_1995_positive_trend_8_Landschu
etzer_winter_overview.pdf>
Package pdftex.def Info: /home/mpim/m300524/MSc_Thesis/gfx/m182_1988_1995_posit
ive_trend_8_Landschuetzer_winter_overview.pdf used on input line 409.
(pdftex.def)             Requested size: 331.44719pt x 545.8394pt.
 [27pdfTeX warning (ext4): destination with the same identifier (name{figure.14
}) has been already used, duplicate ignored

\AtBegShi@Output ...ipout \box \AtBeginShipoutBox 
                                                  \fi \fi 
l.414 \clearpage
                 </home/mpim/m300524/MSc_Thesis/gfx/m182_1988_1995_positive_tre
nd_8_Landschuetzer_overview.pdf>] [28pdfTeX warning (ext4): destination with th
e same identifier (name{figure.15}) has been already used, duplicate ignored

\AtBegShi@Output ...ipout \box \AtBeginShipoutBox 
                                                  \fi \fi 
l.414 \clearpage
                 </home/mpim/m300524/MSc_Thesis/gfx/m182_1988_1995_positive_tre
nd_8_Landschuetzer_summer_overview.pdf>] [29pdfTeX warning (ext4): destination 
with the same identifier (name{figure.16}) has been already used, duplicate ign
ored

\AtBegShi@Output ...ipout \box \AtBeginShipoutBox 
                                                  \fi \fi 
l.414 \clearpage
                 </home/mpim/m300524/MSc_Thesis/gfx/m182_1988_1995_positive_tre
nd_8_Landschuetzer_winter_overview.pdf>]

Package natbib Warning: There were undefined citations.

Package atveryend Info: Empty hook `BeforeClearDocument' on input line 423.
[30


]
Package atveryend Info: Empty hook `AfterLastShipout' on input line 423.
 (./my_paper.aux)
Package atveryend Info: Executing hook `AtVeryEndDocument' on input line 423.
Package atveryend Info: Executing hook `AtEndAfterFileList' on input line 423.
Package rerunfilecheck Info: File `my_paper.out' has not changed.
(rerunfilecheck)             Checksum: C03893D364B122C930BB3A8ED40FF9CB;514.


LaTeX Warning: There were undefined references.

Package atveryend Info: Empty hook `AtVeryVeryEnd' on input line 423.
 ) 
Here is how much of TeX's memory you used:
 15735 strings out of 494404
 308760 string characters out of 6163652
 350328 words of memory out of 5000000
 18741 multiletter control sequences out of 15000+600000
 15030 words of font info for 56 fonts, out of 8000000 for 9000
 350 hyphenation exceptions out of 8191
 40i,18n,45p,10459b,868s stack positions out of 5000i,500n,10000p,200000b,80000s
</usr/share/texlive/texmf-dist/fonts/type1/public/amsfonts/cm/cmbx10.pfb></us
r/share/texlive/texmf-dist/fonts/type1/public/amsfonts/cm/cmbx12.pfb></usr/shar
e/texlive/texmf-dist/fonts/type1/public/amsfonts/cm/cmmi12.pfb></usr/share/texl
ive/texmf-dist/fonts/type1/public/amsfonts/cm/cmmi8.pfb></usr/share/texlive/tex
mf-dist/fonts/type1/public/amsfonts/cm/cmr10.pfb></usr/share/texlive/texmf-dist
/fonts/type1/public/amsfonts/cm/cmr12.pfb></usr/share/texlive/texmf-dist/fonts/
type1/public/amsfonts/cm/cmr17.pfb></usr/share/texlive/texmf-dist/fonts/type1/p
ublic/amsfonts/cm/cmr8.pfb></usr/share/texlive/texmf-dist/fonts/type1/public/am
sfonts/cm/cmsy10.pfb></usr/share/texlive/texmf-dist/fonts/type1/public/amsfonts
/cm/cmsy8.pfb></usr/share/texlive/texmf-dist/fonts/type1/public/amsfonts/cm/cmt
i12.pfb></usr/share/texlive/texmf-dist/fonts/type1/public/amsfonts/cm/cmtt12.pf
b>
Output written on my_paper.pdf (30 pages, 22177464 bytes).
PDF statistics:
 529 PDF objects out of 1000 (max. 8388607)
 434 compressed objects within 5 object streams
 103 named destinations out of 1000 (max. 500000)
 312 words of extra memory for PDF output out of 10000 (max. 10000000)

