This is pdfTeX, Version 3.14159265-2.6-1.40.15 (TeX Live 2015/dev/Debian) (preloaded format=pdflatex 2016.11.16)  20 MAR 2017 19:25
entering extended mode
 restricted \write18 enabled.
 %&-line parsing enabled.
**outline.tex
(./outline.tex
LaTeX2e <2014/05/01>
Babel <3.9l> and hyphenation patterns for 32 languages loaded.
(/usr/share/texlive/texmf-dist/tex/latex/base/article.cls
Document Class: article 2014/09/29 v1.4h Standard LaTeX document class
(/usr/share/texlive/texmf-dist/tex/latex/base/size12.clo
File: size12.clo 2014/09/29 v1.4h Standard LaTeX file (size option)
)
\c@part=\count79
\c@section=\count80
\c@subsection=\count81
\c@subsubsection=\count82
\c@paragraph=\count83
\c@subparagraph=\count84
\c@figure=\count85
\c@table=\count86
\abovecaptionskip=\skip41
\belowcaptionskip=\skip42
\bibindent=\dimen102
)
(/usr/share/texlive/texmf-dist/tex/latex/pdfpages/pdfpages.sty
Package: pdfpages 2013/08/25 v0.4v Insert pages of external PDF documents (AM)

(/usr/share/texlive/texmf-dist/tex/latex/base/ifthen.sty
Package: ifthen 2014/09/29 v1.1c Standard LaTeX ifthen package (DPC)
)
(/usr/share/texlive/texmf-dist/tex/latex/tools/calc.sty
Package: calc 2014/10/28 v4.3 Infix arithmetic (KKT,FJ)
\calc@Acount=\count87
\calc@Bcount=\count88
\calc@Adimen=\dimen103
\calc@Bdimen=\dimen104
\calc@Askip=\skip43
\calc@Bskip=\skip44
LaTeX Info: Redefining \setlength on input line 75.
LaTeX Info: Redefining \addtolength on input line 76.
\calc@Ccount=\count89
\calc@Cskip=\skip45
)
(/usr/share/texlive/texmf-dist/tex/latex/eso-pic/eso-pic.sty
Package: eso-pic 2013/10/06 v2.0d eso-pic (RN)

(/usr/share/texlive/texmf-dist/tex/generic/oberdiek/atbegshi.sty
Package: atbegshi 2011/10/05 v1.16 At begin shipout hook (HO)

(/usr/share/texlive/texmf-dist/tex/generic/oberdiek/infwarerr.sty
Package: infwarerr 2010/04/08 v1.3 Providing info/warning/error messages (HO)
)
(/usr/share/texlive/texmf-dist/tex/generic/oberdiek/ltxcmds.sty
Package: ltxcmds 2011/11/09 v1.22 LaTeX kernel commands for general use (HO)
)
(/usr/share/texlive/texmf-dist/tex/generic/oberdiek/ifpdf.sty
Package: ifpdf 2011/01/30 v2.3 Provides the ifpdf switch (HO)
Package ifpdf Info: pdfTeX in PDF mode is detected.
))
(/usr/share/texlive/texmf-dist/tex/latex/graphics/keyval.sty
Package: keyval 2014/05/08 v1.15 key=value parser (DPC)
\KV@toks@=\toks14
)
(/usr/share/texlive/texmf-dist/tex/latex/xcolor/xcolor.sty
Package: xcolor 2007/01/21 v2.11 LaTeX color extensions (UK)

(/usr/share/texlive/texmf-dist/tex/latex/latexconfig/color.cfg
File: color.cfg 2007/01/18 v1.5 color configuration of teTeX/TeXLive
)
Package xcolor Info: Driver file: pdftex.def on input line 225.

(/usr/share/texlive/texmf-dist/tex/latex/pdftex-def/pdftex.def
File: pdftex.def 2011/05/27 v0.06d Graphics/color for pdfTeX
\Gread@gobject=\count90
)
Package xcolor Info: Model `cmy' substituted by `cmy0' on input line 1337.
Package xcolor Info: Model `hsb' substituted by `rgb' on input line 1341.
Package xcolor Info: Model `RGB' extended on input line 1353.
Package xcolor Info: Model `HTML' substituted by `rgb' on input line 1355.
Package xcolor Info: Model `Hsb' substituted by `hsb' on input line 1356.
Package xcolor Info: Model `tHsb' substituted by `hsb' on input line 1357.
Package xcolor Info: Model `HSB' substituted by `hsb' on input line 1358.
Package xcolor Info: Model `Gray' substituted by `gray' on input line 1359.
Package xcolor Info: Model `wave' substituted by `hsb' on input line 1360.
))
(/usr/share/texlive/texmf-dist/tex/latex/graphics/graphicx.sty
Package: graphicx 2014/04/25 v1.0g Enhanced LaTeX Graphics (DPC,SPQR)

(/usr/share/texlive/texmf-dist/tex/latex/graphics/graphics.sty
Package: graphics 2009/02/05 v1.0o Standard LaTeX Graphics (DPC,SPQR)

(/usr/share/texlive/texmf-dist/tex/latex/graphics/trig.sty
Package: trig 1999/03/16 v1.09 sin cos tan (DPC)
)
(/usr/share/texlive/texmf-dist/tex/latex/latexconfig/graphics.cfg
File: graphics.cfg 2010/04/23 v1.9 graphics configuration of TeX Live
)
Package graphics Info: Driver file: pdftex.def on input line 91.
)
\Gin@req@height=\dimen105
\Gin@req@width=\dimen106
)
(/usr/share/texlive/texmf-dist/tex/latex/pdfpages/pppdftex.def
File: pppdftex.def 2013/08/25 v0.4v Pdfpages driver for pdfTeX (AM)
)
\AM@pagebox=\box26
\AM@toc@title=\toks15
\c@AM@survey=\count91
\AM@templatesizebox=\box27
)
(/usr/share/texlive/texmf-dist/tex/latex/amsmath/amsmath.sty
Package: amsmath 2013/01/14 v2.14 AMS math features
\@mathmargin=\skip46

For additional information on amsmath, use the `?' option.
(/usr/share/texlive/texmf-dist/tex/latex/amsmath/amstext.sty
Package: amstext 2000/06/29 v2.01

(/usr/share/texlive/texmf-dist/tex/latex/amsmath/amsgen.sty
File: amsgen.sty 1999/11/30 v2.0
\@emptytoks=\toks16
\ex@=\dimen107
))
(/usr/share/texlive/texmf-dist/tex/latex/amsmath/amsbsy.sty
Package: amsbsy 1999/11/29 v1.2d
\pmbraise@=\dimen108
)
(/usr/share/texlive/texmf-dist/tex/latex/amsmath/amsopn.sty
Package: amsopn 1999/12/14 v2.01 operator names
)
\inf@bad=\count92
LaTeX Info: Redefining \frac on input line 210.
\uproot@=\count93
\leftroot@=\count94
LaTeX Info: Redefining \overline on input line 306.
\classnum@=\count95
\DOTSCASE@=\count96
LaTeX Info: Redefining \ldots on input line 378.
LaTeX Info: Redefining \dots on input line 381.
LaTeX Info: Redefining \cdots on input line 466.
\Mathstrutbox@=\box28
\strutbox@=\box29
\big@size=\dimen109
LaTeX Font Info:    Redeclaring font encoding OML on input line 566.
LaTeX Font Info:    Redeclaring font encoding OMS on input line 567.
\macc@depth=\count97
\c@MaxMatrixCols=\count98
\dotsspace@=\muskip10
\c@parentequation=\count99
\dspbrk@lvl=\count100
\tag@help=\toks17
\row@=\count101
\column@=\count102
\maxfields@=\count103
\andhelp@=\toks18
\eqnshift@=\dimen110
\alignsep@=\dimen111
\tagshift@=\dimen112
\tagwidth@=\dimen113
\totwidth@=\dimen114
\lineht@=\dimen115
\@envbody=\toks19
\multlinegap=\skip47
\multlinetaggap=\skip48
\mathdisplay@stack=\toks20
LaTeX Info: Redefining \[ on input line 2665.
LaTeX Info: Redefining \] on input line 2666.
)
(/usr/share/texlive/texmf-dist/tex/latex/siunitx/siunitx.sty
(/usr/share/texlive/texmf-dist/tex/latex/l3kernel/expl3.sty
Package: expl3 2014/09/15 v5423 L3 programming layer (loader) 

(/usr/share/texlive/texmf-dist/tex/latex/l3kernel/expl3-code.tex
Package: expl3 2014/09/15 v5423 L3 programming layer (code) 
L3 Module: l3bootstrap 2014/08/23 v5354 L3 Bootstrap code

(/usr/share/texlive/texmf-dist/tex/latex/etex-pkg/etex.sty
Package: etex 1998/03/26 v2.0 eTeX basic definition package (PEB)
\et@xins=\count104
)
L3 Module: l3names 2014/08/22 v5343 L3 Namespace for primitives
L3 Module: l3basics 2014/08/24 v5364 L3 Basic definitions
L3 Module: l3expan 2014/08/22 v5349 L3 Argument expansion
L3 Module: l3tl 2014/08/24 v5359 L3 Token lists
L3 Module: l3str 2014/08/24 v5368 L3 Strings
L3 Module: l3seq 2014/08/23 v5354 L3 Sequences and stacks
L3 Module: l3int 2014/09/14 v5421 L3 Integers
\c_max_int=\count105
\l_tmpa_int=\count106
\l_tmpb_int=\count107
\g_tmpa_int=\count108
\g_tmpb_int=\count109
L3 Module: l3quark 2014/08/23 v5354 L3 Quarks
L3 Module: l3prg 2014/08/23 v5354 L3 Control structures
\g__prg_map_int=\count110
L3 Module: l3clist 2014/08/23 v5354 L3 Comma separated lists
L3 Module: l3token 2014/09/15 v5422 L3 Experimental token manipulation
L3 Module: l3prop 2014/08/23 v5354 L3 Property lists
L3 Module: l3msg 2014/08/24 v5358 L3 Messages
L3 Module: l3file 2014/08/24 v5369 L3 File and I/O operations
\l_iow_line_count_int=\count111
\l__iow_target_count_int=\count112
\l__iow_current_line_int=\count113
\l__iow_current_word_int=\count114
\l__iow_current_indentation_int=\count115
L3 Module: l3skip 2014/08/23 v5354 L3 Dimensions and skips
\c_zero_dim=\dimen116
\c_max_dim=\dimen117
\l_tmpa_dim=\dimen118
\l_tmpb_dim=\dimen119
\g_tmpa_dim=\dimen120
\g_tmpb_dim=\dimen121
\c_zero_skip=\skip49
\c_max_skip=\skip50
\l_tmpa_skip=\skip51
\l_tmpb_skip=\skip52
\g_tmpa_skip=\skip53
\g_tmpb_skip=\skip54
\c_zero_muskip=\muskip11
\c_max_muskip=\muskip12
\l_tmpa_muskip=\muskip13
\l_tmpb_muskip=\muskip14
\g_tmpa_muskip=\muskip15
\g_tmpb_muskip=\muskip16
L3 Module: l3keys 2014/08/23 v5354 L3 Key-value interfaces
\g__keyval_level_int=\count116
\l_keys_choice_int=\count117
L3 Module: l3fp 2014/08/22 v5336 L3 Floating points
\c__fp_leading_shift_int=\count118
\c__fp_middle_shift_int=\count119
\c__fp_trailing_shift_int=\count120
\c__fp_big_leading_shift_int=\count121
\c__fp_big_middle_shift_int=\count122
\c__fp_big_trailing_shift_int=\count123
\c__fp_Bigg_leading_shift_int=\count124
\c__fp_Bigg_middle_shift_int=\count125
\c__fp_Bigg_trailing_shift_int=\count126
L3 Module: l3box 2014/08/23 v5354 L3 Experimental boxes
\c_empty_box=\box30
\l_tmpa_box=\box31
\l_tmpb_box=\box32
\g_tmpa_box=\box33
\g_tmpb_box=\box34
L3 Module: l3coffins 2014/08/23 v5354 L3 Coffin code layer
\l__coffin_internal_box=\box35
\l__coffin_internal_dim=\dimen122
\l__coffin_offset_x_dim=\dimen123
\l__coffin_offset_y_dim=\dimen124
\l__coffin_x_dim=\dimen125
\l__coffin_y_dim=\dimen126
\l__coffin_x_prime_dim=\dimen127
\l__coffin_y_prime_dim=\dimen128
\c_empty_coffin=\box36
\l__coffin_aligned_coffin=\box37
\l__coffin_aligned_internal_coffin=\box38
\l_tmpa_coffin=\box39
\l_tmpb_coffin=\box40
\l__coffin_display_coffin=\box41
\l__coffin_display_coord_coffin=\box42
\l__coffin_display_pole_coffin=\box43
\l__coffin_display_offset_dim=\dimen129
\l__coffin_display_x_dim=\dimen130
\l__coffin_display_y_dim=\dimen131
L3 Module: l3color 2014/08/23 v5354 L3 Experimental color support
L3 Module: l3candidates 2014/08/24 v5366 L3 Experimental additions to l3kernel
\l__box_top_dim=\dimen132
\l__box_bottom_dim=\dimen133
\l__box_left_dim=\dimen134
\l__box_right_dim=\dimen135
\l__box_top_new_dim=\dimen136
\l__box_bottom_new_dim=\dimen137
\l__box_left_new_dim=\dimen138
\l__box_right_new_dim=\dimen139
\l__box_internal_box=\box44
\l__coffin_bounding_shift_dim=\dimen140
\l__coffin_left_corner_dim=\dimen141
\l__coffin_right_corner_dim=\dimen142
\l__coffin_bottom_corner_dim=\dimen143
\l__coffin_top_corner_dim=\dimen144
\l__coffin_scaled_total_height_dim=\dimen145
\l__coffin_scaled_width_dim=\dimen146
)
(/usr/share/texlive/texmf-dist/tex/latex/l3kernel/l3unicode-data.def
File: l3unicode-data.def 2014/08/12 v5276 L3 Unicode data
)
(/usr/share/texlive/texmf-dist/tex/latex/l3kernel/l3pdfmode.def
File: l3pdfmode.def 2014/08/24 v5366 L3 Experimental driver: PDF mode
\l__driver_color_stack_int=\count127
))
(/usr/share/texlive/texmf-dist/tex/latex/l3packages/xparse/xparse.sty
Package: xparse 2014/09/15 v5423 L3 Experimental document command parser
\l__xparse_current_arg_int=\count128
\l__xparse_m_args_int=\count129
\l__xparse_mandatory_args_int=\count130
\l__xparse_processor_int=\count131
\l__xparse_v_nesting_int=\count132
)
Package: siunitx 2014/10/01 v2.6c A comprehensive (SI) units package

(/usr/share/texlive/texmf-dist/tex/latex/tools/array.sty
Package: array 2014/10/28 v2.4c Tabular extension package (FMi)
\col@sep=\dimen147
\extrarowheight=\dimen148
\NC@list=\toks21
\extratabsurround=\skip55
\backup@length=\skip56
)
(/usr/share/texlive/texmf-dist/tex/latex/l3packages/l3keys2e/l3keys2e.sty
Package: l3keys2e 2014/09/15 v5423 LaTeX2e option processing using LaTeX3 keys
)
Variant \tl_if_blank:VTF already defined; not changing it on line 50
\l__siunitx_tmp_box=\box45
\l__siunitx_tmp_dim=\dimen149
\l__siunitx_tmp_int=\count133
Variant \prop_get:NVNT already defined; not changing it on line 372
Variant \prop_get:NVNF already defined; not changing it on line 373
Variant \prop_get:NVNTF already defined; not changing it on line 374
\l__siunitx_number_mantissa_length_int=\count134
\l__siunitx_number_uncert_length_int=\count135
\l__siunitx_round_int=\count136
\l__siunitx_process_decimal_int=\count137
\l__siunitx_process_uncertainty_int=\count138
\l__siunitx_process_fixed_int=\count139
\l__siunitx_process_integer_min_int=\count140
\l__siunitx_process_precision_int=\count141
\l__siunitx_group_min_int=\count142
\l__siunitx_angle_marker_box=\box46
\l__siunitx_angle_unit_box=\box47
\l__siunitx_angle_marker_dim=\dimen150
\l__siunitx_angle_unit_dim=\dimen151
\l__siunitx_unit_int=\count143
\l__siunitx_unit_denominator_int=\count144
\l__siunitx_unit_numerator_int=\count145
\l__siunitx_unit_prefix_int=\count146
\l__siunitx_unit_prefix_base_int=\count147
\l__siunitx_unit_prefix_gram_int=\count148
\l__siunitx_number_product_int=\count149
\c__siunitx_one_fill_skip=\skip57
\l__siunitx_table_unit_align_skip=\skip58
\l__siunitx_table_exponent_dim=\dimen152
\l__siunitx_table_integer_dim=\dimen153
\l__siunitx_table_mantissa_dim=\dimen154
\l__siunitx_table_marker_dim=\dimen155
\l__siunitx_table_result_dim=\dimen156
\l__siunitx_table_uncert_dim=\dimen157
\l__siunitx_table_fill_pre_dim=\dimen158
\l__siunitx_table_fill_post_dim=\dimen159
\l__siunitx_table_fill_mid_dim=\dimen160
\l__siunitx_table_pre_box=\box48
\l__siunitx_table_post_box=\box49
\l__siunitx_table_mantissa_box=\box50
\l__siunitx_table_result_box=\box51
\l__siunitx_table_number_align_skip=\skip59
\l__siunitx_table_text_align_skip=\skip60
.................................................
. LaTeX info: "xparse/define-command"
. 
. Defining command \DeclareBinaryPrefix with sig. 'mmm' on line 7168.
.................................................
.................................................
. LaTeX info: "xparse/define-command"
. 
. Defining command \DeclareSIPostPower with sig. 'mm' on line 7171.
.................................................
.................................................
. LaTeX info: "xparse/define-command"
. 
. Defining command \DeclareSIPrefix with sig. 'mmm' on line 7174.
.................................................
.................................................
. LaTeX info: "xparse/define-command"
. 
. Defining command \DeclareSIPrePower with sig. 'mm' on line 7177.
.................................................
.................................................
. LaTeX info: "xparse/define-command"
. 
. Defining command \DeclareSIQualifier with sig. 'mm' on line 7180.
.................................................
.................................................
. LaTeX info: "xparse/define-command"
. 
. Defining command \DeclareSIUnit with sig. 'O{}mm' on line 7183.
.................................................
.................................................
. LaTeX info: "xparse/define-command"
. 
. Defining command \DeclareSIUnitWithOptions with sig. 'mmm' on line 7186.
.................................................
.................................................
. LaTeX info: "xparse/define-command"
. 
. Defining command \ang with sig. 'o>{\SplitArgument {2}{;}}m' on line 7201.
.................................................
.................................................
. LaTeX info: "xparse/define-command"
. 
. Defining command \num with sig. 'om' on line 7209.
.................................................
.................................................
. LaTeX info: "xparse/define-command"
. 
. Defining command \numlist with sig. 'o>{\SplitList {;}}m' on line 7217.
.................................................
.................................................
. LaTeX info: "xparse/define-command"
. 
. Defining command \numrange with sig. 'omm' on line 7225.
.................................................
.................................................
. LaTeX info: "xparse/define-command"
. 
. Defining command \SIlist with sig. 'o>{\SplitList {;}}mm' on line 7236.
.................................................
.................................................
. LaTeX info: "xparse/define-command"
. 
. Defining command \SIrange with sig. 'ommm' on line 7247.
.................................................
.................................................
. LaTeX info: "xparse/define-command"
. 
. Defining command \SI with sig. 'omom' on line 7258.
.................................................
.................................................
. LaTeX info: "xparse/define-command"
. 
. Defining command \sisetup with sig. 'm' on line 7261.
.................................................
.................................................
. LaTeX info: "xparse/define-command"
. 
. Defining command \tablenum with sig. 'om' on line 7273.
.................................................
.................................................
. LaTeX info: "xparse/define-command"
. 
. Defining command \si with sig. 'om' on line 7284.
.................................................
.................................................
. LaTeX info: "xparse/define-command"
. 
. Defining command \__siunitx_bookmark_num:w with sig. 'om' on line 7331.
.................................................
.................................................
. LaTeX info: "xparse/define-command"
. 
. Defining command \__siunitx_bookmark_numrange:w with sig. 'omm' on line
. 7333.
.................................................
.................................................
. LaTeX info: "xparse/define-command"
. 
. Defining command \__siunitx_bookmark_SI:w with sig. 'omom' on line 7335.
.................................................
.................................................
. LaTeX info: "xparse/define-command"
. 
. Defining command \__siunitx_bookmark_SIlist:w with sig. 'omm' on line 7337.
.................................................
.................................................
. LaTeX info: "xparse/define-command"
. 
. Defining command \__siunitx_bookmark_SIrange:w with sig. 'ommm' on line
. 7339.
.................................................
.................................................
. LaTeX info: "xparse/define-command"
. 
. Defining command \__siunitx_bookmark_si:w with sig. 'om' on line 7340.
.................................................
\g__file_internal_ior=\read1

(/usr/share/texlive/texmf-dist/tex/latex/beamer/translator/translator.sty
Package: translator 2010/06/12 ver 1.10

(/usr/share/texlive/texmf-dist/tex/latex/beamer/translator/translator-language-
mappings.tex))) (/usr/share/texlive/texmf-dist/tex/latex/hyperref/hyperref.sty
Package: hyperref 2012/11/06 v6.83m Hypertext links for LaTeX

(/usr/share/texlive/texmf-dist/tex/generic/oberdiek/hobsub-hyperref.sty
Package: hobsub-hyperref 2012/05/28 v1.13 Bundle oberdiek, subset hyperref (HO)


(/usr/share/texlive/texmf-dist/tex/generic/oberdiek/hobsub-generic.sty
Package: hobsub-generic 2012/05/28 v1.13 Bundle oberdiek, subset generic (HO)
Package: hobsub 2012/05/28 v1.13 Construct package bundles (HO)
Package hobsub Info: Skipping package `infwarerr' (already loaded).
Package hobsub Info: Skipping package `ltxcmds' (already loaded).
Package: ifluatex 2010/03/01 v1.3 Provides the ifluatex switch (HO)
Package ifluatex Info: LuaTeX not detected.
Package: ifvtex 2010/03/01 v1.5 Detect VTeX and its facilities (HO)
Package ifvtex Info: VTeX not detected.
Package: intcalc 2007/09/27 v1.1 Expandable calculations with integers (HO)
Package hobsub Info: Skipping package `ifpdf' (already loaded).
Package: etexcmds 2011/02/16 v1.5 Avoid name clashes with e-TeX commands (HO)
Package etexcmds Info: Could not find \expanded.
(etexcmds)             That can mean that you are not using pdfTeX 1.50 or
(etexcmds)             that some package has redefined \expanded.
(etexcmds)             In the latter case, load this package earlier.
Package: kvsetkeys 2012/04/25 v1.16 Key value parser (HO)
Package: kvdefinekeys 2011/04/07 v1.3 Define keys (HO)
Package: pdftexcmds 2011/11/29 v0.20 Utility functions of pdfTeX for LuaTeX (HO
)
Package pdftexcmds Info: LuaTeX not detected.
Package pdftexcmds Info: \pdf@primitive is available.
Package pdftexcmds Info: \pdf@ifprimitive is available.
Package pdftexcmds Info: \pdfdraftmode found.
Package: pdfescape 2011/11/25 v1.13 Implements pdfTeX's escape features (HO)
Package: bigintcalc 2012/04/08 v1.3 Expandable calculations on big integers (HO
)
Package: bitset 2011/01/30 v1.1 Handle bit-vector datatype (HO)
Package: uniquecounter 2011/01/30 v1.2 Provide unlimited unique counter (HO)
)
Package hobsub Info: Skipping package `hobsub' (already loaded).
Package: letltxmacro 2010/09/02 v1.4 Let assignment for LaTeX macros (HO)
Package: hopatch 2012/05/28 v1.2 Wrapper for package hooks (HO)
Package: xcolor-patch 2011/01/30 xcolor patch
Package: atveryend 2011/06/30 v1.8 Hooks at the very end of document (HO)
Package atveryend Info: \enddocument detected (standard20110627).
Package hobsub Info: Skipping package `atbegshi' (already loaded).
Package: refcount 2011/10/16 v3.4 Data extraction from label references (HO)
Package: hycolor 2011/01/30 v1.7 Color options for hyperref/bookmark (HO)
)
(/usr/share/texlive/texmf-dist/tex/generic/ifxetex/ifxetex.sty
Package: ifxetex 2010/09/12 v0.6 Provides ifxetex conditional
)
(/usr/share/texlive/texmf-dist/tex/latex/oberdiek/auxhook.sty
Package: auxhook 2011/03/04 v1.3 Hooks for auxiliary files (HO)
)
(/usr/share/texlive/texmf-dist/tex/latex/oberdiek/kvoptions.sty
Package: kvoptions 2011/06/30 v3.11 Key value format for package options (HO)
)
\@linkdim=\dimen161
\Hy@linkcounter=\count150
\Hy@pagecounter=\count151

(/usr/share/texlive/texmf-dist/tex/latex/hyperref/pd1enc.def
File: pd1enc.def 2012/11/06 v6.83m Hyperref: PDFDocEncoding definition (HO)
)
\Hy@SavedSpaceFactor=\count152

(/usr/share/texlive/texmf-dist/tex/latex/latexconfig/hyperref.cfg
File: hyperref.cfg 2002/06/06 v1.2 hyperref configuration of TeXLive
)
Package hyperref Info: Option `colorlinks' set `true' on input line 4319.
Package hyperref Info: Hyper figures OFF on input line 4443.
Package hyperref Info: Link nesting OFF on input line 4448.
Package hyperref Info: Hyper index ON on input line 4451.
Package hyperref Info: Plain pages OFF on input line 4458.
Package hyperref Info: Backreferencing OFF on input line 4463.
Package hyperref Info: Implicit mode ON; LaTeX internals redefined.
Package hyperref Info: Bookmarks ON on input line 4688.
\c@Hy@tempcnt=\count153

(/usr/share/texlive/texmf-dist/tex/latex/url/url.sty
\Urlmuskip=\muskip17
Package: url 2013/09/16  ver 3.4  Verb mode for urls, etc.
)
LaTeX Info: Redefining \url on input line 5041.
\XeTeXLinkMargin=\dimen162
\Fld@menulength=\count154
\Field@Width=\dimen163
\Fld@charsize=\dimen164
Package hyperref Info: Hyper figures OFF on input line 6295.
Package hyperref Info: Link nesting OFF on input line 6300.
Package hyperref Info: Hyper index ON on input line 6303.
Package hyperref Info: backreferencing OFF on input line 6310.
Package hyperref Info: Link coloring ON on input line 6313.
Package hyperref Info: Link coloring with OCG OFF on input line 6320.
Package hyperref Info: PDF/A mode OFF on input line 6325.
LaTeX Info: Redefining \ref on input line 6365.
LaTeX Info: Redefining \pageref on input line 6369.
\Hy@abspage=\count155
\c@Item=\count156
\c@Hfootnote=\count157
)

Package hyperref Message: Driver (autodetected): hpdftex.

(/usr/share/texlive/texmf-dist/tex/latex/hyperref/hpdftex.def
File: hpdftex.def 2012/11/06 v6.83m Hyperref driver for pdfTeX
\Fld@listcount=\count158
\c@bookmark@seq@number=\count159

(/usr/share/texlive/texmf-dist/tex/latex/oberdiek/rerunfilecheck.sty
Package: rerunfilecheck 2011/04/15 v1.7 Rerun checks for auxiliary files (HO)
Package uniquecounter Info: New unique counter `rerunfilecheck' on input line 2
82.
)
\Hy@SectionHShift=\skip61
)
(/usr/share/texlive/texmf-dist/tex/latex/float/float.sty
Package: float 2001/11/08 v1.3d Float enhancements (AL)
\c@float@type=\count160
\float@exts=\toks22
\float@box=\box52
\@float@everytoks=\toks23
\@floatcapt=\box53
)
(/usr/share/texlive/texmf-dist/tex/latex/natbib/natbib.sty
Package: natbib 2010/09/13 8.31b (PWD, AO)
\bibhang=\skip62
\bibsep=\skip63
LaTeX Info: Redefining \cite on input line 694.
\c@NAT@ctr=\count161
)
(/usr/share/texlive/texmf-dist/tex/latex/tools/indentfirst.sty
Package: indentfirst 1995/11/23 v1.03 Indent first paragraph (DPC)
) (./outline.aux)
\openout1 = `outline.aux'.

LaTeX Font Info:    Checking defaults for OML/cmm/m/it on input line 73.
LaTeX Font Info:    ... okay on input line 73.
LaTeX Font Info:    Checking defaults for T1/cmr/m/n on input line 73.
LaTeX Font Info:    ... okay on input line 73.
LaTeX Font Info:    Checking defaults for OT1/cmr/m/n on input line 73.
LaTeX Font Info:    ... okay on input line 73.
LaTeX Font Info:    Checking defaults for OMS/cmsy/m/n on input line 73.
LaTeX Font Info:    ... okay on input line 73.
LaTeX Font Info:    Checking defaults for OMX/cmex/m/n on input line 73.
LaTeX Font Info:    ... okay on input line 73.
LaTeX Font Info:    Checking defaults for U/cmr/m/n on input line 73.
LaTeX Font Info:    ... okay on input line 73.
LaTeX Font Info:    Checking defaults for PD1/pdf/m/n on input line 73.
LaTeX Font Info:    ... okay on input line 73.
\AtBeginShipoutBox=\box54
(/usr/share/texlive/texmf-dist/tex/context/base/supp-pdf.mkii
[Loading MPS to PDF converter (version 2006.09.02).]
\scratchcounter=\count162
\scratchdimen=\dimen165
\scratchbox=\box55
\nofMPsegments=\count163
\nofMParguments=\count164
\everyMPshowfont=\toks24
\MPscratchCnt=\count165
\MPscratchDim=\dimen166
\MPnumerator=\count166
\makeMPintoPDFobject=\count167
\everyMPtoPDFconversion=\toks25
) (/usr/share/texlive/texmf-dist/tex/latex/oberdiek/epstopdf-base.sty
Package: epstopdf-base 2010/02/09 v2.5 Base part for package epstopdf

(/usr/share/texlive/texmf-dist/tex/latex/oberdiek/grfext.sty
Package: grfext 2010/08/19 v1.1 Manage graphics extensions (HO)
)
Package grfext Info: Graphics extension search list:
(grfext)             [.png,.pdf,.jpg,.mps,.jpeg,.jbig2,.jb2,.PNG,.PDF,.JPG,.JPE
G,.JBIG2,.JB2,.eps]
(grfext)             \AppendGraphicsExtensions on input line 452.

(/usr/share/texlive/texmf-dist/tex/latex/latexconfig/epstopdf-sys.cfg
File: epstopdf-sys.cfg 2010/07/13 v1.3 Configuration of (r)epstopdf for TeX Liv
e
))
(/usr/share/texlive/texmf-dist/tex/latex/beamer/translator/dicts/translator-bas
ic-dictionary/translator-basic-dictionary-English.dict
Dictionary: translator-basic-dictionary, Language: English 
)
(/usr/share/texlive/texmf-dist/tex/latex/siunitx/siunitx-abbreviations.cfg
File: siunitx-abbreviations.cfg 2014/10/01 v2.6c siunitx: Abbreviated units
)
Package hyperref Info: Link coloring ON on input line 73.

(/usr/share/texlive/texmf-dist/tex/latex/hyperref/nameref.sty
Package: nameref 2012/10/27 v2.43 Cross-referencing by name of section

(/usr/share/texlive/texmf-dist/tex/generic/oberdiek/gettitlestring.sty
Package: gettitlestring 2010/12/03 v1.4 Cleanup title references (HO)
)
\c@section@level=\count168
)
LaTeX Info: Redefining \ref on input line 73.
LaTeX Info: Redefining \pageref on input line 73.
LaTeX Info: Redefining \nameref on input line 73.

(./outline.out) (./outline.out)
\@outlinefile=\write3
\openout3 = `outline.out'.

\c__siunitx_mathsf_int=\count169
\c__siunitx_mathtt_int=\count170
 (./outline.toc)
\tf@toc=\write4
\openout4 = `outline.toc'.

 [1

{/var/lib/texmf/fonts/map/pdftex/updmap/pdftex.map}]

Package natbib Warning: Citation `Kessler2016' on page 2 undefined on input lin
e 92.


</home/mpim/m300524/MSc_Thesis/gfx/SO_schematics.pdf, id=104, page=1, 845.1575p
t x 597.23125pt>
File: /home/mpim/m300524/MSc_Thesis/gfx/SO_schematics.pdf Graphic file (type pd
f)

<use /home/mpim/m300524/MSc_Thesis/gfx/SO_schematics.pdf, page 1>
Package pdftex.def Info: /home/mpim/m300524/MSc_Thesis/gfx/SO_schematics.pdf, p
age1 used on input line 103.
(pdftex.def)             Requested size: 365.67236pt x 223.21524pt.
 [2pdfTeX warning (ext4): destination with the same identifier (name{figure.1})
 has been already used, duplicate ignored

\AtBegShi@Output ...ipout \box \AtBeginShipoutBox 
                                                  \fi \fi 
l.110 
       </home/mpim/m300524/MSc_Thesis/gfx/SO_schematics.pdf>]
</home/mpim/m300524/MSc_Thesis/gfx/MPIESM.pdf, id=152, 796.9775pt x 597.23125pt
>
File: /home/mpim/m300524/MSc_Thesis/gfx/MPIESM.pdf Graphic file (type pdf)
 <use /home/mpim/m300524/MSc_Thesis/gfx/MPIESM.pdf>
Package pdftex.def Info: /home/mpim/m300524/MSc_Thesis/gfx/MPIESM.pdf used on i
nput line 126.
(pdftex.def)             Requested size: 398.48776pt x 213.25684pt.


LaTeX Warning: `!h' float specifier changed to `!ht'.

[3]
</home/mpim/m300524/MSc_Thesis/gfx/hamocc.png, id=190, 642.90187pt x 596.78629p
t>
File: /home/mpim/m300524/MSc_Thesis/gfx/hamocc.png Graphic file (type png)
 <use /home/mpim/m300524/MSc_Thesis/gfx/hamocc.png>
Package pdftex.def Info: /home/mpim/m300524/MSc_Thesis/gfx/hamocc.png used on i
nput line 146.
(pdftex.def)             Requested size: 289.30316pt x 268.55135pt.


LaTeX Warning: `!h' float specifier changed to `!ht'.

[4pdfTeX warning (ext4): destination with the same identifier (name{figure.2}) 
has been already used, duplicate ignored

\AtBegShi@Output ...ipout \box \AtBeginShipoutBox 
                                                  \fi \fi 
l.156 
       </home/mpim/m300524/MSc_Thesis/gfx/MPIESM.pdf>] [5pdfTeX warning (ext4):
 destination with the same identifier (name{figure.3}) has been already used, d
uplicate ignored

\AtBegShi@Output ...ipout \box \AtBeginShipoutBox 
                                                  \fi \fi 
l.166 P
       revious studies assume gaussian statistics, but lack an adequate ense...
 </home/mpim/m300524/MSc_Thesis/gfx/hamocc.png>]
Missing character: There is no Ã in font cmr12!
Missing character: There is no ¼ in font cmr12!
Missing character: There is no Ã in font cmr12!
Missing character: There is no ¼ in font cmr12!
 [6]
Overfull \hbox (12.16971pt too wide) in paragraph at lines 178--178
[]\OT1/cmr/bx/n/17.28 Results I: His-tor-i-cal evo-lu-tion of the South-ern Oce
an
 []


</home/mpim/m300524/MSc_Thesis/gfx/co2flux_SO_timeseries_ymjm_35S_1980_2015_tre
nd_8.pdf, id=256, 614.295pt x 794.97pt>
File: /home/mpim/m300524/MSc_Thesis/gfx/co2flux_SO_timeseries_ymjm_35S_1980_201
5_trend_8.pdf Graphic file (type pdf)

<use /home/mpim/m300524/MSc_Thesis/gfx/co2flux_SO_timeseries_ymjm_35S_1980_2015
_trend_8.pdf>
Package pdftex.def Info: /home/mpim/m300524/MSc_Thesis/gfx/co2flux_SO_timeserie
s_ymjm_35S_1980_2015_trend_8.pdf used on input line 190.
(pdftex.def)             Requested size: 212.67079pt x 437.23485pt.

</home/mpim/m300524/MSc_Thesis/gfx/co2flux_SO_timeseries_ymjm_35S_1980_2015_tre
nd_8.pdf, id=258, page=2, 614.295pt x 794.97pt>
File: /home/mpim/m300524/MSc_Thesis/gfx/co2flux_SO_timeseries_ymjm_35S_1980_201
5_trend_8.pdf Graphic file (type pdf)

<use /home/mpim/m300524/MSc_Thesis/gfx/co2flux_SO_timeseries_ymjm_35S_1980_2015
_trend_8.pdf, page 2>
Package pdftex.def Info: /home/mpim/m300524/MSc_Thesis/gfx/co2flux_SO_timeserie
s_ymjm_35S_1980_2015_trend_8.pdf, page2 used on input line 200.
(pdftex.def)             Requested size: 212.67079pt x 437.23485pt.


LaTeX Warning: `!h' float specifier changed to `!ht'.

[7

pdfTeX warning (ext4): destination with the same identifier (name{figure.4}) ha
s been already used, duplicate ignored

\AtBegShi@Output ...ipout \box \AtBeginShipoutBox 
                                                  \fi \fi 
l.207 
       </home/mpim/m300524/MSc_Thesis/gfx/co2flux_SO_timeseries_ymjm_35S_1980_2
015_trend_8.pdf>] [8pdfTeX warning (ext4): destination with the same identifier
 (name{figure.5}) has been already used, duplicate ignored

\AtBegShi@Output ...ipout \box \AtBeginShipoutBox 
                                                  \fi \fi 
l.209 \clearpage
                 </home/mpim/m300524/MSc_Thesis/gfx/co2flux_SO_timeseries_ymjm_
35S_1980_2015_trend_8.pdf>]
</home/mpim/m300524/MSc_Thesis/gfx/Overview_SO_co2flux_intpp_ens_t1990s.pdf, id
=288, 614.295pt x 794.97pt>
File: /home/mpim/m300524/MSc_Thesis/gfx/Overview_SO_co2flux_intpp_ens_t1990s.pd
f Graphic file (type pdf)

<use /home/mpim/m300524/MSc_Thesis/gfx/Overview_SO_co2flux_intpp_ens_t1990s.pdf
>
Package pdftex.def Info: /home/mpim/m300524/MSc_Thesis/gfx/Overview_SO_co2flux_
intpp_ens_t1990s.pdf used on input line 228.
(pdftex.def)             Requested size: 286.60272pt x 98.38896pt.
File: /home/mpim/m300524/MSc_Thesis/gfx/Overview_SO_co2flux_intpp_ens_t1990s.pd
f Graphic file (type pdf)

<use /home/mpim/m300524/MSc_Thesis/gfx/Overview_SO_co2flux_intpp_ens_t1990s.pdf
>
Package pdftex.def Info: /home/mpim/m300524/MSc_Thesis/gfx/Overview_SO_co2flux_
intpp_ens_t1990s.pdf used on input line 229.
(pdftex.def)             Requested size: 286.60272pt x 112.33066pt.

</home/mpim/m300524/MSc_Thesis/gfx/UOOC.pdf, id=291, page=1, 845.1575pt x 597.2
3125pt>
File: /home/mpim/m300524/MSc_Thesis/gfx/UOOC.pdf Graphic file (type pdf)
 <use /home/mpim/m300524/MSc_Thesis/gfx/UOOC.pdf, page 1>
Package pdftex.def Info: /home/mpim/m300524/MSc_Thesis/gfx/UOOC.pdf, page1 used
 on input line 238.
(pdftex.def)             Requested size: 402.66093pt x 208.9889pt.


LaTeX Warning: `!h' float specifier changed to `!ht'.

[9

pdfTeX warning (ext4): destination with the same identifier (name{figure.6}) ha
s been already used, duplicate ignored

\AtBegShi@Output ...ipout \box \AtBeginShipoutBox 
                                                  \fi \fi 
l.253 \clearpage
                 </home/mpim/m300524/MSc_Thesis/gfx/Overview_SO_co2flux_intpp_e
ns_t1990s.pdf>] [10pdfTeX warning (ext4): destination with the same identifier 
(name{figure.7}) has been already used, duplicate ignored

\AtBegShi@Output ...ipout \box \AtBeginShipoutBox 
                                                  \fi \fi 
l.253 \clearpage
                 </home/mpim/m300524/MSc_Thesis/gfx/UOOC.pdf>]
</home/mpim/m300524/MSc_Thesis/gfx/m178_1985_1992_positive_trend_8_Landschuetze
r_overview.pdf, id=325, 614.295pt x 794.97pt>
File: /home/mpim/m300524/MSc_Thesis/gfx/m178_1985_1992_positive_trend_8_Landsch
uetzer_overview.pdf Graphic file (type pdf)

<use /home/mpim/m300524/MSc_Thesis/gfx/m178_1985_1992_positive_trend_8_Landschu
etzer_overview.pdf>
Package pdftex.def Info: /home/mpim/m300524/MSc_Thesis/gfx/m178_1985_1992_posit
ive_trend_8_Landschuetzer_overview.pdf used on input line 267.
(pdftex.def)             Requested size: 127.2409pt x 160.24629pt.
File: /home/mpim/m300524/MSc_Thesis/gfx/m178_1985_1992_positive_trend_8_Landsch
uetzer_overview.pdf Graphic file (type pdf)

<use /home/mpim/m300524/MSc_Thesis/gfx/m178_1985_1992_positive_trend_8_Landschu
etzer_overview.pdf>
Package pdftex.def Info: /home/mpim/m300524/MSc_Thesis/gfx/m178_1985_1992_posit
ive_trend_8_Landschuetzer_overview.pdf used on input line 268.
(pdftex.def)             Requested size: 159.05054pt x 157.62808pt.

</home/mpim/m300524/MSc_Thesis/gfx/SO_schematics.pdf, id=328, page=5, 845.1575p
t x 597.23125pt>
File: /home/mpim/m300524/MSc_Thesis/gfx/SO_schematics.pdf Graphic file (type pd
f)

<use /home/mpim/m300524/MSc_Thesis/gfx/SO_schematics.pdf, page 5>
Package pdftex.def Info: /home/mpim/m300524/MSc_Thesis/gfx/SO_schematics.pdf, p
age5 used on input line 278.
(pdftex.def)             Requested size: 292.53342pt x 176.29332pt.
 [11

pdfTeX warning (ext4): destination with the same identifier (name{figure.8}) ha
s been already used, duplicate ignored

\AtBegShi@Output ...ipout \box \AtBeginShipoutBox 
                                                  \fi \fi 
l.287 
      pdfTeX warning (ext4): destination with the same identifier (name{figure.
9}) has been already used, duplicate ignored

\AtBegShi@Output ...ipout \box \AtBeginShipoutBox 
                                                  \fi \fi 
l.287 
       </home/mpim/m300524/MSc_Thesis/gfx/m178_1985_1992_positive_trend_8_Lands
chuetzer_overview.pdf> </home/mpim/m300524/MSc_Thesis/gfx/SO_schematics.pdf>]
</home/mpim/m300524/MSc_Thesis/gfx/m178_1985_1992_positive_trend_8_obgc_overvie
w_summer.pdf, id=353, 614.295pt x 794.97pt>
File: /home/mpim/m300524/MSc_Thesis/gfx/m178_1985_1992_positive_trend_8_obgc_ov
erview_summer.pdf Graphic file (type pdf)

<use /home/mpim/m300524/MSc_Thesis/gfx/m178_1985_1992_positive_trend_8_obgc_ove
rview_summer.pdf>
Package pdftex.def Info: /home/mpim/m300524/MSc_Thesis/gfx/m178_1985_1992_posit
ive_trend_8_obgc_overview_summer.pdf used on input line 294.
(pdftex.def)             Requested size: 232.62817pt x 129.061pt.
File: /home/mpim/m300524/MSc_Thesis/gfx/m178_1985_1992_positive_trend_8_obgc_ov
erview_summer.pdf Graphic file (type pdf)

<use /home/mpim/m300524/MSc_Thesis/gfx/m178_1985_1992_positive_trend_8_obgc_ove
rview_summer.pdf>
Package pdftex.def Info: /home/mpim/m300524/MSc_Thesis/gfx/m178_1985_1992_posit
ive_trend_8_obgc_overview_summer.pdf used on input line 295.
(pdftex.def)             Requested size: 232.62817pt x 113.12779pt.
File: /home/mpim/m300524/MSc_Thesis/gfx/m178_1985_1992_positive_trend_8_obgc_ov
erview_summer.pdf Graphic file (type pdf)

<use /home/mpim/m300524/MSc_Thesis/gfx/m178_1985_1992_positive_trend_8_obgc_ove
rview_summer.pdf>
Package pdftex.def Info: /home/mpim/m300524/MSc_Thesis/gfx/m178_1985_1992_posit
ive_trend_8_obgc_overview_summer.pdf used on input line 296.
(pdftex.def)             Requested size: 232.62817pt x 109.14359pt.
File: /home/mpim/m300524/MSc_Thesis/gfx/m178_1985_1992_positive_trend_8_obgc_ov
erview_summer.pdf Graphic file (type pdf)

<use /home/mpim/m300524/MSc_Thesis/gfx/m178_1985_1992_positive_trend_8_obgc_ove
rview_summer.pdf>
Package pdftex.def Info: /home/mpim/m300524/MSc_Thesis/gfx/m178_1985_1992_posit
ive_trend_8_obgc_overview_summer.pdf used on input line 297.
(pdftex.def)             Requested size: 232.62817pt x 113.12717pt.

Overfull \hbox (12.62335pt too wide) in paragraph at lines 294--298
[][] []
 []


Overfull \hbox (12.62335pt too wide) in paragraph at lines 294--298
[] []
 []


</home/mpim/m300524/MSc_Thesis/gfx/m178_1985_1992_positive_trend_8_schwerpunkt_
mixing_overview.pdf, id=363, 614.295pt x 794.97pt>
File: /home/mpim/m300524/MSc_Thesis/gfx/m178_1985_1992_positive_trend_8_schwerp
unkt_mixing_overview.pdf Graphic file (type pdf)

<use /home/mpim/m300524/MSc_Thesis/gfx/m178_1985_1992_positive_trend_8_schwerpu
nkt_mixing_overview.pdf>
Package pdftex.def Info: /home/mpim/m300524/MSc_Thesis/gfx/m178_1985_1992_posit
ive_trend_8_schwerpunkt_mixing_overview.pdf used on input line 310.
(pdftex.def)             Requested size: 290.07518pt x 110.11195pt.


LaTeX Warning: `!h' float specifier changed to `!ht'.

[12pdfTeX warning (ext4): destination with the same identifier (name{figure.10}
) has been already used, duplicate ignored

\AtBegShi@Output ...ipout \box \AtBeginShipoutBox 
                                                  \fi \fi 
l.320 \clearpage
                 </home/mpim/m300524/MSc_Thesis/gfx/m178_1985_1992_positive_tre
nd_8_obgc_overview_summer.pdf>] [13pdfTeX warning (ext4): destination with the 
same identifier (name{figure.11}) has been already used, duplicate ignored

\AtBegShi@Output ...ipout \box \AtBeginShipoutBox 
                                                  \fi \fi 
l.320 \clearpage
                 </home/mpim/m300524/MSc_Thesis/gfx/m178_1985_1992_positive_tre
nd_8_schwerpunkt_mixing_overview.pdf>]
</home/mpim/m300524/MSc_Thesis/gfx/m178_1985_1992_positive_trend_8_ekman_overvi
ew.pdf, id=397, 614.295pt x 794.97pt>
File: /home/mpim/m300524/MSc_Thesis/gfx/m178_1985_1992_positive_trend_8_ekman_o
verview.pdf Graphic file (type pdf)

<use /home/mpim/m300524/MSc_Thesis/gfx/m178_1985_1992_positive_trend_8_ekman_ov
erview.pdf>
Package pdftex.def Info: /home/mpim/m300524/MSc_Thesis/gfx/m178_1985_1992_posit
ive_trend_8_ekman_overview.pdf used on input line 330.
(pdftex.def)             Requested size: 220.33849pt x 147.49951pt.
File: /home/mpim/m300524/MSc_Thesis/gfx/m178_1985_1992_positive_trend_8_ekman_o
verview.pdf Graphic file (type pdf)

<use /home/mpim/m300524/MSc_Thesis/gfx/m178_1985_1992_positive_trend_8_ekman_ov
erview.pdf>
Package pdftex.def Info: /home/mpim/m300524/MSc_Thesis/gfx/m178_1985_1992_posit
ive_trend_8_ekman_overview.pdf used on input line 331.
(pdftex.def)             Requested size: 220.33849pt x 129.28996pt.

</home/mpim/m300524/MSc_Thesis/gfx/UOOC.pdf, id=401, page=2, 845.1575pt x 597.2
3125pt>
File: /home/mpim/m300524/MSc_Thesis/gfx/UOOC.pdf Graphic file (type pdf)
 <use /home/mpim/m300524/MSc_Thesis/gfx/UOOC.pdf, page 2>
Package pdftex.def Info: /home/mpim/m300524/MSc_Thesis/gfx/UOOC.pdf, page2 used
 on input line 342.
(pdftex.def)             Requested size: 402.66093pt x 208.9889pt.
 [14

pdfTeX warning (ext4): destination with the same identifier (name{figure.12}) h
as been already used, duplicate ignored

\AtBegShi@Output ...ipout \box \AtBeginShipoutBox 
                                                  \fi \fi 
l.360 \clearpage
                pdfTeX warning (ext4): destination with the same identifier (na
me{figure.13}) has been already used, duplicate ignored

\AtBegShi@Output ...ipout \box \AtBeginShipoutBox 
                                                  \fi \fi 
l.360 \clearpage
                 </home/mpim/m300524/MSc_Thesis/gfx/m178_1985_1992_positive_tre
nd_8_ekman_overview.pdf> </home/mpim/m300524/MSc_Thesis/gfx/UOOC.pdf>]
</home/mpim/m300524/MSc_Thesis/gfx/m143_1995_2002_positive_trend_8_Landschuetze
r_overview.pdf, id=425, 614.295pt x 794.97pt>
File: /home/mpim/m300524/MSc_Thesis/gfx/m143_1995_2002_positive_trend_8_Landsch
uetzer_overview.pdf Graphic file (type pdf)

<use /home/mpim/m300524/MSc_Thesis/gfx/m143_1995_2002_positive_trend_8_Landschu
etzer_overview.pdf>
Package pdftex.def Info: /home/mpim/m300524/MSc_Thesis/gfx/m143_1995_2002_posit
ive_trend_8_Landschuetzer_overview.pdf used on input line 374.
(pdftex.def)             Requested size: 159.05054pt x 200.30711pt.
File: /home/mpim/m300524/MSc_Thesis/gfx/m143_1995_2002_positive_trend_8_Landsch
uetzer_overview.pdf Graphic file (type pdf)

<use /home/mpim/m300524/MSc_Thesis/gfx/m143_1995_2002_positive_trend_8_Landschu
etzer_overview.pdf>
Package pdftex.def Info: /home/mpim/m300524/MSc_Thesis/gfx/m143_1995_2002_posit
ive_trend_8_Landschuetzer_overview.pdf used on input line 375.
(pdftex.def)             Requested size: 206.76617pt x 204.91698pt.

</home/mpim/m300524/MSc_Thesis/gfx/SO_schematics.pdf, id=428, page=9, 845.1575p
t x 597.23125pt>
File: /home/mpim/m300524/MSc_Thesis/gfx/SO_schematics.pdf Graphic file (type pd
f)

<use /home/mpim/m300524/MSc_Thesis/gfx/SO_schematics.pdf, page 9>
Package pdftex.def Info: /home/mpim/m300524/MSc_Thesis/gfx/SO_schematics.pdf, p
age9 used on input line 383.
(pdftex.def)             Requested size: 402.24182pt x 242.40837pt.


LaTeX Warning: `!h' float specifier changed to `!ht'.

[15

pdfTeX warning (ext4): destination with the same identifier (name{figure.14}) h
as been already used, duplicate ignored

\AtBegShi@Output ...ipout \box \AtBeginShipoutBox 
                                                  \fi \fi 
l.390 \clearpage
                 </home/mpim/m300524/MSc_Thesis/gfx/m143_1995_2002_positive_tre
nd_8_Landschuetzer_overview.pdf>] [16pdfTeX warning (ext4): destination with th
e same identifier (name{figure.15}) has been already used, duplicate ignored

\AtBegShi@Output ...ipout \box \AtBeginShipoutBox 
                                                  \fi \fi 
l.390 \clearpage
                 </home/mpim/m300524/MSc_Thesis/gfx/SO_schematics.pdf>]
</home/mpim/m300524/MSc_Thesis/gfx/m143_1995_2002_positive_trend_8_obgc_overvie
w_summer.pdf, id=461, 614.295pt x 794.97pt>
File: /home/mpim/m300524/MSc_Thesis/gfx/m143_1995_2002_positive_trend_8_obgc_ov
erview_summer.pdf Graphic file (type pdf)

<use /home/mpim/m300524/MSc_Thesis/gfx/m143_1995_2002_positive_trend_8_obgc_ove
rview_summer.pdf>
Package pdftex.def Info: /home/mpim/m300524/MSc_Thesis/gfx/m143_1995_2002_posit
ive_trend_8_obgc_overview_summer.pdf used on input line 401.
(pdftex.def)             Requested size: 232.62817pt x 129.061pt.
File: /home/mpim/m300524/MSc_Thesis/gfx/m143_1995_2002_positive_trend_8_obgc_ov
erview_summer.pdf Graphic file (type pdf)

<use /home/mpim/m300524/MSc_Thesis/gfx/m143_1995_2002_positive_trend_8_obgc_ove
rview_summer.pdf>
Package pdftex.def Info: /home/mpim/m300524/MSc_Thesis/gfx/m143_1995_2002_posit
ive_trend_8_obgc_overview_summer.pdf used on input line 402.
(pdftex.def)             Requested size: 232.62817pt x 113.12779pt.
File: /home/mpim/m300524/MSc_Thesis/gfx/m143_1995_2002_positive_trend_8_obgc_ov
erview_summer.pdf Graphic file (type pdf)

<use /home/mpim/m300524/MSc_Thesis/gfx/m143_1995_2002_positive_trend_8_obgc_ove
rview_summer.pdf>
Package pdftex.def Info: /home/mpim/m300524/MSc_Thesis/gfx/m143_1995_2002_posit
ive_trend_8_obgc_overview_summer.pdf used on input line 403.
(pdftex.def)             Requested size: 232.62817pt x 109.14359pt.
File: /home/mpim/m300524/MSc_Thesis/gfx/m143_1995_2002_positive_trend_8_obgc_ov
erview_summer.pdf Graphic file (type pdf)

<use /home/mpim/m300524/MSc_Thesis/gfx/m143_1995_2002_positive_trend_8_obgc_ove
rview_summer.pdf>
Package pdftex.def Info: /home/mpim/m300524/MSc_Thesis/gfx/m143_1995_2002_posit
ive_trend_8_obgc_overview_summer.pdf used on input line 404.
(pdftex.def)             Requested size: 232.62817pt x 113.12717pt.

Overfull \hbox (12.62335pt too wide) in paragraph at lines 401--405
[][] []
 []


Overfull \hbox (12.62335pt too wide) in paragraph at lines 401--405
[] []
 []


</home/mpim/m300524/MSc_Thesis/gfx/m143_1995_2002_positive_trend_8_schwerpunkt_
mixing_overview.pdf, id=466, 614.295pt x 794.97pt>
File: /home/mpim/m300524/MSc_Thesis/gfx/m143_1995_2002_positive_trend_8_schwerp
unkt_mixing_overview.pdf Graphic file (type pdf)

<use /home/mpim/m300524/MSc_Thesis/gfx/m143_1995_2002_positive_trend_8_schwerpu
nkt_mixing_overview.pdf>
Package pdftex.def Info: /home/mpim/m300524/MSc_Thesis/gfx/m143_1995_2002_posit
ive_trend_8_schwerpunkt_mixing_overview.pdf used on input line 411.
(pdftex.def)             Requested size: 290.07518pt x 110.11195pt.


LaTeX Warning: `!h' float specifier changed to `!ht'.

[17

pdfTeX warning (ext4): destination with the same identifier (name{figure.16}) h
as been already used, duplicate ignored

\AtBegShi@Output ...ipout \box \AtBeginShipoutBox 
                                                  \fi \fi 
l.420 \clearpage
                 </home/mpim/m300524/MSc_Thesis/gfx/m143_1995_2002_positive_tre
nd_8_obgc_overview_summer.pdf>] [18pdfTeX warning (ext4): destination with the 
same identifier (name{figure.17}) has been already used, duplicate ignored

\AtBegShi@Output ...ipout \box \AtBeginShipoutBox 
                                                  \fi \fi 
l.420 \clearpage
                 </home/mpim/m300524/MSc_Thesis/gfx/m143_1995_2002_positive_tre
nd_8_schwerpunkt_mixing_overview.pdf>]
</home/mpim/m300524/MSc_Thesis/gfx/m143_1995_2002_positive_trend_8_ekman_overvi
ew.pdf, id=493, 614.295pt x 794.97pt>
File: /home/mpim/m300524/MSc_Thesis/gfx/m143_1995_2002_positive_trend_8_ekman_o
verview.pdf Graphic file (type pdf)

<use /home/mpim/m300524/MSc_Thesis/gfx/m143_1995_2002_positive_trend_8_ekman_ov
erview.pdf>
Package pdftex.def Info: /home/mpim/m300524/MSc_Thesis/gfx/m143_1995_2002_posit
ive_trend_8_ekman_overview.pdf used on input line 429.
(pdftex.def)             Requested size: 220.33849pt x 147.49951pt.
File: /home/mpim/m300524/MSc_Thesis/gfx/m143_1995_2002_positive_trend_8_ekman_o
verview.pdf Graphic file (type pdf)

<use /home/mpim/m300524/MSc_Thesis/gfx/m143_1995_2002_positive_trend_8_ekman_ov
erview.pdf>
Package pdftex.def Info: /home/mpim/m300524/MSc_Thesis/gfx/m143_1995_2002_posit
ive_trend_8_ekman_overview.pdf used on input line 430.
(pdftex.def)             Requested size: 220.33849pt x 129.28996pt.

</home/mpim/m300524/MSc_Thesis/gfx/UOOC.pdf, id=497, page=3, 845.1575pt x 597.2
3125pt>
File: /home/mpim/m300524/MSc_Thesis/gfx/UOOC.pdf Graphic file (type pdf)
 <use /home/mpim/m300524/MSc_Thesis/gfx/UOOC.pdf, page 3>
Package pdftex.def Info: /home/mpim/m300524/MSc_Thesis/gfx/UOOC.pdf, page3 used
 on input line 442.
(pdftex.def)             Requested size: 402.66093pt x 208.9889pt.
 [19

pdfTeX warning (ext4): destination with the same identifier (name{figure.18}) h
as been already used, duplicate ignored

\AtBegShi@Output ...ipout \box \AtBeginShipoutBox 
                                                  \fi \fi 
l.451 \clearpage
                pdfTeX warning (ext4): destination with the same identifier (na
me{figure.19}) has been already used, duplicate ignored

\AtBegShi@Output ...ipout \box \AtBeginShipoutBox 
                                                  \fi \fi 
l.451 \clearpage
                 </home/mpim/m300524/MSc_Thesis/gfx/m143_1995_2002_positive_tre
nd_8_ekman_overview.pdf> </home/mpim/m300524/MSc_Thesis/gfx/UOOC.pdf>]
</home/mpim/m300524/MSc_Thesis/gfx/Scatter_trends_bands_ensanom_co2flux_vs_SAM_
n1800_1980_1997_trend8_50-59S.pdf, id=524, page=2, 614.295pt x 794.97pt>
File: /home/mpim/m300524/MSc_Thesis/gfx/Scatter_trends_bands_ensanom_co2flux_vs
_SAM_n1800_1980_1997_trend8_50-59S.pdf Graphic file (type pdf)

<use /home/mpim/m300524/MSc_Thesis/gfx/Scatter_trends_bands_ensanom_co2flux_vs_
SAM_n1800_1980_1997_trend8_50-59S.pdf, page 2>
Package pdftex.def Info: /home/mpim/m300524/MSc_Thesis/gfx/Scatter_trends_bands
_ensanom_co2flux_vs_SAM_n1800_1980_1997_trend8_50-59S.pdf, page2 used on input 
line 458.
(pdftex.def)             Requested size: 194.5107pt x 244.78728pt.

</home/mpim/m300524/MSc_Thesis/gfx/Scatter_trends_bands_ensanom_co2flux_vs_SAM_
n1800_1980_1997_trend8_40-49S.pdf, id=526, page=2, 614.295pt x 794.97pt>
File: /home/mpim/m300524/MSc_Thesis/gfx/Scatter_trends_bands_ensanom_co2flux_vs
_SAM_n1800_1980_1997_trend8_40-49S.pdf Graphic file (type pdf)

<use /home/mpim/m300524/MSc_Thesis/gfx/Scatter_trends_bands_ensanom_co2flux_vs_
SAM_n1800_1980_1997_trend8_40-49S.pdf, page 2>
Package pdftex.def Info: /home/mpim/m300524/MSc_Thesis/gfx/Scatter_trends_bands
_ensanom_co2flux_vs_SAM_n1800_1980_1997_trend8_40-49S.pdf, page2 used on input 
line 459.
(pdftex.def)             Requested size: 194.5107pt x 244.78728pt.

Overfull \hbox (36.94156pt too wide) in paragraph at lines 458--461
[][] []
 []

[20

pdfTeX warning (ext4): destination with the same identifier (name{figure.20}) h
as been already used, duplicate ignored

\AtBegShi@Output ...ipout \box \AtBeginShipoutBox 
                                                  \fi \fi 
l.467 \clearpage
                 </home/mpim/m300524/MSc_Thesis/gfx/Scatter_trends_bands_ensano
m_co2flux_vs_SAM_n1800_1980_1997_trend8_50-59S.pdf> </home/mpim/m300524/MSc_The
sis/gfx/Scatter_trends_bands_ensanom_co2flux_vs_SAM_n1800_1980_1997_trend8_40-4
9S.pdf>]

Package natbib Warning: Citation `Resplandy2015' on page 21 undefined on input 
line 479.

Missing character: There is no Ã in font cmr12!
Missing character: There is no © in font cmr12!
[21

] [22

] (./outline.bbl [23

] [24]
Missing character: There is no Ã in font cmr12!
Missing character: There is no ¼ in font cmr12!
Missing character: There is no Ã in font cmr12!
Missing character: There is no ¼ in font cmr12!

Underfull \hbox (badness 1721) in paragraph at lines 212--219
[]\OT1/cmr/m/n/12 N. S. Loven-duski and N. Gru-ber.  Im-pact of the south-ern a
n-nu-lar mode on
 []

[25] [26]
Missing character: There is no Ã in font cmr12!
Missing character: There is no ¶ in font cmr12!
Missing character: There is no Ã in font cmr12!
Missing character: There is no © in font cmr12!
 [27]
Missing character: There is no â in font cmr12!
Missing character: There is no  in font cmr12!
Missing character: There is no  in font cmr12!
) [28] (./outline.lof [29

]
Overfull \hbox (1.04161pt too wide) in paragraph at lines 21--21
 [][] [][][]\OT1/cmr/m/n/12 Southern Ocean car-bon sink: yearmean field-sum 35-
90S (left) and yearmean 
 []

)
\tf@lof=\write5
\openout5 = `outline.lof'.

 [30]
</home/mpim/m300524/MSc_Thesis/gfx/SOCS_temporal_gaussian.png, id=769, 532.9912
6pt x 437.34526pt>
File: /home/mpim/m300524/MSc_Thesis/gfx/SOCS_temporal_gaussian.png Graphic file
 (type png)

<use /home/mpim/m300524/MSc_Thesis/gfx/SOCS_temporal_gaussian.png>
Package pdftex.def Info: /home/mpim/m300524/MSc_Thesis/gfx/SOCS_temporal_gaussi
an.png used on input line 526.
(pdftex.def)             Requested size: 213.19272pt x 174.935pt.

</home/mpim/m300524/MSc_Thesis/gfx/SOCS_spatial_gaussian.png, id=770, 533.74406
pt x 433.62pt>
File: /home/mpim/m300524/MSc_Thesis/gfx/SOCS_spatial_gaussian.png Graphic file 
(type png)

<use /home/mpim/m300524/MSc_Thesis/gfx/SOCS_spatial_gaussian.png>
Package pdftex.def Info: /home/mpim/m300524/MSc_Thesis/gfx/SOCS_spatial_gaussia
n.png used on input line 527.
(pdftex.def)             Requested size: 213.49384pt x 173.44492pt.

</home/mpim/m300524/MSc_Thesis/gfx/heatmap_not_de-ens-trended.pdf, id=771, 614.
295pt x 794.97pt>
File: /home/mpim/m300524/MSc_Thesis/gfx/heatmap_not_de-ens-trended.pdf Graphic 
file (type pdf)

<use /home/mpim/m300524/MSc_Thesis/gfx/heatmap_not_de-ens-trended.pdf>
Package pdftex.def Info: /home/mpim/m300524/MSc_Thesis/gfx/heatmap_not_de-ens-t
rended.pdf used on input line 533.
(pdftex.def)             Requested size: 278.4263pt x 466.89673pt.

</home/mpim/m300524/MSc_Thesis/gfx/heatmap_de-ens-trended.pdf, id=773, 614.295p
t x 794.97pt>
File: /home/mpim/m300524/MSc_Thesis/gfx/heatmap_de-ens-trended.pdf Graphic file
 (type pdf)

<use /home/mpim/m300524/MSc_Thesis/gfx/heatmap_de-ens-trended.pdf>
Package pdftex.def Info: /home/mpim/m300524/MSc_Thesis/gfx/heatmap_de-ens-trend
ed.pdf used on input line 534.
(pdftex.def)             Requested size: 278.42628pt x 466.89673pt.

Overfull \hbox (11.65265pt too wide) in paragraph at lines 533--535
[][]
 []


Overfull \hbox (11.65265pt too wide) in paragraph at lines 533--535
[]
 []


LaTeX Warning: Float too large for page by 13.84471pt on input line 537.


LaTeX Warning: `h' float specifier changed to `ht'.


Package natbib Warning: There were undefined citations.

Package atveryend Info: Empty hook `BeforeClearDocument' on input line 540.
[31

pdfTeX warning (ext4): destination with the same identifier (name{figure.21}) h
as been already used, duplicate ignored

\AtBegShi@Output ...ipout \box \AtBeginShipoutBox 
                                                  \fi \fi 
l.540 \end{document}
                     </home/mpim/m300524/MSc_Thesis/gfx/SOCS_temporal_gaussian.
png (PNG copy)> </home/mpim/m300524/MSc_Thesis/gfx/SOCS_spatial_gaussian.png (P
NG copy)>] [32pdfTeX warning (ext4): destination with the same identifier (name
{figure.22}) has been already used, duplicate ignored

\AtBegShi@Output ...ipout \box \AtBeginShipoutBox 
                                                  \fi \fi 
l.540 \end{document}
                     </home/mpim/m300524/MSc_Thesis/gfx/heatmap_not_de-ens-tren
ded.pdf> </home/mpim/m300524/MSc_Thesis/gfx/heatmap_de-ens-trended.pdf>]
Package atveryend Info: Empty hook `AfterLastShipout' on input line 540.

(./outline.aux)
Package atveryend Info: Executing hook `AtVeryEndDocument' on input line 540.
Package atveryend Info: Executing hook `AtEndAfterFileList' on input line 540.
Package rerunfilecheck Info: File `outline.out' has not changed.
(rerunfilecheck)             Checksum: 34FF53B0EF35668CC5DAE9207C99C360;1222.
Package atveryend Info: Empty hook `AtVeryVeryEnd' on input line 540.
 ) 
Here is how much of TeX's memory you used:
 15828 strings out of 494404
 310474 string characters out of 6163652
 356350 words of memory out of 5000000
 18774 multiletter control sequences out of 15000+600000
 10933 words of font info for 40 fonts, out of 8000000 for 9000
 350 hyphenation exceptions out of 8191
 37i,10n,39p,10462b,893s stack positions out of 5000i,500n,10000p,200000b,80000s
</usr/share/texlive/texmf-dist/fonts/type1/public/amsfonts/cm/cmbx12.pfb></us
r/share/texlive/texmf-dist/fonts/type1/public/amsfonts/cm/cmmi12.pfb></usr/shar
e/texlive/texmf-dist/fonts/type1/public/amsfonts/cm/cmr12.pfb></usr/share/texli
ve/texmf-dist/fonts/type1/public/amsfonts/cm/cmr8.pfb></usr/share/texlive/texmf
-dist/fonts/type1/public/amsfonts/cm/cmsy10.pfb></usr/share/texlive/texmf-dist/
fonts/type1/public/amsfonts/cm/cmsy8.pfb></usr/share/texlive/texmf-dist/fonts/t
ype1/public/amsfonts/cm/cmti12.pfb></usr/share/texlive/texmf-dist/fonts/type1/p
ublic/amsfonts/cm/cmtt12.pfb>
Output written on outline.pdf (32 pages, 16434605 bytes).
PDF statistics:
 856 PDF objects out of 1000 (max. 8388607)
 726 compressed objects within 8 object streams
 163 named destinations out of 1000 (max. 500000)
 452 words of extra memory for PDF output out of 10000 (max. 10000000)

